#
# There is insufficient memory for the Java Runtime Environment to continue.
# Native memory allocation (mmap) failed to map 74448896 bytes for Failed to commit area from 0x000000008ed00000 to 0x0000000093400000 of length 74448896.
# Possible reasons:
#   The system is out of physical RAM or swap space
#   The process is running with CompressedOops enabled, and the Java Heap may be blocking the growth of the native heap
# Possible solutions:
#   Reduce memory load on the system
#   Increase physical memory or swap space
#   Check if swap backing store is full
#   Decrease Java heap size (-Xmx/-Xms)
#   Decrease number of Java threads
#   Decrease Java thread stack sizes (-Xss)
#   Set larger code cache with -XX:ReservedCodeCacheSize=
#   JVM is running with Unscaled Compressed Oops mode in which the Java heap is
#     placed in the first 4GB address space. The Java Heap base address is the
#     maximum limit for the native heap growth. Please use -XX:HeapBaseMinAddress
#     to set the Java Heap base and to place the Java Heap above 4GB virtual address.
# This output file may be truncated or incomplete.
#
#  Out of Memory Error (./src/hotspot/os/windows/os_windows.cpp:3521), pid=15216, tid=19128
#
# JRE version: OpenJDK Runtime Environment (11.0.12+7) (build 11.0.12+7-b1504.28-7817840)
# Java VM: OpenJDK 64-Bit Server VM (11.0.12+7-b1504.28-7817840, mixed mode, tiered, compressed oops, g1 gc, windows-amd64)
# No core dump will be written. Minidumps are not enabled by default on client versions of Windows
#

---------------  S U M M A R Y ------------

Command Line: --add-opens=java.base/java.util=ALL-UNNAMED --add-opens=java.base/java.lang=ALL-UNNAMED --add-opens=java.base/java.lang.invoke=ALL-UNNAMED --add-opens=java.base/java.util=ALL-UNNAMED --add-opens=java.prefs/java.util.prefs=ALL-UNNAMED --add-opens=java.prefs/java.util.prefs=ALL-UNNAMED --add-opens=java.base/java.nio.charset=ALL-UNNAMED --add-opens=java.base/java.net=ALL-UNNAMED --add-opens=java.base/java.util.concurrent.atomic=ALL-UNNAMED -Xmx2048m -Dfile.encoding=UTF-8 -Duser.country=GB -Duser.language=en -Duser.variant org.gradle.launcher.daemon.bootstrap.GradleDaemon 7.3.3

Host: Intel(R) Core(TM) i5-8265U CPU @ 1.60GHz, 8 cores, 3G,  Windows 10 , 64 bit Build 22000 (10.0.22000.708)
Time: Sat Sep  3 21:03:52 2022 SE Asia Standard Time elapsed time: 35.641902 seconds (0d 0h 0m 35s)

---------------  T H R E A D  ---------------

Current thread (0x00000215ffcc5000):  VMThread "VM Thread" [stack: 0x000000b3cb300000,0x000000b3cb400000] [id=19128]

Stack: [0x000000b3cb300000,0x000000b3cb400000]
[error occurred during error reporting (printing stack bounds), id 0xc0000005, EXCEPTION_ACCESS_VIOLATION (0xc0000005) at pc=0x00000215e8b9112d]

Native frames: (J=compiled Java code, j=interpreted, Vv=VM code, C=native code)
V  [jvm.dll+0x5fbcea]
V  [jvm.dll+0x731905]
V  [jvm.dll+0x732f1d]
V  [jvm.dll+0x733535]
V  [jvm.dll+0x7334eb]
V  [jvm.dll+0x5fb080]
V  [jvm.dll+0x5fb818]
C  [ntdll.dll+0xa8fcf]
C  [ntdll.dll+0x35e9a]
C  [ntdll.dll+0xa7fde]
C  0x00000215e8b9112d

VM_Operation (0x000000b3d25f9070): G1CollectForAllocation, mode: safepoint, requested by thread 0x0000021584be8000


---------------  P R O C E S S  ---------------

Threads class SMR info:
_java_thread_list=0x00000215892ac250, length=136, elements={
0x00000215e37ee000, 0x00000215ffcc8000, 0x00000215ffcd1000, 0x0000021580842800,
0x00000215ffcea000, 0x00000215ffcea800, 0x00000215ffceb800, 0x00000215ffcee800,
0x00000215ffcf5000, 0x0000021580986800, 0x0000021581fca800, 0x0000021581dfb000,
0x000002158215f800, 0x00000215816aa000, 0x00000215816ab000, 0x0000021582f59800,
0x0000021582f5a800, 0x0000021581905000, 0x000002158285d000, 0x0000021582d48800,
0x0000021582d45000, 0x0000021582d46000, 0x0000021582d47000, 0x0000021582d44800,
0x0000021582d47800, 0x0000021582d49000, 0x0000021582d4a000, 0x0000021582d4b000,
0x00000215844c8000, 0x00000215844c5800, 0x00000215844c3800, 0x00000215844ca000,
0x00000215844c4000, 0x00000215844c7800, 0x00000215844c5000, 0x00000215844cb800,
0x00000215844cc800, 0x00000215844cf800, 0x00000215844cd000, 0x00000215844ce800,
0x00000215844ca800, 0x00000215844d1000, 0x00000215844d2000, 0x00000215844ce000,
0x00000215844d0800, 0x0000021584a05000, 0x0000021584a02800, 0x0000021584a04800,
0x0000021584a06000, 0x0000021584a06800, 0x0000021584a08800, 0x0000021584a07800,
0x0000021584a09000, 0x0000021584a03800, 0x0000021584a0a000, 0x0000021584a10800,
0x0000021584a0e000, 0x0000021584a0f000, 0x0000021584a0c800, 0x0000021584a0f800,
0x0000021584a0b000, 0x0000021584a11800, 0x0000021584a0b800, 0x0000021584a0d800,
0x000002158492b800, 0x000002158492e000, 0x000002158492f000, 0x000002158492f800,
0x000002158492c800, 0x0000021584930800, 0x000002158492d000, 0x000002158492a800,
0x0000021584931800, 0x0000021580998800, 0x0000021580999000, 0x0000021580997800,
0x0000021580996000, 0x0000021580993800, 0x000002158099a000, 0x0000021580995000,
0x0000021580994800, 0x0000021580997000, 0x0000021585263800, 0x0000021585264000,
0x0000021585262800, 0x0000021585260000, 0x0000021585261000, 0x0000021585265000,
0x0000021585261800, 0x000002158525f800, 0x0000021585268800, 0x0000021585269000,
0x000002158526a800, 0x0000021585267800, 0x000002158526a000, 0x0000021585266000,
0x000002158526b800, 0x000002158526c800, 0x0000021585266800, 0x000002158526d000,
0x000002158526e000, 0x0000021584bee000, 0x0000021584bea800, 0x0000021584beb800,
0x0000021584bec800, 0x0000021584be8000, 0x0000021584bea000, 0x0000021584be9000,
0x0000021584bed000, 0x0000021584bf1000, 0x0000021584bf2000, 0x0000021584bf0800,
0x0000021584bf3800, 0x0000021584bf4800, 0x0000021584bf3000, 0x0000021584bee800,
0x0000021584bf5800, 0x0000021584bef800, 0x0000021584bf6000, 0x0000021584bf7000,
0x0000021583239800, 0x0000021583237000, 0x0000021583236000, 0x0000021583234800,
0x0000021583238000, 0x0000021583238800, 0x0000021583233800, 0x000002158323b000,
0x000002158323a800, 0x0000021583235800, 0x000002158323f000, 0x000002158323e800,
0x000002158323d800, 0x0000021583241000, 0x0000021583240000, 0x0000021583241800
}

Java Threads: ( => current thread )
  0x00000215e37ee000 JavaThread "main" [_thread_blocked, id=7752, stack(0x000000b3cad00000,0x000000b3cae00000)]
  0x00000215ffcc8000 JavaThread "Reference Handler" daemon [_thread_blocked, id=21992, stack(0x000000b3cb400000,0x000000b3cb500000)]
  0x00000215ffcd1000 JavaThread "Finalizer" daemon [_thread_blocked, id=22064, stack(0x000000b3cb500000,0x000000b3cb600000)]
  0x0000021580842800 JavaThread "Signal Dispatcher" daemon [_thread_blocked, id=12172, stack(0x000000b3cb600000,0x000000b3cb700000)]
  0x00000215ffcea000 JavaThread "Attach Listener" daemon [_thread_blocked, id=18860, stack(0x000000b3cb700000,0x000000b3cb800000)]
  0x00000215ffcea800 JavaThread "Service Thread" daemon [_thread_blocked, id=10104, stack(0x000000b3cb800000,0x000000b3cb900000)]
  0x00000215ffceb800 JavaThread "C2 CompilerThread0" daemon [_thread_blocked, id=18976, stack(0x000000b3cb900000,0x000000b3cba00000)]
  0x00000215ffcee800 JavaThread "C1 CompilerThread0" daemon [_thread_blocked, id=1100, stack(0x000000b3cba00000,0x000000b3cbb00000)]
  0x00000215ffcf5000 JavaThread "Sweeper thread" daemon [_thread_blocked, id=14652, stack(0x000000b3cbb00000,0x000000b3cbc00000)]
  0x0000021580986800 JavaThread "Common-Cleaner" daemon [_thread_blocked, id=14712, stack(0x000000b3cbc00000,0x000000b3cbd00000)]
  0x0000021581fca800 JavaThread "Daemon health stats" [_thread_blocked, id=10912, stack(0x000000b3cbf00000,0x000000b3cc000000)]
  0x0000021581dfb000 JavaThread "Incoming local TCP Connector on port 57482" [_thread_in_native, id=20548, stack(0x000000b3cc000000,0x000000b3cc100000)]
  0x000002158215f800 JavaThread "Daemon periodic checks" [_thread_blocked, id=20420, stack(0x000000b3cc100000,0x000000b3cc200000)]
  0x00000215816aa000 JavaThread "Daemon" [_thread_blocked, id=11612, stack(0x000000b3cc200000,0x000000b3cc300000)]
  0x00000215816ab000 JavaThread "Handler for socket connection from /127.0.0.1:57482 to /127.0.0.1:57483" [_thread_in_native, id=7748, stack(0x000000b3cc300000,0x000000b3cc400000)]
  0x0000021582f59800 JavaThread "Cancel handler" [_thread_blocked, id=15700, stack(0x000000b3cc400000,0x000000b3cc500000)]
  0x0000021582f5a800 JavaThread "Daemon worker" [_thread_blocked, id=17156, stack(0x000000b3cc500000,0x000000b3cc600000)]
  0x0000021581905000 JavaThread "Asynchronous log dispatcher for DefaultDaemonConnection: socket connection from /127.0.0.1:57482 to /127.0.0.1:57483" [_thread_blocked, id=16864, stack(0x000000b3cc600000,0x000000b3cc700000)]
  0x000002158285d000 JavaThread "Stdin handler" [_thread_blocked, id=15544, stack(0x000000b3cc700000,0x000000b3cc800000)]
  0x0000021582d48800 JavaThread "Daemon client event forwarder" [_thread_blocked, id=9492, stack(0x000000b3cc800000,0x000000b3cc900000)]
  0x0000021582d45000 JavaThread "Cache worker for journal cache (C:\Users\putra\.gradle\caches\journal-1)" [_thread_blocked, id=12300, stack(0x000000b3ccf00000,0x000000b3cd000000)]
  0x0000021582d46000 JavaThread "File lock request listener" [_thread_in_native, id=8588, stack(0x000000b3cd000000,0x000000b3cd100000)]
  0x0000021582d47000 JavaThread "Cache worker for file hash cache (C:\Users\putra\.gradle\caches\7.3.3\fileHashes)" [_thread_blocked, id=2264, stack(0x000000b3cd100000,0x000000b3cd200000)]
  0x0000021582d44800 JavaThread "Cache worker for file hash cache (E:\Hacktiv8\Assignment1\.gradle\7.3.3\fileHashes)" [_thread_blocked, id=9772, stack(0x000000b3cd300000,0x000000b3cd400000)]
  0x0000021582d47800 JavaThread "File watcher server" daemon [_thread_blocked, id=16256, stack(0x000000b3cd400000,0x000000b3cd500000)]
  0x0000021582d49000 JavaThread "File watcher consumer" daemon [_thread_blocked, id=16848, stack(0x000000b3cd500000,0x000000b3cd600000)]
  0x0000021582d4a000 JavaThread "Cache worker for checksums cache (E:\Hacktiv8\Assignment1\.gradle\7.3.3\checksums)" [_thread_blocked, id=7412, stack(0x000000b3cd600000,0x000000b3cd700000)]
  0x0000021582d4b000 JavaThread "Cache worker for cache directory md-supplier (C:\Users\putra\.gradle\caches\7.3.3\md-supplier)" [_thread_blocked, id=8564, stack(0x000000b3cd700000,0x000000b3cd800000)]
  0x00000215844c8000 JavaThread "Cache worker for cache directory md-rule (C:\Users\putra\.gradle\caches\7.3.3\md-rule)" [_thread_blocked, id=13124, stack(0x000000b3cd800000,0x000000b3cd900000)]
  0x00000215844c5800 JavaThread "Cache worker for execution history cache (C:\Users\putra\.gradle\caches\7.3.3\executionHistory)" [_thread_blocked, id=9648, stack(0x000000b3cd900000,0x000000b3cda00000)]
  0x00000215844c3800 JavaThread "jar transforms" [_thread_blocked, id=19176, stack(0x000000b3cda00000,0x000000b3cdb00000)]
  0x00000215844ca000 JavaThread "Cache worker for file content cache (C:\Users\putra\.gradle\caches\7.3.3\fileContent)" [_thread_blocked, id=6412, stack(0x000000b3cdb00000,0x000000b3cdc00000)]
  0x00000215844c4000 JavaThread "jar transforms Thread 2" [_thread_blocked, id=5036, stack(0x000000b3cdc00000,0x000000b3cdd00000)]
  0x00000215844c7800 JavaThread "Cache worker for dependencies-accessors (E:\Hacktiv8\Assignment1\.gradle\7.3.3\dependencies-accessors)" [_thread_blocked, id=580, stack(0x000000b3cdd00000,0x000000b3cde00000)]
  0x00000215844c5000 JavaThread "jar transforms Thread 3" [_thread_blocked, id=7112, stack(0x000000b3cde00000,0x000000b3cdf00000)]
  0x00000215844cb800 JavaThread "Cache worker for Build Output Cleanup Cache (E:\Hacktiv8\Assignment1\.gradle\buildOutputCleanup)" [_thread_blocked, id=13384, stack(0x000000b3cdf00000,0x000000b3ce000000)]
  0x00000215844cc800 JavaThread "Unconstrained build operations" [_thread_blocked, id=2452, stack(0x000000b3ce000000,0x000000b3ce100000)]
  0x00000215844cf800 JavaThread "Unconstrained build operations Thread 2" [_thread_blocked, id=17104, stack(0x000000b3ce100000,0x000000b3ce200000)]
  0x00000215844cd000 JavaThread "Unconstrained build operations Thread 3" [_thread_blocked, id=12692, stack(0x000000b3ce200000,0x000000b3ce300000)]
  0x00000215844ce800 JavaThread "Unconstrained build operations Thread 4" [_thread_blocked, id=12500, stack(0x000000b3ce300000,0x000000b3ce400000)]
  0x00000215844ca800 JavaThread "Unconstrained build operations Thread 5" [_thread_blocked, id=15512, stack(0x000000b3ce400000,0x000000b3ce500000)]
  0x00000215844d1000 JavaThread "Unconstrained build operations Thread 6" [_thread_blocked, id=11364, stack(0x000000b3ce500000,0x000000b3ce600000)]
  0x00000215844d2000 JavaThread "Unconstrained build operations Thread 7" [_thread_blocked, id=21296, stack(0x000000b3ce600000,0x000000b3ce700000)]
  0x00000215844ce000 JavaThread "Unconstrained build operations Thread 8" [_thread_blocked, id=8520, stack(0x000000b3ce700000,0x000000b3ce800000)]
  0x00000215844d0800 JavaThread "Unconstrained build operations Thread 9" [_thread_blocked, id=20380, stack(0x000000b3ce800000,0x000000b3ce900000)]
  0x0000021584a05000 JavaThread "Unconstrained build operations Thread 10" [_thread_blocked, id=17784, stack(0x000000b3ce900000,0x000000b3cea00000)]
  0x0000021584a02800 JavaThread "Unconstrained build operations Thread 11" [_thread_blocked, id=12056, stack(0x000000b3cea00000,0x000000b3ceb00000)]
  0x0000021584a04800 JavaThread "Unconstrained build operations Thread 12" [_thread_blocked, id=11016, stack(0x000000b3ceb00000,0x000000b3cec00000)]
  0x0000021584a06000 JavaThread "Unconstrained build operations Thread 13" [_thread_blocked, id=15820, stack(0x000000b3cec00000,0x000000b3ced00000)]
  0x0000021584a06800 JavaThread "Unconstrained build operations Thread 14" [_thread_blocked, id=18820, stack(0x000000b3ced00000,0x000000b3cee00000)]
  0x0000021584a08800 JavaThread "Unconstrained build operations Thread 15" [_thread_blocked, id=1492, stack(0x000000b3cee00000,0x000000b3cef00000)]
  0x0000021584a07800 JavaThread "Unconstrained build operations Thread 16" [_thread_blocked, id=6724, stack(0x000000b3cef00000,0x000000b3cf000000)]
  0x0000021584a09000 JavaThread "Unconstrained build operations Thread 17" [_thread_blocked, id=1044, stack(0x000000b3cf000000,0x000000b3cf100000)]
  0x0000021584a03800 JavaThread "Unconstrained build operations Thread 18" [_thread_blocked, id=20584, stack(0x000000b3cf100000,0x000000b3cf200000)]
  0x0000021584a0a000 JavaThread "Unconstrained build operations Thread 19" [_thread_blocked, id=16568, stack(0x000000b3cf200000,0x000000b3cf300000)]
  0x0000021584a10800 JavaThread "Unconstrained build operations Thread 20" [_thread_blocked, id=19828, stack(0x000000b3cf300000,0x000000b3cf400000)]
  0x0000021584a0e000 JavaThread "Unconstrained build operations Thread 21" [_thread_blocked, id=16452, stack(0x000000b3cf400000,0x000000b3cf500000)]
  0x0000021584a0f000 JavaThread "Unconstrained build operations Thread 22" [_thread_blocked, id=21748, stack(0x000000b3cf500000,0x000000b3cf600000)]
  0x0000021584a0c800 JavaThread "Unconstrained build operations Thread 23" [_thread_blocked, id=17452, stack(0x000000b3cf600000,0x000000b3cf700000)]
  0x0000021584a0f800 JavaThread "Unconstrained build operations Thread 24" [_thread_blocked, id=20304, stack(0x000000b3cf700000,0x000000b3cf800000)]
  0x0000021584a0b000 JavaThread "Unconstrained build operations Thread 25" [_thread_blocked, id=22192, stack(0x000000b3cf800000,0x000000b3cf900000)]
  0x0000021584a11800 JavaThread "Unconstrained build operations Thread 26" [_thread_blocked, id=22428, stack(0x000000b3cf900000,0x000000b3cfa00000)]
  0x0000021584a0b800 JavaThread "Unconstrained build operations Thread 27" [_thread_blocked, id=3464, stack(0x000000b3cfa00000,0x000000b3cfb00000)]
  0x0000021584a0d800 JavaThread "Unconstrained build operations Thread 28" [_thread_blocked, id=16540, stack(0x000000b3cfb00000,0x000000b3cfc00000)]
  0x000002158492b800 JavaThread "Unconstrained build operations Thread 29" [_thread_blocked, id=12828, stack(0x000000b3cfc00000,0x000000b3cfd00000)]
  0x000002158492e000 JavaThread "Unconstrained build operations Thread 30" [_thread_blocked, id=20872, stack(0x000000b3cfd00000,0x000000b3cfe00000)]
  0x000002158492f000 JavaThread "Unconstrained build operations Thread 31" [_thread_blocked, id=1352, stack(0x000000b3cfe00000,0x000000b3cff00000)]
  0x000002158492f800 JavaThread "Unconstrained build operations Thread 32" [_thread_blocked, id=21028, stack(0x000000b3cff00000,0x000000b3d0000000)]
  0x000002158492c800 JavaThread "Unconstrained build operations Thread 33" [_thread_blocked, id=9172, stack(0x000000b3d0000000,0x000000b3d0100000)]
  0x0000021584930800 JavaThread "Unconstrained build operations Thread 34" [_thread_blocked, id=16592, stack(0x000000b3d0100000,0x000000b3d0200000)]
  0x000002158492d000 JavaThread "Unconstrained build operations Thread 35" [_thread_blocked, id=20756, stack(0x000000b3d0200000,0x000000b3d0300000)]
  0x000002158492a800 JavaThread "Unconstrained build operations Thread 36" [_thread_blocked, id=18380, stack(0x000000b3d0300000,0x000000b3d0400000)]
  0x0000021584931800 JavaThread "Unconstrained build operations Thread 37" [_thread_blocked, id=15660, stack(0x000000b3d0400000,0x000000b3d0500000)]
  0x0000021580998800 JavaThread "Unconstrained build operations Thread 38" [_thread_blocked, id=3572, stack(0x000000b3d0500000,0x000000b3d0600000)]
  0x0000021580999000 JavaThread "Unconstrained build operations Thread 39" [_thread_blocked, id=21760, stack(0x000000b3d0600000,0x000000b3d0700000)]
  0x0000021580997800 JavaThread "Unconstrained build operations Thread 40" [_thread_blocked, id=19188, stack(0x000000b3d0700000,0x000000b3d0800000)]
  0x0000021580996000 JavaThread "Unconstrained build operations Thread 41" [_thread_blocked, id=8844, stack(0x000000b3d0800000,0x000000b3d0900000)]
  0x0000021580993800 JavaThread "Unconstrained build operations Thread 42" [_thread_blocked, id=17020, stack(0x000000b3d0900000,0x000000b3d0a00000)]
  0x000002158099a000 JavaThread "Unconstrained build operations Thread 43" [_thread_blocked, id=11196, stack(0x000000b3d0a00000,0x000000b3d0b00000)]
  0x0000021580995000 JavaThread "Unconstrained build operations Thread 44" [_thread_blocked, id=11888, stack(0x000000b3d0b00000,0x000000b3d0c00000)]
  0x0000021580994800 JavaThread "Unconstrained build operations Thread 45" [_thread_blocked, id=21332, stack(0x000000b3d0c00000,0x000000b3d0d00000)]
  0x0000021580997000 JavaThread "Unconstrained build operations Thread 46" [_thread_blocked, id=8532, stack(0x000000b3d0d00000,0x000000b3d0e00000)]
  0x0000021585263800 JavaThread "Unconstrained build operations Thread 47" [_thread_blocked, id=11508, stack(0x000000b3d0e00000,0x000000b3d0f00000)]
  0x0000021585264000 JavaThread "Unconstrained build operations Thread 48" [_thread_blocked, id=20600, stack(0x000000b3d0f00000,0x000000b3d1000000)]
  0x0000021585262800 JavaThread "Unconstrained build operations Thread 49" [_thread_blocked, id=14532, stack(0x000000b3d1000000,0x000000b3d1100000)]
  0x0000021585260000 JavaThread "Unconstrained build operations Thread 50" [_thread_blocked, id=21796, stack(0x000000b3d1100000,0x000000b3d1200000)]
  0x0000021585261000 JavaThread "Unconstrained build operations Thread 51" [_thread_blocked, id=8800, stack(0x000000b3d1200000,0x000000b3d1300000)]
  0x0000021585265000 JavaThread "Unconstrained build operations Thread 52" [_thread_blocked, id=1632, stack(0x000000b3d1300000,0x000000b3d1400000)]
  0x0000021585261800 JavaThread "Unconstrained build operations Thread 53" [_thread_blocked, id=17620, stack(0x000000b3d1400000,0x000000b3d1500000)]
  0x000002158525f800 JavaThread "Unconstrained build operations Thread 54" [_thread_blocked, id=15244, stack(0x000000b3d1500000,0x000000b3d1600000)]
  0x0000021585268800 JavaThread "Unconstrained build operations Thread 55" [_thread_blocked, id=14308, stack(0x000000b3d1600000,0x000000b3d1700000)]
  0x0000021585269000 JavaThread "Unconstrained build operations Thread 56" [_thread_blocked, id=3724, stack(0x000000b3d1700000,0x000000b3d1800000)]
  0x000002158526a800 JavaThread "Unconstrained build operations Thread 57" [_thread_blocked, id=11604, stack(0x000000b3d1800000,0x000000b3d1900000)]
  0x0000021585267800 JavaThread "Unconstrained build operations Thread 58" [_thread_blocked, id=19512, stack(0x000000b3d1900000,0x000000b3d1a00000)]
  0x000002158526a000 JavaThread "Unconstrained build operations Thread 59" [_thread_blocked, id=11140, stack(0x000000b3d1a00000,0x000000b3d1b00000)]
  0x0000021585266000 JavaThread "Unconstrained build operations Thread 60" [_thread_blocked, id=20640, stack(0x000000b3d1b00000,0x000000b3d1c00000)]
  0x000002158526b800 JavaThread "Unconstrained build operations Thread 61" [_thread_blocked, id=21372, stack(0x000000b3d1c00000,0x000000b3d1d00000)]
  0x000002158526c800 JavaThread "Unconstrained build operations Thread 62" [_thread_blocked, id=2308, stack(0x000000b3d1d00000,0x000000b3d1e00000)]
  0x0000021585266800 JavaThread "Unconstrained build operations Thread 63" [_thread_blocked, id=480, stack(0x000000b3d1e00000,0x000000b3d1f00000)]
  0x000002158526d000 JavaThread "Unconstrained build operations Thread 64" [_thread_blocked, id=22184, stack(0x000000b3d1f00000,0x000000b3d2000000)]
  0x000002158526e000 JavaThread "Unconstrained build operations Thread 65" [_thread_blocked, id=17600, stack(0x000000b3d2000000,0x000000b3d2100000)]
  0x0000021584bee000 JavaThread "Unconstrained build operations Thread 66" [_thread_blocked, id=20704, stack(0x000000b3d2100000,0x000000b3d2200000)]
  0x0000021584bea800 JavaThread "Unconstrained build operations Thread 67" [_thread_blocked, id=12788, stack(0x000000b3d2200000,0x000000b3d2300000)]
  0x0000021584beb800 JavaThread "Unconstrained build operations Thread 68" [_thread_blocked, id=6172, stack(0x000000b3d2300000,0x000000b3d2400000)]
  0x0000021584bec800 JavaThread "Unconstrained build operations Thread 69" [_thread_blocked, id=21260, stack(0x000000b3d2400000,0x000000b3d2500000)]
  0x0000021584be8000 JavaThread "Unconstrained build operations Thread 70" [_thread_blocked, id=8592, stack(0x000000b3d2500000,0x000000b3d2600000)]
  0x0000021584bea000 JavaThread "Unconstrained build operations Thread 71" [_thread_blocked, id=19240, stack(0x000000b3d2600000,0x000000b3d2700000)]
  0x0000021584be9000 JavaThread "Unconstrained build operations Thread 72" [_thread_blocked, id=20184, stack(0x000000b3d2700000,0x000000b3d2800000)]
  0x0000021584bed000 JavaThread "Unconstrained build operations Thread 73" [_thread_blocked, id=15964, stack(0x000000b3d2800000,0x000000b3d2900000)]
  0x0000021584bf1000 JavaThread "Unconstrained build operations Thread 74" [_thread_blocked, id=7672, stack(0x000000b3d2900000,0x000000b3d2a00000)]
  0x0000021584bf2000 JavaThread "Unconstrained build operations Thread 75" [_thread_blocked, id=17340, stack(0x000000b3d2a00000,0x000000b3d2b00000)]
  0x0000021584bf0800 JavaThread "Unconstrained build operations Thread 76" [_thread_blocked, id=9884, stack(0x000000b3d2b00000,0x000000b3d2c00000)]
  0x0000021584bf3800 JavaThread "Unconstrained build operations Thread 77" [_thread_blocked, id=7816, stack(0x000000b3d2c00000,0x000000b3d2d00000)]
  0x0000021584bf4800 JavaThread "Unconstrained build operations Thread 78" [_thread_blocked, id=20692, stack(0x000000b3d2d00000,0x000000b3d2e00000)]
  0x0000021584bf3000 JavaThread "Unconstrained build operations Thread 79" [_thread_blocked, id=11592, stack(0x000000b3d2e00000,0x000000b3d2f00000)]
  0x0000021584bee800 JavaThread "Unconstrained build operations Thread 80" [_thread_blocked, id=6372, stack(0x000000b3d2f00000,0x000000b3d3000000)]
  0x0000021584bf5800 JavaThread "jar transforms Thread 4" [_thread_blocked, id=22004, stack(0x000000b3d3000000,0x000000b3d3100000)]
  0x0000021584bef800 JavaThread "jar transforms Thread 5" [_thread_blocked, id=8656, stack(0x000000b3d3100000,0x000000b3d3200000)]
  0x0000021584bf6000 JavaThread "jar transforms Thread 6" [_thread_blocked, id=10856, stack(0x000000b3d3200000,0x000000b3d3300000)]
  0x0000021584bf7000 JavaThread "jar transforms Thread 7" [_thread_blocked, id=11388, stack(0x000000b3d3300000,0x000000b3d3400000)]
  0x0000021583239800 JavaThread "jar transforms Thread 8" [_thread_blocked, id=15832, stack(0x000000b3d3400000,0x000000b3d3500000)]
  0x0000021583237000 JavaThread "Memory manager" [_thread_blocked, id=7684, stack(0x000000b3d3500000,0x000000b3d3600000)]
  0x0000021583236000 JavaThread "build event listener" [_thread_blocked, id=20992, stack(0x000000b3d3600000,0x000000b3d3700000)]
  0x0000021583234800 JavaThread "Execution worker for ':'" [_thread_blocked, id=4544, stack(0x000000b3d3700000,0x000000b3d3800000)]
  0x0000021583238000 JavaThread "Execution worker for ':' Thread 2" [_thread_blocked, id=21172, stack(0x000000b3d3800000,0x000000b3d3900000)]
  0x0000021583238800 JavaThread "Execution worker for ':' Thread 3" [_thread_blocked, id=10456, stack(0x000000b3d3900000,0x000000b3d3a00000)]
  0x0000021583233800 JavaThread "Execution worker for ':' Thread 4" [_thread_blocked, id=14272, stack(0x000000b3d3a00000,0x000000b3d3b00000)]
  0x000002158323b000 JavaThread "Execution worker for ':' Thread 5" [_thread_blocked, id=17188, stack(0x000000b3d3b00000,0x000000b3d3c00000)]
  0x000002158323a800 JavaThread "Execution worker for ':' Thread 6" [_thread_blocked, id=10592, stack(0x000000b3d3c00000,0x000000b3d3d00000)]
  0x0000021583235800 JavaThread "Execution worker for ':' Thread 7" [_thread_blocked, id=16656, stack(0x000000b3d3d00000,0x000000b3d3e00000)]
  0x000002158323f000 JavaThread "Cache worker for execution history cache (E:\Hacktiv8\Assignment1\.gradle\7.3.3\executionHistory)" [_thread_blocked, id=16992, stack(0x000000b3d3e00000,0x000000b3d3f00000)]
  0x000002158323e800 JavaThread "WorkerExecutor Queue" [_thread_blocked, id=12760, stack(0x000000b3d3f00000,0x000000b3d4000000)]
  0x000002158323d800 JavaThread "WorkerExecutor Queue Thread 2" [_thread_in_native, id=4460, stack(0x000000b3d4000000,0x000000b3d4100000)]
  0x0000021583241000 JavaThread "pool-3-thread-1" [_thread_blocked, id=20472, stack(0x000000b3cac00000,0x000000b3cad00000)]
  0x0000021583240000 JavaThread "stderr" [_thread_in_native, id=1416, stack(0x000000b3d4100000,0x000000b3d4200000)]
  0x0000021583241800 JavaThread "stdout" [_thread_in_native, id=9332, stack(0x000000b3d4200000,0x000000b3d4300000)]

Other Threads:
=>0x00000215ffcc5000 VMThread "VM Thread" [stack: 0x000000b3cb300000,0x000000b3cb400000] [id=19128]
  0x00000215809a5000 WatcherThread [stack: 0x000000b3cbd00000,0x000000b3cbe00000] [id=10048]
  0x00000215e38c6800 GCTaskThread "GC Thread#0" [stack: 0x000000b3cae00000,0x000000b3caf00000] [id=4212]
  0x0000021581765000 GCTaskThread "GC Thread#1" [stack: 0x000000b3cbe00000,0x000000b3cbf00000] [id=12220]
  0x0000021581ace800 GCTaskThread "GC Thread#2" [stack: 0x000000b3cc900000,0x000000b3cca00000] [id=10504]
  0x0000021582944800 GCTaskThread "GC Thread#3" [stack: 0x000000b3cca00000,0x000000b3ccb00000] [id=19076]
  0x0000021581592800 GCTaskThread "GC Thread#4" [stack: 0x000000b3ccb00000,0x000000b3ccc00000] [id=13916]
  0x000002158285e000 GCTaskThread "GC Thread#5" [stack: 0x000000b3ccc00000,0x000000b3ccd00000] [id=18708]
  0x0000021582181800 GCTaskThread "GC Thread#6" [stack: 0x000000b3ccd00000,0x000000b3cce00000] [id=3548]
  0x00000215820d0000 GCTaskThread "GC Thread#7" [stack: 0x000000b3cce00000,0x000000b3ccf00000] [id=19544]
  0x00000215e38f9000 ConcurrentGCThread "G1 Main Marker" [stack: 0x000000b3caf00000,0x000000b3cb000000] [id=6512]
  0x00000215e38fb800 ConcurrentGCThread "G1 Conc#0" [stack: 0x000000b3cb000000,0x000000b3cb100000] [id=19056]
  0x00000215815b6800 ConcurrentGCThread "G1 Conc#1" [stack: 0x000000b3cd200000,0x000000b3cd300000] [id=9464]
  0x00000215e3982000 ConcurrentGCThread "G1 Refine#0" [stack: 0x000000b3cb100000,0x000000b3cb200000] [id=1484]
  0x00000215e3985000 ConcurrentGCThread "G1 Young RemSet Sampling" [stack: 0x000000b3cb200000,0x000000b3cb300000] [id=11168]

Threads with active compile tasks:
C2 CompilerThread0  35707 11549       4       com.android.tools.r8.internal.oq::a (911 bytes)
C1 CompilerThread0  35707 12208       2       com.android.tools.r8.internal.lm::n2 (81 bytes)

VM state:at safepoint (normal execution)

VM Mutex/Monitor currently owned by a thread:  ([mutex/lock_event])
[0x00000215e37ea1a0] Threads_lock - owner thread: 0x00000215ffcc5000
[0x00000215e37eba60] Heap_lock - owner thread: 0x0000021584be8000

Heap address: 0x0000000080000000, size: 2048 MB, Compressed Oops mode: 32-bit
Narrow klass base: 0x0000000000000000, Narrow klass shift: 3
Compressed class space size: 1073741824 Address: 0x0000000100000000

Heap:
 garbage-first heap   total 315392K, used 151322K [0x0000000080000000, 0x0000000100000000)
  region size 1024K, 2 young (2048K), 2 survivors (2048K)
 Metaspace       used 98876K, capacity 101369K, committed 101504K, reserved 1136640K
  class space    used 12950K, capacity 13920K, committed 13952K, reserved 1048576K
Heap Regions: E=young(eden), S=young(survivor), O=old, HS=humongous(starts), HC=humongous(continues), CS=collection set, F=free, A=archive, TAMS=top-at-mark-start (previous, next)
|   0|0x0000000080000000, 0x0000000080100000, 0x0000000080100000|100%| O|  |TAMS 0x0000000080100000, 0x0000000080000000| Untracked 
|   1|0x0000000080100000, 0x0000000080200000, 0x0000000080200000|100%| O|  |TAMS 0x0000000080200000, 0x0000000080100000| Untracked 
|   2|0x0000000080200000, 0x0000000080300000, 0x0000000080300000|100%| O|  |TAMS 0x0000000080300000, 0x0000000080200000| Untracked 
|   3|0x0000000080300000, 0x0000000080400000, 0x0000000080400000|100%|HS|  |TAMS 0x0000000080400000, 0x0000000080300000| Complete 
|   4|0x0000000080400000, 0x0000000080500000, 0x0000000080500000|100%|HC|  |TAMS 0x0000000080500000, 0x0000000080400000| Complete 
|   5|0x0000000080500000, 0x0000000080600000, 0x0000000080600000|100%|HC|  |TAMS 0x0000000080600000, 0x0000000080500000| Complete 
|   6|0x0000000080600000, 0x0000000080700000, 0x0000000080700000|100%| O|  |TAMS 0x0000000080700000, 0x0000000080600000| Untracked 
|   7|0x0000000080700000, 0x0000000080800000, 0x0000000080800000|100%| O|  |TAMS 0x0000000080800000, 0x0000000080700000| Untracked 
|   8|0x0000000080800000, 0x0000000080900000, 0x0000000080900000|100%| O|  |TAMS 0x0000000080900000, 0x0000000080800000| Untracked 
|   9|0x0000000080900000, 0x0000000080a00000, 0x0000000080a00000|100%| O|  |TAMS 0x0000000080a00000, 0x0000000080900000| Complete 
|  10|0x0000000080a00000, 0x0000000080b00000, 0x0000000080b00000|100%| O|  |TAMS 0x0000000080b00000, 0x0000000080a00000| Untracked 
|  11|0x0000000080b00000, 0x0000000080c00000, 0x0000000080c00000|100%| O|  |TAMS 0x0000000080c00000, 0x0000000080b00000| Untracked 
|  12|0x0000000080c00000, 0x0000000080d00000, 0x0000000080d00000|100%| O|  |TAMS 0x0000000080d00000, 0x0000000080c00000| Untracked 
|  13|0x0000000080d00000, 0x0000000080e00000, 0x0000000080e00000|100%| O|  |TAMS 0x0000000080e00000, 0x0000000080d00000| Untracked 
|  14|0x0000000080e00000, 0x0000000080f00000, 0x0000000080f00000|100%| O|  |TAMS 0x0000000080f00000, 0x0000000080e00000| Untracked 
|  15|0x0000000080f00000, 0x0000000081000000, 0x0000000081000000|100%| O|  |TAMS 0x0000000081000000, 0x0000000080f00000| Complete 
|  16|0x0000000081000000, 0x0000000081100000, 0x0000000081100000|100%| O|  |TAMS 0x0000000081100000, 0x0000000081000000| Untracked 
|  17|0x0000000081100000, 0x0000000081200000, 0x0000000081200000|100%| O|  |TAMS 0x0000000081200000, 0x0000000081100000| Untracked 
|  18|0x0000000081200000, 0x0000000081300000, 0x0000000081300000|100%| O|  |TAMS 0x0000000081300000, 0x0000000081200000| Complete 
|  19|0x0000000081300000, 0x0000000081400000, 0x0000000081400000|100%| O|  |TAMS 0x0000000081400000, 0x0000000081300000| Untracked 
|  20|0x0000000081400000, 0x0000000081500000, 0x0000000081500000|100%| O|  |TAMS 0x0000000081500000, 0x0000000081400000| Untracked 
|  21|0x0000000081500000, 0x0000000081600000, 0x0000000081600000|100%| O|  |TAMS 0x0000000081600000, 0x0000000081500000| Untracked 
|  22|0x0000000081600000, 0x0000000081700000, 0x0000000081700000|100%| O|  |TAMS 0x0000000081700000, 0x0000000081600000| Untracked 
|  23|0x0000000081700000, 0x0000000081800000, 0x0000000081800000|100%| O|  |TAMS 0x0000000081800000, 0x0000000081700000| Untracked 
|  24|0x0000000081800000, 0x0000000081900000, 0x0000000081900000|100%| O|  |TAMS 0x0000000081900000, 0x0000000081800000| Complete 
|  25|0x0000000081900000, 0x0000000081a00000, 0x0000000081a00000|100%| O|  |TAMS 0x0000000081a00000, 0x0000000081900000| Complete 
|  26|0x0000000081a00000, 0x0000000081b00000, 0x0000000081b00000|100%| O|  |TAMS 0x0000000081b00000, 0x0000000081a00000| Complete 
|  27|0x0000000081b00000, 0x0000000081c00000, 0x0000000081c00000|100%| O|  |TAMS 0x0000000081c00000, 0x0000000081b00000| Untracked 
|  28|0x0000000081c00000, 0x0000000081d00000, 0x0000000081d00000|100%| O|  |TAMS 0x0000000081d00000, 0x0000000081c00000| Untracked 
|  29|0x0000000081d00000, 0x0000000081e00000, 0x0000000081e00000|100%|HS|  |TAMS 0x0000000081e00000, 0x0000000081d00000| Complete 
|  30|0x0000000081e00000, 0x0000000081f00000, 0x0000000081f00000|100%|HS|  |TAMS 0x0000000081f00000, 0x0000000081e00000| Complete 
|  31|0x0000000081f00000, 0x0000000082000000, 0x0000000082000000|100%|HS|  |TAMS 0x0000000082000000, 0x0000000081f00000| Complete 
|  32|0x0000000082000000, 0x0000000082100000, 0x0000000082100000|100%|HC|  |TAMS 0x0000000082100000, 0x0000000082000000| Complete 
|  33|0x0000000082100000, 0x0000000082200000, 0x0000000082200000|100%| O|  |TAMS 0x0000000082200000, 0x0000000082100000| Untracked 
|  34|0x0000000082200000, 0x0000000082300000, 0x0000000082300000|100%| O|  |TAMS 0x0000000082300000, 0x0000000082200000| Untracked 
|  35|0x0000000082300000, 0x0000000082400000, 0x0000000082400000|100%| O|  |TAMS 0x0000000082400000, 0x0000000082300000| Untracked 
|  36|0x0000000082400000, 0x0000000082500000, 0x0000000082500000|100%| O|  |TAMS 0x0000000082500000, 0x0000000082400000| Untracked 
|  37|0x0000000082500000, 0x0000000082600000, 0x0000000082600000|100%| O|  |TAMS 0x0000000082600000, 0x0000000082500000| Complete 
|  38|0x0000000082600000, 0x0000000082700000, 0x0000000082700000|100%| O|  |TAMS 0x0000000082700000, 0x0000000082600000| Untracked 
|  39|0x0000000082700000, 0x0000000082800000, 0x0000000082800000|100%| O|  |TAMS 0x0000000082800000, 0x0000000082700000| Untracked 
|  40|0x0000000082800000, 0x0000000082900000, 0x0000000082900000|100%| O|  |TAMS 0x0000000082900000, 0x0000000082800000| Untracked 
|  41|0x0000000082900000, 0x0000000082a00000, 0x0000000082a00000|100%| O|  |TAMS 0x0000000082a00000, 0x0000000082900000| Untracked 
|  42|0x0000000082a00000, 0x0000000082b00000, 0x0000000082b00000|100%| O|  |TAMS 0x0000000082b00000, 0x0000000082a00000| Complete 
|  43|0x0000000082b00000, 0x0000000082c00000, 0x0000000082c00000|100%| O|  |TAMS 0x0000000082c00000, 0x0000000082b00000| Complete 
|  44|0x0000000082c00000, 0x0000000082d00000, 0x0000000082d00000|100%| O|  |TAMS 0x0000000082d00000, 0x0000000082c00000| Untracked 
|  45|0x0000000082d00000, 0x0000000082e00000, 0x0000000082e00000|100%| O|  |TAMS 0x0000000082e00000, 0x0000000082d00000| Untracked 
|  46|0x0000000082e00000, 0x0000000082f00000, 0x0000000082f00000|100%| O|  |TAMS 0x0000000082f00000, 0x0000000082e00000| Untracked 
|  47|0x0000000082f00000, 0x0000000083000000, 0x0000000083000000|100%| O|  |TAMS 0x0000000083000000, 0x0000000082f00000| Untracked 
|  48|0x0000000083000000, 0x0000000083100000, 0x0000000083100000|100%| O|  |TAMS 0x0000000083100000, 0x0000000083000000| Untracked 
|  49|0x0000000083100000, 0x0000000083200000, 0x0000000083200000|100%| O|  |TAMS 0x0000000083200000, 0x0000000083100000| Untracked 
|  50|0x0000000083200000, 0x0000000083300000, 0x0000000083300000|100%| O|  |TAMS 0x0000000083300000, 0x0000000083200000| Complete 
|  51|0x0000000083300000, 0x0000000083400000, 0x0000000083400000|100%| O|  |TAMS 0x0000000083400000, 0x0000000083300000| Untracked 
|  52|0x0000000083400000, 0x0000000083500000, 0x0000000083500000|100%| O|  |TAMS 0x0000000083500000, 0x0000000083400000| Complete 
|  53|0x0000000083500000, 0x0000000083600000, 0x0000000083600000|100%| O|  |TAMS 0x0000000083600000, 0x0000000083500000| Untracked 
|  54|0x0000000083600000, 0x0000000083700000, 0x0000000083700000|100%| O|  |TAMS 0x0000000083700000, 0x0000000083600000| Untracked 
|  55|0x0000000083700000, 0x0000000083800000, 0x0000000083800000|100%| O|  |TAMS 0x0000000083800000, 0x0000000083700000| Untracked 
|  56|0x0000000083800000, 0x0000000083900000, 0x0000000083900000|100%| O|  |TAMS 0x0000000083900000, 0x0000000083800000| Untracked 
|  57|0x0000000083900000, 0x0000000083a00000, 0x0000000083a00000|100%| O|  |TAMS 0x0000000083a00000, 0x0000000083900000| Untracked 
|  58|0x0000000083a00000, 0x0000000083b00000, 0x0000000083b00000|100%| O|  |TAMS 0x0000000083b00000, 0x0000000083a00000| Complete 
|  59|0x0000000083b00000, 0x0000000083c00000, 0x0000000083c00000|100%| O|  |TAMS 0x0000000083c00000, 0x0000000083b00000| Untracked 
|  60|0x0000000083c00000, 0x0000000083d00000, 0x0000000083d00000|100%| O|  |TAMS 0x0000000083d00000, 0x0000000083c00000| Complete 
|  61|0x0000000083d00000, 0x0000000083e00000, 0x0000000083e00000|100%| O|  |TAMS 0x0000000083e00000, 0x0000000083d00000| Untracked 
|  62|0x0000000083e00000, 0x0000000083f00000, 0x0000000083f00000|100%| O|  |TAMS 0x0000000083f00000, 0x0000000083e00000| Complete 
|  63|0x0000000083f00000, 0x0000000084000000, 0x0000000084000000|100%| O|  |TAMS 0x0000000084000000, 0x0000000083f00000| Untracked 
|  64|0x0000000084000000, 0x0000000084100000, 0x0000000084100000|100%| O|  |TAMS 0x0000000084100000, 0x0000000084000000| Untracked 
|  65|0x0000000084100000, 0x0000000084200000, 0x0000000084200000|100%| O|  |TAMS 0x0000000084200000, 0x0000000084100000| Untracked 
|  66|0x0000000084200000, 0x0000000084300000, 0x0000000084300000|100%| O|  |TAMS 0x0000000084300000, 0x0000000084200000| Untracked 
|  67|0x0000000084300000, 0x0000000084400000, 0x0000000084400000|100%| O|  |TAMS 0x0000000084400000, 0x0000000084300000| Untracked 
|  68|0x0000000084400000, 0x0000000084500000, 0x0000000084500000|100%| O|  |TAMS 0x0000000084500000, 0x0000000084400000| Complete 
|  69|0x0000000084500000, 0x0000000084600000, 0x0000000084600000|100%| O|  |TAMS 0x0000000084600000, 0x0000000084500000| Untracked 
|  70|0x0000000084600000, 0x0000000084700000, 0x0000000084700000|100%| O|  |TAMS 0x0000000084700000, 0x0000000084600000| Complete 
|  71|0x0000000084700000, 0x0000000084800000, 0x0000000084800000|100%| O|  |TAMS 0x0000000084800000, 0x0000000084700000| Complete 
|  72|0x0000000084800000, 0x0000000084900000, 0x0000000084900000|100%| O|  |TAMS 0x0000000084900000, 0x0000000084800000| Complete 
|  73|0x0000000084900000, 0x0000000084a00000, 0x0000000084a00000|100%| O|  |TAMS 0x0000000084a00000, 0x0000000084900000| Complete 
|  74|0x0000000084a00000, 0x0000000084b00000, 0x0000000084b00000|100%| O|  |TAMS 0x0000000084b00000, 0x0000000084a00000| Complete 
|  75|0x0000000084b00000, 0x0000000084b00000, 0x0000000084c00000|  0%| F|  |TAMS 0x0000000084b00000, 0x0000000084b00000| Untracked 
|  76|0x0000000084c00000, 0x0000000084d00000, 0x0000000084d00000|100%| O|  |TAMS 0x0000000084d00000, 0x0000000084c00000| Complete 
|  77|0x0000000084d00000, 0x0000000084e00000, 0x0000000084e00000|100%| O|  |TAMS 0x0000000084e00000, 0x0000000084d00000| Untracked 
|  78|0x0000000084e00000, 0x0000000084f00000, 0x0000000084f00000|100%| O|  |TAMS 0x0000000084f00000, 0x0000000084e00000| Untracked 
|  79|0x0000000084f00000, 0x0000000085000000, 0x0000000085000000|100%| O|  |TAMS 0x0000000085000000, 0x0000000084f00000| Untracked 
|  80|0x0000000085000000, 0x0000000085100000, 0x0000000085100000|100%| O|  |TAMS 0x0000000085100000, 0x0000000085000000| Complete 
|  81|0x0000000085100000, 0x0000000085200000, 0x0000000085200000|100%| O|  |TAMS 0x0000000085200000, 0x0000000085100000| Untracked 
|  82|0x0000000085200000, 0x0000000085300000, 0x0000000085300000|100%| O|  |TAMS 0x0000000085300000, 0x0000000085200000| Untracked 
|  83|0x0000000085300000, 0x0000000085400000, 0x0000000085400000|100%| O|  |TAMS 0x0000000085400000, 0x0000000085300000| Untracked 
|  84|0x0000000085400000, 0x0000000085500000, 0x0000000085500000|100%| O|  |TAMS 0x0000000085500000, 0x0000000085400000| Untracked 
|  85|0x0000000085500000, 0x0000000085600000, 0x0000000085600000|100%| O|  |TAMS 0x0000000085600000, 0x0000000085500000| Complete 
|  86|0x0000000085600000, 0x0000000085700000, 0x0000000085700000|100%| O|  |TAMS 0x0000000085700000, 0x0000000085600000| Complete 
|  87|0x0000000085700000, 0x0000000085800000, 0x0000000085800000|100%| O|  |TAMS 0x0000000085800000, 0x0000000085700000| Untracked 
|  88|0x0000000085800000, 0x0000000085900000, 0x0000000085900000|100%| O|  |TAMS 0x0000000085900000, 0x0000000085800000| Untracked 
|  89|0x0000000085900000, 0x0000000085a00000, 0x0000000085a00000|100%| O|  |TAMS 0x0000000085a00000, 0x0000000085900000| Complete 
|  90|0x0000000085a00000, 0x0000000085b00000, 0x0000000085b00000|100%| O|  |TAMS 0x0000000085b00000, 0x0000000085a00000| Complete 
|  91|0x0000000085b00000, 0x0000000085c00000, 0x0000000085c00000|100%| O|  |TAMS 0x0000000085c00000, 0x0000000085b00000| Untracked 
|  92|0x0000000085c00000, 0x0000000085d00000, 0x0000000085d00000|100%| O|  |TAMS 0x0000000085d00000, 0x0000000085c00000| Untracked 
|  93|0x0000000085d00000, 0x0000000085e00000, 0x0000000085e00000|100%| O|  |TAMS 0x0000000085e00000, 0x0000000085d00000| Untracked 
|  94|0x0000000085e00000, 0x0000000085f00000, 0x0000000085f00000|100%| O|  |TAMS 0x0000000085f00000, 0x0000000085e00000| Untracked 
|  95|0x0000000085f00000, 0x0000000086000000, 0x0000000086000000|100%| O|  |TAMS 0x0000000086000000, 0x0000000085f00000| Untracked 
|  96|0x0000000086000000, 0x0000000086100000, 0x0000000086100000|100%| O|  |TAMS 0x0000000086100000, 0x0000000086000000| Untracked 
|  97|0x0000000086100000, 0x0000000086200000, 0x0000000086200000|100%| O|  |TAMS 0x0000000086200000, 0x0000000086100000| Untracked 
|  98|0x0000000086200000, 0x0000000086300000, 0x0000000086300000|100%| O|  |TAMS 0x0000000086300000, 0x0000000086200000| Complete 
|  99|0x0000000086300000, 0x0000000086400000, 0x0000000086400000|100%| O|  |TAMS 0x0000000086400000, 0x0000000086300000| Complete 
| 100|0x0000000086400000, 0x0000000086500000, 0x0000000086500000|100%| O|  |TAMS 0x0000000086500000, 0x0000000086400000| Untracked 
| 101|0x0000000086500000, 0x0000000086600000, 0x0000000086600000|100%| O|  |TAMS 0x0000000086600000, 0x0000000086500000| Untracked 
| 102|0x0000000086600000, 0x0000000086700000, 0x0000000086700000|100%| O|  |TAMS 0x0000000086700000, 0x0000000086600000| Untracked 
| 103|0x0000000086700000, 0x0000000086800000, 0x0000000086800000|100%| O|  |TAMS 0x0000000086800000, 0x0000000086700000| Untracked 
| 104|0x0000000086800000, 0x0000000086900000, 0x0000000086900000|100%| O|  |TAMS 0x0000000086900000, 0x0000000086800000| Untracked 
| 105|0x0000000086900000, 0x0000000086a00000, 0x0000000086a00000|100%| O|  |TAMS 0x0000000086a00000, 0x0000000086900000| Untracked 
| 106|0x0000000086a00000, 0x0000000086b00000, 0x0000000086b00000|100%| O|  |TAMS 0x0000000086b00000, 0x0000000086a00000| Complete 
| 107|0x0000000086b00000, 0x0000000086c00000, 0x0000000086c00000|100%| O|  |TAMS 0x0000000086c00000, 0x0000000086b00000| Complete 
| 108|0x0000000086c00000, 0x0000000086d00000, 0x0000000086d00000|100%| O|  |TAMS 0x0000000086d00000, 0x0000000086c00000| Untracked 
| 109|0x0000000086d00000, 0x0000000086e00000, 0x0000000086e00000|100%| O|  |TAMS 0x0000000086e00000, 0x0000000086d00000| Untracked 
| 110|0x0000000086e00000, 0x0000000086f00000, 0x0000000086f00000|100%| O|  |TAMS 0x0000000086f00000, 0x0000000086e00000| Untracked 
| 111|0x0000000086f00000, 0x0000000087000000, 0x0000000087000000|100%| O|  |TAMS 0x0000000087000000, 0x0000000086f00000| Untracked 
| 112|0x0000000087000000, 0x0000000087100000, 0x0000000087100000|100%| O|  |TAMS 0x0000000087100000, 0x0000000087000000| Untracked 
| 113|0x0000000087100000, 0x0000000087200000, 0x0000000087200000|100%| O|  |TAMS 0x0000000087200000, 0x0000000087100000| Untracked 
| 114|0x0000000087200000, 0x0000000087300000, 0x0000000087300000|100%| O|  |TAMS 0x0000000087300000, 0x0000000087200000| Complete 
| 115|0x0000000087300000, 0x0000000087400000, 0x0000000087400000|100%| O|  |TAMS 0x0000000087400000, 0x0000000087300000| Untracked 
| 116|0x0000000087400000, 0x0000000087500000, 0x0000000087500000|100%| O|  |TAMS 0x0000000087500000, 0x0000000087400000| Untracked 
| 117|0x0000000087500000, 0x0000000087600000, 0x0000000087600000|100%| O|  |TAMS 0x0000000087600000, 0x0000000087500000| Untracked 
| 118|0x0000000087600000, 0x0000000087700000, 0x0000000087700000|100%| O|  |TAMS 0x0000000087700000, 0x0000000087600000| Untracked 
| 119|0x0000000087700000, 0x0000000087800000, 0x0000000087800000|100%| O|  |TAMS 0x0000000087800000, 0x0000000087700000| Untracked 
| 120|0x0000000087800000, 0x0000000087900000, 0x0000000087900000|100%| O|  |TAMS 0x0000000087900000, 0x0000000087800000| Complete 
| 121|0x0000000087900000, 0x0000000087a00000, 0x0000000087a00000|100%| O|  |TAMS 0x0000000087a00000, 0x0000000087900000| Untracked 
| 122|0x0000000087a00000, 0x0000000087b00000, 0x0000000087b00000|100%| O|  |TAMS 0x0000000087b00000, 0x0000000087a00000| Untracked 
| 123|0x0000000087b00000, 0x0000000087c00000, 0x0000000087c00000|100%| O|  |TAMS 0x0000000087c00000, 0x0000000087b00000| Untracked 
| 124|0x0000000087c00000, 0x0000000087d00000, 0x0000000087d00000|100%| O|  |TAMS 0x0000000087d00000, 0x0000000087c00000| Untracked 
| 125|0x0000000087d00000, 0x0000000087e00000, 0x0000000087e00000|100%| O|  |TAMS 0x0000000087e00000, 0x0000000087d00000| Untracked 
| 126|0x0000000087e00000, 0x0000000087f00000, 0x0000000087f00000|100%| O|  |TAMS 0x0000000087f00000, 0x0000000087e00000| Complete 
| 127|0x0000000087f00000, 0x0000000088000000, 0x0000000088000000|100%| O|  |TAMS 0x0000000088000000, 0x0000000087f00000| Complete 
| 128|0x0000000088000000, 0x0000000088100000, 0x0000000088100000|100%| O|  |TAMS 0x0000000088100000, 0x0000000088000000| Untracked 
| 129|0x0000000088100000, 0x0000000088200000, 0x0000000088200000|100%| O|  |TAMS 0x0000000088200000, 0x0000000088100000| Untracked 
| 130|0x0000000088200000, 0x0000000088300000, 0x0000000088300000|100%| O|  |TAMS 0x0000000088300000, 0x0000000088200000| Untracked 
| 131|0x0000000088300000, 0x0000000088400000, 0x0000000088400000|100%| O|  |TAMS 0x0000000088400000, 0x0000000088300000| Untracked 
| 132|0x0000000088400000, 0x0000000088500000, 0x0000000088500000|100%| O|  |TAMS 0x0000000088500000, 0x0000000088400000| Untracked 
| 133|0x0000000088500000, 0x0000000088600000, 0x0000000088600000|100%| O|  |TAMS 0x0000000088600000, 0x0000000088500000| Complete 
| 134|0x0000000088600000, 0x0000000088700000, 0x0000000088700000|100%| O|  |TAMS 0x0000000088698600, 0x0000000088600000| Untracked 
| 135|0x0000000088700000, 0x0000000088800000, 0x0000000088800000|100%| O|  |TAMS 0x0000000088700000, 0x0000000088700000| Untracked 
| 136|0x0000000088800000, 0x0000000088900000, 0x0000000088900000|100%| O|  |TAMS 0x0000000088800000, 0x0000000088800000| Untracked 
| 137|0x0000000088900000, 0x0000000088a00000, 0x0000000088a00000|100%| O|  |TAMS 0x0000000088900000, 0x0000000088900000| Untracked 
| 138|0x0000000088a00000, 0x0000000088b00000, 0x0000000088b00000|100%| O|  |TAMS 0x0000000088a00000, 0x0000000088a00000| Untracked 
| 139|0x0000000088b00000, 0x0000000088c00000, 0x0000000088c00000|100%| O|  |TAMS 0x0000000088b00000, 0x0000000088b00000| Untracked 
| 140|0x0000000088c00000, 0x0000000088d00000, 0x0000000088d00000|100%| O|  |TAMS 0x0000000088c00000, 0x0000000088c00000| Untracked 
| 141|0x0000000088d00000, 0x0000000088e00000, 0x0000000088e00000|100%| O|  |TAMS 0x0000000088d00000, 0x0000000088d00000| Untracked 
| 142|0x0000000088e00000, 0x0000000088f00000, 0x0000000088f00000|100%| O|  |TAMS 0x0000000088e00000, 0x0000000088e00000| Untracked 
| 143|0x0000000088f00000, 0x0000000089000000, 0x0000000089000000|100%| O|  |TAMS 0x0000000088f00000, 0x0000000088f00000| Untracked 
| 144|0x0000000089000000, 0x0000000089100000, 0x0000000089100000|100%| O|  |TAMS 0x0000000089000000, 0x0000000089000000| Untracked 
| 145|0x0000000089100000, 0x0000000089200000, 0x0000000089200000|100%| O|  |TAMS 0x0000000089100000, 0x0000000089100000| Untracked 
| 146|0x0000000089200000, 0x0000000089300000, 0x0000000089300000|100%| O|  |TAMS 0x0000000089200000, 0x0000000089200000| Untracked 
| 147|0x0000000089300000, 0x00000000893a1000, 0x0000000089400000| 62%| O|  |TAMS 0x0000000089300000, 0x0000000089300000| Untracked 
| 148|0x0000000089400000, 0x0000000089400000, 0x0000000089500000|  0%| F|  |TAMS 0x0000000089400000, 0x0000000089400000| Untracked 
| 149|0x0000000089500000, 0x0000000089500000, 0x0000000089600000|  0%| F|  |TAMS 0x0000000089500000, 0x0000000089500000| Untracked 
| 150|0x0000000089600000, 0x0000000089600000, 0x0000000089700000|  0%| F|  |TAMS 0x0000000089600000, 0x0000000089600000| Untracked 
| 151|0x0000000089700000, 0x0000000089700000, 0x0000000089800000|  0%| F|  |TAMS 0x0000000089700000, 0x0000000089700000| Untracked 
| 152|0x0000000089800000, 0x0000000089800000, 0x0000000089900000|  0%| F|  |TAMS 0x0000000089800000, 0x0000000089800000| Untracked 
| 153|0x0000000089900000, 0x0000000089900000, 0x0000000089a00000|  0%| F|  |TAMS 0x0000000089900000, 0x0000000089900000| Untracked 
| 154|0x0000000089a00000, 0x0000000089a00000, 0x0000000089b00000|  0%| F|  |TAMS 0x0000000089a00000, 0x0000000089a00000| Untracked 
| 155|0x0000000089b00000, 0x0000000089b00000, 0x0000000089c00000|  0%| F|  |TAMS 0x0000000089b00000, 0x0000000089b00000| Untracked 
| 156|0x0000000089c00000, 0x0000000089c00000, 0x0000000089d00000|  0%| F|  |TAMS 0x0000000089c00000, 0x0000000089c00000| Untracked 
| 157|0x0000000089d00000, 0x0000000089d00000, 0x0000000089e00000|  0%| F|  |TAMS 0x0000000089d00000, 0x0000000089d00000| Untracked 
| 158|0x0000000089e00000, 0x0000000089e00000, 0x0000000089f00000|  0%| F|  |TAMS 0x0000000089e00000, 0x0000000089e00000| Untracked 
| 159|0x0000000089f00000, 0x0000000089f00000, 0x000000008a000000|  0%| F|  |TAMS 0x0000000089f00000, 0x0000000089f00000| Untracked 
| 160|0x000000008a000000, 0x000000008a000000, 0x000000008a100000|  0%| F|  |TAMS 0x000000008a000000, 0x000000008a000000| Untracked 
| 161|0x000000008a100000, 0x000000008a100000, 0x000000008a200000|  0%| F|  |TAMS 0x000000008a100000, 0x000000008a100000| Untracked 
| 162|0x000000008a200000, 0x000000008a200000, 0x000000008a300000|  0%| F|  |TAMS 0x000000008a200000, 0x000000008a200000| Untracked 
| 163|0x000000008a300000, 0x000000008a300000, 0x000000008a400000|  0%| F|  |TAMS 0x000000008a300000, 0x000000008a300000| Untracked 
| 164|0x000000008a400000, 0x000000008a400000, 0x000000008a500000|  0%| F|  |TAMS 0x000000008a400000, 0x000000008a400000| Untracked 
| 165|0x000000008a500000, 0x000000008a500000, 0x000000008a600000|  0%| F|  |TAMS 0x000000008a500000, 0x000000008a500000| Untracked 
| 166|0x000000008a600000, 0x000000008a600000, 0x000000008a700000|  0%| F|  |TAMS 0x000000008a600000, 0x000000008a600000| Untracked 
| 167|0x000000008a700000, 0x000000008a700000, 0x000000008a800000|  0%| F|  |TAMS 0x000000008a700000, 0x000000008a700000| Untracked 
| 168|0x000000008a800000, 0x000000008a800000, 0x000000008a900000|  0%| F|  |TAMS 0x000000008a800000, 0x000000008a800000| Untracked 
| 169|0x000000008a900000, 0x000000008a900000, 0x000000008aa00000|  0%| F|  |TAMS 0x000000008a900000, 0x000000008a900000| Untracked 
| 170|0x000000008aa00000, 0x000000008aa00000, 0x000000008ab00000|  0%| F|  |TAMS 0x000000008aa00000, 0x000000008aa00000| Untracked 
| 171|0x000000008ab00000, 0x000000008ab00000, 0x000000008ac00000|  0%| F|  |TAMS 0x000000008ab00000, 0x000000008ab00000| Untracked 
| 172|0x000000008ac00000, 0x000000008ac00000, 0x000000008ad00000|  0%| F|  |TAMS 0x000000008ac00000, 0x000000008ac00000| Untracked 
| 173|0x000000008ad00000, 0x000000008ad00000, 0x000000008ae00000|  0%| F|  |TAMS 0x000000008ad00000, 0x000000008ad00000| Untracked 
| 174|0x000000008ae00000, 0x000000008ae00000, 0x000000008af00000|  0%| F|  |TAMS 0x000000008ae00000, 0x000000008ae00000| Untracked 
| 175|0x000000008af00000, 0x000000008af00000, 0x000000008b000000|  0%| F|  |TAMS 0x000000008af00000, 0x000000008af00000| Untracked 
| 176|0x000000008b000000, 0x000000008b000000, 0x000000008b100000|  0%| F|  |TAMS 0x000000008b000000, 0x000000008b000000| Untracked 
| 177|0x000000008b100000, 0x000000008b100000, 0x000000008b200000|  0%| F|  |TAMS 0x000000008b100000, 0x000000008b100000| Untracked 
| 178|0x000000008b200000, 0x000000008b200000, 0x000000008b300000|  0%| F|  |TAMS 0x000000008b200000, 0x000000008b200000| Untracked 
| 179|0x000000008b300000, 0x000000008b300000, 0x000000008b400000|  0%| F|  |TAMS 0x000000008b300000, 0x000000008b300000| Untracked 
| 180|0x000000008b400000, 0x000000008b400000, 0x000000008b500000|  0%| F|  |TAMS 0x000000008b400000, 0x000000008b400000| Untracked 
| 181|0x000000008b500000, 0x000000008b500000, 0x000000008b600000|  0%| F|  |TAMS 0x000000008b500000, 0x000000008b500000| Untracked 
| 182|0x000000008b600000, 0x000000008b600000, 0x000000008b700000|  0%| F|  |TAMS 0x000000008b600000, 0x000000008b600000| Untracked 
| 183|0x000000008b700000, 0x000000008b700000, 0x000000008b800000|  0%| F|  |TAMS 0x000000008b700000, 0x000000008b700000| Untracked 
| 184|0x000000008b800000, 0x000000008b800000, 0x000000008b900000|  0%| F|  |TAMS 0x000000008b800000, 0x000000008b800000| Untracked 
| 185|0x000000008b900000, 0x000000008b900000, 0x000000008ba00000|  0%| F|  |TAMS 0x000000008b900000, 0x000000008b900000| Untracked 
| 186|0x000000008ba00000, 0x000000008ba00000, 0x000000008bb00000|  0%| F|  |TAMS 0x000000008ba00000, 0x000000008ba00000| Untracked 
| 187|0x000000008bb00000, 0x000000008bb00000, 0x000000008bc00000|  0%| F|  |TAMS 0x000000008bb00000, 0x000000008bb00000| Untracked 
| 188|0x000000008bc00000, 0x000000008bc00000, 0x000000008bd00000|  0%| F|  |TAMS 0x000000008bc00000, 0x000000008bc00000| Untracked 
| 189|0x000000008bd00000, 0x000000008bd00000, 0x000000008be00000|  0%| F|  |TAMS 0x000000008bd00000, 0x000000008bd00000| Untracked 
| 190|0x000000008be00000, 0x000000008be00000, 0x000000008bf00000|  0%| F|  |TAMS 0x000000008be00000, 0x000000008be00000| Untracked 
| 191|0x000000008bf00000, 0x000000008bf00000, 0x000000008c000000|  0%| F|  |TAMS 0x000000008bf00000, 0x000000008bf00000| Untracked 
| 192|0x000000008c000000, 0x000000008c000000, 0x000000008c100000|  0%| F|  |TAMS 0x000000008c000000, 0x000000008c000000| Untracked 
| 193|0x000000008c100000, 0x000000008c100000, 0x000000008c200000|  0%| F|  |TAMS 0x000000008c100000, 0x000000008c100000| Untracked 
| 194|0x000000008c200000, 0x000000008c200000, 0x000000008c300000|  0%| F|  |TAMS 0x000000008c200000, 0x000000008c200000| Untracked 
| 195|0x000000008c300000, 0x000000008c300000, 0x000000008c400000|  0%| F|  |TAMS 0x000000008c300000, 0x000000008c300000| Untracked 
| 196|0x000000008c400000, 0x000000008c400000, 0x000000008c500000|  0%| F|  |TAMS 0x000000008c400000, 0x000000008c400000| Untracked 
| 197|0x000000008c500000, 0x000000008c500000, 0x000000008c600000|  0%| F|  |TAMS 0x000000008c500000, 0x000000008c500000| Untracked 
| 198|0x000000008c600000, 0x000000008c600000, 0x000000008c700000|  0%| F|  |TAMS 0x000000008c600000, 0x000000008c600000| Untracked 
| 199|0x000000008c700000, 0x000000008c700000, 0x000000008c800000|  0%| F|  |TAMS 0x000000008c700000, 0x000000008c700000| Untracked 
| 200|0x000000008c800000, 0x000000008c800000, 0x000000008c900000|  0%| F|  |TAMS 0x000000008c800000, 0x000000008c800000| Untracked 
| 201|0x000000008c900000, 0x000000008c900000, 0x000000008ca00000|  0%| F|  |TAMS 0x000000008c900000, 0x000000008c900000| Untracked 
| 202|0x000000008ca00000, 0x000000008ca00000, 0x000000008cb00000|  0%| F|  |TAMS 0x000000008ca00000, 0x000000008ca00000| Untracked 
| 203|0x000000008cb00000, 0x000000008cb00000, 0x000000008cc00000|  0%| F|  |TAMS 0x000000008cb00000, 0x000000008cb00000| Untracked 
| 204|0x000000008cc00000, 0x000000008cc00000, 0x000000008cd00000|  0%| F|  |TAMS 0x000000008cc00000, 0x000000008cc00000| Untracked 
| 205|0x000000008cd00000, 0x000000008cd00000, 0x000000008ce00000|  0%| F|  |TAMS 0x000000008cd00000, 0x000000008cd00000| Untracked 
| 206|0x000000008ce00000, 0x000000008ce00000, 0x000000008cf00000|  0%| F|  |TAMS 0x000000008ce00000, 0x000000008ce00000| Untracked 
| 207|0x000000008cf00000, 0x000000008cf00000, 0x000000008d000000|  0%| F|  |TAMS 0x000000008cf00000, 0x000000008cf00000| Untracked 
| 208|0x000000008d000000, 0x000000008d000000, 0x000000008d100000|  0%| F|  |TAMS 0x000000008d000000, 0x000000008d000000| Untracked 
| 209|0x000000008d100000, 0x000000008d100000, 0x000000008d200000|  0%| F|  |TAMS 0x000000008d100000, 0x000000008d100000| Untracked 
| 210|0x000000008d200000, 0x000000008d200000, 0x000000008d300000|  0%| F|  |TAMS 0x000000008d200000, 0x000000008d200000| Untracked 
| 211|0x000000008d300000, 0x000000008d300000, 0x000000008d400000|  0%| F|  |TAMS 0x000000008d300000, 0x000000008d300000| Untracked 
| 212|0x000000008d400000, 0x000000008d400000, 0x000000008d500000|  0%| F|  |TAMS 0x000000008d400000, 0x000000008d400000| Untracked 
| 213|0x000000008d500000, 0x000000008d500000, 0x000000008d600000|  0%| F|  |TAMS 0x000000008d500000, 0x000000008d500000| Untracked 
| 214|0x000000008d600000, 0x000000008d600000, 0x000000008d700000|  0%| F|  |TAMS 0x000000008d600000, 0x000000008d600000| Untracked 
| 215|0x000000008d700000, 0x000000008d700000, 0x000000008d800000|  0%| F|  |TAMS 0x000000008d700000, 0x000000008d700000| Untracked 
| 216|0x000000008d800000, 0x000000008d800000, 0x000000008d900000|  0%| F|  |TAMS 0x000000008d800000, 0x000000008d800000| Untracked 
| 217|0x000000008d900000, 0x000000008d900000, 0x000000008da00000|  0%| F|  |TAMS 0x000000008d900000, 0x000000008d900000| Untracked 
| 218|0x000000008da00000, 0x000000008da00000, 0x000000008db00000|  0%| F|  |TAMS 0x000000008da00000, 0x000000008da00000| Untracked 
| 219|0x000000008db00000, 0x000000008db00000, 0x000000008dc00000|  0%| F|  |TAMS 0x000000008db00000, 0x000000008db00000| Untracked 
| 220|0x000000008dc00000, 0x000000008dc00000, 0x000000008dd00000|  0%| F|  |TAMS 0x000000008dc00000, 0x000000008dc00000| Untracked 
| 221|0x000000008dd00000, 0x000000008dd00000, 0x000000008de00000|  0%| F|  |TAMS 0x000000008dd00000, 0x000000008dd00000| Untracked 
| 222|0x000000008de00000, 0x000000008de00000, 0x000000008df00000|  0%| F|  |TAMS 0x000000008de00000, 0x000000008de00000| Untracked 
| 223|0x000000008df00000, 0x000000008df00000, 0x000000008e000000|  0%| F|  |TAMS 0x000000008df00000, 0x000000008df00000| Untracked 
| 224|0x000000008e000000, 0x000000008e000000, 0x000000008e100000|  0%| F|  |TAMS 0x000000008e000000, 0x000000008e000000| Untracked 
| 225|0x000000008e100000, 0x000000008e100000, 0x000000008e200000|  0%| F|  |TAMS 0x000000008e100000, 0x000000008e100000| Untracked 
| 226|0x000000008e200000, 0x000000008e200000, 0x000000008e300000|  0%| F|  |TAMS 0x000000008e200000, 0x000000008e200000| Untracked 
| 227|0x000000008e300000, 0x000000008e300000, 0x000000008e400000|  0%| F|  |TAMS 0x000000008e300000, 0x000000008e300000| Untracked 
| 228|0x000000008e400000, 0x000000008e400000, 0x000000008e500000|  0%| F|  |TAMS 0x000000008e400000, 0x000000008e400000| Untracked 
| 229|0x000000008e500000, 0x000000008e500000, 0x000000008e600000|  0%| F|  |TAMS 0x000000008e500000, 0x000000008e500000| Untracked 
| 230|0x000000008e600000, 0x000000008e600000, 0x000000008e700000|  0%| F|  |TAMS 0x000000008e600000, 0x000000008e600000| Untracked 
| 231|0x000000008e700000, 0x000000008e725880, 0x000000008e800000| 14%| S|CS|TAMS 0x000000008e700000, 0x000000008e700000| Complete 
| 232|0x000000008e800000, 0x000000008e900000, 0x000000008e900000|100%| S|CS|TAMS 0x000000008e800000, 0x000000008e800000| Complete 
| 233|0x000000008e900000, 0x000000008e900000, 0x000000008ea00000|  0%| F|  |TAMS 0x000000008e900000, 0x000000008e900000| Untracked 
| 234|0x000000008ea00000, 0x000000008ea00000, 0x000000008eb00000|  0%| F|  |TAMS 0x000000008ea00000, 0x000000008ea00000| Untracked 
| 235|0x000000008eb00000, 0x000000008eb00000, 0x000000008ec00000|  0%| F|  |TAMS 0x000000008eb00000, 0x000000008eb00000| Untracked 
| 236|0x000000008ec00000, 0x000000008ec00000, 0x000000008ed00000|  0%| F|  |TAMS 0x000000008ec00000, 0x000000008ec00000| Untracked 

Card table byte_map: [0x00000215f8a00000,0x00000215f8e00000] _byte_map_base: 0x00000215f8600000

Marking Bits (Prev, Next): (CMBitMap*) 0x00000215e38f0678, (CMBitMap*) 0x00000215e38f06b0
 Prev Bits: [0x00000215f9200000, 0x00000215fb200000)
 Next Bits: [0x00000215fb200000, 0x00000215fd200000)

Polling page: 0x00000215e3990000

Metaspace:

Usage:
  Non-class:     85.40 MB capacity,    83.91 MB ( 98%) used,     1.19 MB (  1%) free+waste,   301.81 KB ( <1%) overhead. 
      Class:     13.59 MB capacity,    12.65 MB ( 93%) used,   831.32 KB (  6%) free+waste,   137.75 KB ( <1%) overhead. 
       Both:     98.99 MB capacity,    96.56 MB ( 98%) used,     2.00 MB (  2%) free+waste,   439.56 KB ( <1%) overhead. 

Virtual space:
  Non-class space:       86.00 MB reserved,      85.50 MB (>99%) committed 
      Class space:        1.00 GB reserved,      13.63 MB (  1%) committed 
             Both:        1.08 GB reserved,      99.13 MB (  9%) committed 

Chunk freelists:
   Non-Class:  39.00 KB
       Class:  0 bytes
        Both:  39.00 KB

MaxMetaspaceSize: 17179869184.00 GB
CompressedClassSpaceSize: 1.00 GB
Initial GC threshold: 20.80 MB
Current GC threshold: 162.29 MB
CDS: off

CodeHeap 'non-profiled nmethods': size=120000Kb used=4732Kb max_used=4732Kb free=115267Kb
 bounds [0x00000215f0660000, 0x00000215f0b00000, 0x00000215f7b90000]
CodeHeap 'profiled nmethods': size=120000Kb used=24259Kb max_used=24259Kb free=95740Kb
 bounds [0x00000215e9130000, 0x00000215ea8f0000, 0x00000215f0660000]
CodeHeap 'non-nmethods': size=5760Kb used=2406Kb max_used=2469Kb free=3353Kb
 bounds [0x00000215e8b90000, 0x00000215e8e00000, 0x00000215e9130000]
 total_blobs=12780 nmethods=11852 adapters=840
 compilation: enabled
              stopped_count=0, restarted_count=0
 full_count=0

Compilation events (20 events):
Event: 35.596 Thread 0x00000215ffcee800 nmethod 12193 0x00000215ea8dc510 code [0x00000215ea8dc6c0, 0x00000215ea8dc7b8]
Event: 35.596 Thread 0x00000215ffcee800 12194       2       com.android.tools.r8.internal.h4::<init> (107 bytes)
Event: 35.597 Thread 0x00000215ffcee800 nmethod 12194 0x00000215ea8dc890 code [0x00000215ea8dca80, 0x00000215ea8dd1f8]
Event: 35.597 Thread 0x00000215ffcee800 12198       2       com.android.tools.r8.internal.KF::a (13 bytes)
Event: 35.597 Thread 0x00000215ffcee800 nmethod 12198 0x00000215ea8dd390 code [0x00000215ea8dd540, 0x00000215ea8dd638]
Event: 35.597 Thread 0x00000215ffcee800 12199       2       com.android.tools.r8.internal.g8::a (355 bytes)
Event: 35.601 Thread 0x00000215ffcee800 nmethod 12199 0x00000215ea8dd710 code [0x00000215ea8dda20, 0x00000215ea8deb48]
Event: 35.601 Thread 0x00000215ffcee800 12201       2       java.util.IdentityHashMap$KeyIterator::<init> (11 bytes)
Event: 35.601 Thread 0x00000215ffcee800 nmethod 12201 0x00000215ea8df710 code [0x00000215ea8df8c0, 0x00000215ea8dfa28]
Event: 35.601 Thread 0x00000215ffcee800 12202       2       java.util.IdentityHashMap$KeySet::iterator (12 bytes)
Event: 35.603 Thread 0x00000215ffcee800 nmethod 12202 0x00000215ea8dfb10 code [0x00000215ea8dfcc0, 0x00000215ea8dfea8]
Event: 35.603 Thread 0x00000215ffcee800 12207       2       com.android.tools.r8.internal.LJ::q (7 bytes)
Event: 35.604 Thread 0x00000215ffcee800 nmethod 12207 0x00000215ea8dff90 code [0x00000215ea8e0140, 0x00000215ea8e0258]
Event: 35.604 Thread 0x00000215ffcee800 12195       2       com.android.tools.r8.internal.bq::next (5 bytes)
Event: 35.604 Thread 0x00000215ffcee800 nmethod 12195 0x00000215ea8e0310 code [0x00000215ea8e04c0, 0x00000215ea8e05c8]
Event: 35.604 Thread 0x00000215ffcee800 12197       2       com.android.tools.r8.internal.DF::a (65 bytes)
Event: 35.604 Thread 0x00000215ffcee800 nmethod 12197 0x00000215ea8e0690 code [0x00000215ea8e0840, 0x00000215ea8e09b8]
Event: 35.604 Thread 0x00000215ffcee800 12206       2       com.android.tools.r8.internal.f8::a (48 bytes)
Event: 35.604 Thread 0x00000215ffcee800 nmethod 12206 0x00000215ea8e0a90 code [0x00000215ea8e0c40, 0x00000215ea8e0d68]
Event: 35.604 Thread 0x00000215ffcee800 12208       2       com.android.tools.r8.internal.lm::n2 (81 bytes)

GC Heap History (20 events):
Event: 30.738 GC heap after
{Heap after GC invocations=50 (full 0):
 garbage-first heap   total 159744K, used 88898K [0x0000000080000000, 0x0000000100000000)
  region size 1024K, 7 young (7168K), 7 survivors (7168K)
 Metaspace       used 88566K, capacity 90842K, committed 91008K, reserved 1128448K
  class space    used 11556K, capacity 12403K, committed 12416K, reserved 1048576K
}
Event: 31.227 GC heap before
{Heap before GC invocations=51 (full 0):
 garbage-first heap   total 159744K, used 126786K [0x0000000080000000, 0x0000000100000000)
  region size 1024K, 45 young (46080K), 7 survivors (7168K)
 Metaspace       used 89923K, capacity 92066K, committed 92288K, reserved 1128448K
  class space    used 11716K, capacity 12533K, committed 12672K, reserved 1048576K
}
Event: 31.239 GC heap after
{Heap after GC invocations=52 (full 0):
 garbage-first heap   total 159744K, used 94671K [0x0000000080000000, 0x0000000100000000)
  region size 1024K, 6 young (6144K), 6 survivors (6144K)
 Metaspace       used 89923K, capacity 92066K, committed 92288K, reserved 1128448K
  class space    used 11716K, capacity 12533K, committed 12672K, reserved 1048576K
}
Event: 31.769 GC heap before
{Heap before GC invocations=52 (full 0):
 garbage-first heap   total 159744K, used 129487K [0x0000000080000000, 0x0000000100000000)
  region size 1024K, 40 young (40960K), 6 survivors (6144K)
 Metaspace       used 92173K, capacity 94401K, committed 94592K, reserved 1130496K
  class space    used 12002K, capacity 12853K, committed 12928K, reserved 1048576K
}
Event: 31.790 GC heap after
{Heap after GC invocations=53 (full 0):
 garbage-first heap   total 201728K, used 98448K [0x0000000080000000, 0x0000000100000000)
  region size 1024K, 5 young (5120K), 5 survivors (5120K)
 Metaspace       used 92173K, capacity 94401K, committed 94592K, reserved 1130496K
  class space    used 12002K, capacity 12853K, committed 12928K, reserved 1048576K
}
Event: 32.377 GC heap before
{Heap before GC invocations=54 (full 0):
 garbage-first heap   total 201728K, used 146576K [0x0000000080000000, 0x0000000100000000)
  region size 1024K, 52 young (53248K), 5 survivors (5120K)
 Metaspace       used 92858K, capacity 95089K, committed 95232K, reserved 1132544K
  class space    used 12082K, capacity 12931K, committed 13056K, reserved 1048576K
}
Event: 32.396 GC heap after
{Heap after GC invocations=55 (full 0):
 garbage-first heap   total 201728K, used 108308K [0x0000000080000000, 0x0000000100000000)
  region size 1024K, 7 young (7168K), 7 survivors (7168K)
 Metaspace       used 92858K, capacity 95089K, committed 95232K, reserved 1132544K
  class space    used 12082K, capacity 12931K, committed 13056K, reserved 1048576K
}
Event: 32.762 GC heap before
{Heap before GC invocations=55 (full 0):
 garbage-first heap   total 201728K, used 153364K [0x0000000080000000, 0x0000000100000000)
  region size 1024K, 51 young (52224K), 7 survivors (7168K)
 Metaspace       used 94033K, capacity 96357K, committed 96640K, reserved 1132544K
  class space    used 12250K, capacity 13138K, committed 13184K, reserved 1048576K
}
Event: 32.784 GC heap after
{Heap after GC invocations=56 (full 0):
 garbage-first heap   total 201728K, used 117241K [0x0000000080000000, 0x0000000100000000)
  region size 1024K, 7 young (7168K), 7 survivors (7168K)
 Metaspace       used 94033K, capacity 96357K, committed 96640K, reserved 1132544K
  class space    used 12250K, capacity 13138K, committed 13184K, reserved 1048576K
}
Event: 33.228 GC heap before
{Heap before GC invocations=57 (full 0):
 garbage-first heap   total 201728K, used 157177K [0x0000000080000000, 0x0000000100000000)
  region size 1024K, 47 young (48128K), 7 survivors (7168K)
 Metaspace       used 95086K, capacity 97343K, committed 97792K, reserved 1134592K
  class space    used 12337K, capacity 13179K, committed 13312K, reserved 1048576K
}
Event: 33.246 GC heap after
{Heap after GC invocations=58 (full 0):
 garbage-first heap   total 201728K, used 123641K [0x0000000080000000, 0x0000000100000000)
  region size 1024K, 6 young (6144K), 6 survivors (6144K)
 Metaspace       used 95086K, capacity 97343K, committed 97792K, reserved 1134592K
  class space    used 12337K, capacity 13179K, committed 13312K, reserved 1048576K
}
Event: 33.495 GC heap before
{Heap before GC invocations=58 (full 0):
 garbage-first heap   total 201728K, used 161529K [0x0000000080000000, 0x0000000100000000)
  region size 1024K, 44 young (45056K), 6 survivors (6144K)
 Metaspace       used 95561K, capacity 97904K, committed 98176K, reserved 1134592K
  class space    used 12432K, capacity 13351K, committed 13440K, reserved 1048576K
}
Event: 33.513 GC heap after
{Heap after GC invocations=59 (full 0):
 garbage-first heap   total 242688K, used 128856K [0x0000000080000000, 0x0000000100000000)
  region size 1024K, 6 young (6144K), 6 survivors (6144K)
 Metaspace       used 95561K, capacity 97904K, committed 98176K, reserved 1134592K
  class space    used 12432K, capacity 13351K, committed 13440K, reserved 1048576K
}
Event: 34.071 GC heap before
{Heap before GC invocations=60 (full 0):
 garbage-first heap   total 242688K, used 179032K [0x0000000080000000, 0x0000000100000000)
  region size 1024K, 55 young (56320K), 6 survivors (6144K)
 Metaspace       used 96068K, capacity 98388K, committed 98688K, reserved 1134592K
  class space    used 12520K, capacity 13403K, committed 13440K, reserved 1048576K
}
Event: 34.094 GC heap after
{Heap after GC invocations=61 (full 0):
 garbage-first heap   total 242688K, used 137662K [0x0000000080000000, 0x0000000100000000)
  region size 1024K, 7 young (7168K), 7 survivors (7168K)
 Metaspace       used 96068K, capacity 98388K, committed 98688K, reserved 1134592K
  class space    used 12520K, capacity 13403K, committed 13440K, reserved 1048576K
}
Event: 34.560 GC heap before
{Heap before GC invocations=61 (full 0):
 garbage-first heap   total 242688K, used 177598K [0x0000000080000000, 0x0000000100000000)
  region size 1024K, 47 young (48128K), 7 survivors (7168K)
 Metaspace       used 97059K, capacity 99398K, committed 99712K, reserved 1134592K
  class space    used 12688K, capacity 13614K, committed 13696K, reserved 1048576K
}
Event: 34.583 GC heap after
{Heap after GC invocations=62 (full 0):
 garbage-first heap   total 242688K, used 144993K [0x0000000080000000, 0x0000000100000000)
  region size 1024K, 7 young (7168K), 7 survivors (7168K)
 Metaspace       used 97059K, capacity 99398K, committed 99712K, reserved 1134592K
  class space    used 12688K, capacity 13614K, committed 13696K, reserved 1048576K
}
Event: 35.549 GC heap before
{Heap before GC invocations=63 (full 0):
 garbage-first heap   total 242688K, used 192097K [0x0000000080000000, 0x0000000100000000)
  region size 1024K, 51 young (52224K), 7 survivors (7168K)
 Metaspace       used 98796K, capacity 101238K, committed 101504K, reserved 1136640K
  class space    used 12940K, capacity 13919K, committed 13952K, reserved 1048576K
}
Event: 35.573 GC heap after
{Heap after GC invocations=64 (full 0):
 garbage-first heap   total 242688K, used 151355K [0x0000000080000000, 0x0000000100000000)
  region size 1024K, 7 young (7168K), 7 survivors (7168K)
 Metaspace       used 98796K, capacity 101238K, committed 101504K, reserved 1136640K
  class space    used 12940K, capacity 13919K, committed 13952K, reserved 1048576K
}
Event: 35.609 GC heap before
{Heap before GC invocations=64 (full 0):
 garbage-first heap   total 242688K, used 155451K [0x0000000080000000, 0x0000000100000000)
  region size 1024K, 11 young (11264K), 7 survivors (7168K)
 Metaspace       used 98876K, capacity 101369K, committed 101504K, reserved 1136640K
  class space    used 12950K, capacity 13920K, committed 13952K, reserved 1048576K
}

Deoptimization events (20 events):
Event: 33.422 Thread 0x000002158323d800 DEOPT PACKING pc=0x00000215e9f938c4 sp=0x000000b3d40fd300
Event: 33.422 Thread 0x000002158323d800 DEOPT UNPACKING pc=0x00000215e8bda95e sp=0x000000b3d40fc8a0 mode 0
Event: 33.480 Thread 0x000002158492e000 DEOPT PACKING pc=0x00000215ea04caeb sp=0x000000b3cfdf9c50
Event: 33.480 Thread 0x000002158492e000 DEOPT UNPACKING pc=0x00000215e8bda95e sp=0x000000b3cfdf9118 mode 0
Event: 33.493 Thread 0x0000021584be8000 DEOPT PACKING pc=0x00000215ea818dc7 sp=0x000000b3d25f9870
Event: 33.493 Thread 0x0000021584be8000 DEOPT UNPACKING pc=0x00000215e8bda95e sp=0x000000b3d25f8da8 mode 0
Event: 33.573 Thread 0x000002158526a000 DEOPT PACKING pc=0x00000215ea818dc7 sp=0x000000b3d1af9f10
Event: 33.573 Thread 0x000002158526a000 DEOPT UNPACKING pc=0x00000215e8bda95e sp=0x000000b3d1af9448 mode 0
Event: 33.616 Thread 0x000002158526a000 DEOPT PACKING pc=0x00000215ea818dc7 sp=0x000000b3d1af9f10
Event: 33.616 Thread 0x000002158526a000 DEOPT UNPACKING pc=0x00000215e8bda95e sp=0x000000b3d1af9448 mode 0
Event: 33.976 Thread 0x0000021585262800 Uncommon trap: trap_request=0xffffff4d fr.pc=0x00000215f0853860 relative=0x0000000000000c40
Event: 33.976 Thread 0x0000021585262800 Uncommon trap: reason=unstable_if action=reinterpret pc=0x00000215f0853860 method=java.util.HashMap.computeIfAbsent(Ljava/lang/Object;Ljava/util/function/Function;)Ljava/lang/Object; @ 145 c2
Event: 33.976 Thread 0x0000021585262800 DEOPT PACKING pc=0x00000215f0853860 sp=0x000000b3d10f9200
Event: 33.976 Thread 0x0000021585262800 DEOPT UNPACKING pc=0x00000215e8bda1af sp=0x000000b3d10f91b8 mode 2
Event: 34.850 Thread 0x000002158526a000 DEOPT PACKING pc=0x00000215ea7aa4a2 sp=0x000000b3d1af90a0
Event: 34.850 Thread 0x000002158526a000 DEOPT UNPACKING pc=0x00000215e8bda95e sp=0x000000b3d1af8558 mode 0
Event: 35.303 Thread 0x0000021585262800 DEOPT PACKING pc=0x00000215ea61d3a3 sp=0x000000b3d10f9800
Event: 35.303 Thread 0x0000021585262800 DEOPT UNPACKING pc=0x00000215e8bda95e sp=0x000000b3d10f8d20 mode 0
Event: 35.523 Thread 0x0000021585262800 DEOPT PACKING pc=0x00000215ea61d3a3 sp=0x000000b3d10f9800
Event: 35.523 Thread 0x0000021585262800 DEOPT UNPACKING pc=0x00000215e8bda95e sp=0x000000b3d10f8d20 mode 0

Classes redefined (0 events):
No events

Internal exceptions (20 events):
Event: 30.616 Thread 0x0000021584be8000 Exception <a 'sun/nio/fs/WindowsException'{0x00000000870dcb08}> (0x00000000870dcb08) thrown at [./src/hotspot/share/prims/jni.cpp, line 615]
Event: 31.030 Thread 0x000002158526a000 Exception <a 'sun/nio/fs/WindowsException'{0x00000000885db148}> (0x00000000885db148) thrown at [./src/hotspot/share/prims/jni.cpp, line 615]
Event: 31.093 Thread 0x0000021585262800 Exception <a 'sun/nio/fs/WindowsException'{0x0000000087d7ad00}> (0x0000000087d7ad00) thrown at [./src/hotspot/share/prims/jni.cpp, line 615]
Event: 31.411 Thread 0x000002158492e000 Exception <a 'java/lang/NoSuchMethodError'{0x00000000893c2c70}: 'java.lang.Object java.lang.invoke.DirectMethodHandle$Holder.invokeStaticInit(java.lang.Object, java.lang.Object, java.lang.Object, java.lang.Object, java.lang.Object, java.lang.Object, java.lang.Object, java.lang.Object, java.lang.Object, java.lang.Object, java.lang.Object, java.lang.Object, java.lang.Object, java.lang.Object, java.lang.Object, java.lang.Object, java.lang.Object, java.lang.Object, int, java.lang.Object, java.lang.Object)'> (0
Event: 31.518 Thread 0x000002158526e000 Exception <a 'java/lang/IncompatibleClassChangeError'{0x00000000890032d8}: Found class java.lang.Object, but interface was expected> (0x00000000890032d8) thrown at [./src/hotspot/share/interpreter/linkResolver.cpp, line 839]
Event: 31.518 Thread 0x000002158526a000 Exception <a 'java/lang/IncompatibleClassChangeError'{0x0000000088ee7de0}: Found class java.lang.Object, but interface was expected> (0x0000000088ee7de0) thrown at [./src/hotspot/share/interpreter/linkResolver.cpp, line 839]
Event: 31.519 Thread 0x000002158492e000 Exception <a 'java/lang/IncompatibleClassChangeError'{0x00000000890099a0}: Found class java.lang.Object, but interface was expected> (0x00000000890099a0) thrown at [./src/hotspot/share/interpreter/linkResolver.cpp, line 839]
Event: 31.656 Thread 0x0000021584be8000 Exception <a 'java/lang/NoSuchMethodError'{0x00000000889ea590}: 'java.lang.Object java.lang.invoke.DirectMethodHandle$Holder.invokeStatic(java.lang.Object, long)'> (0x00000000889ea590) thrown at [./src/hotspot/share/interpreter/linkResolver.cpp, line 773]
Event: 32.225 Thread 0x000002158323e800 Exception <a 'java/lang/NoSuchMethodError'{0x000000008a371700}: 'void java.lang.invoke.DirectMethodHandle$Holder.invokeStatic(java.lang.Object, long)'> (0x000000008a371700) thrown at [./src/hotspot/share/interpreter/linkResolver.cpp, line 773]
Event: 32.268 Thread 0x000002158323e800 Exception <a 'java/lang/NoSuchMethodError'{0x000000008a37c2e0}: 'java.lang.Object java.lang.invoke.DirectMethodHandle$Holder.invokeStaticInit(java.lang.Object, java.lang.Object, long, java.lang.Object)'> (0x000000008a37c2e0) thrown at [./src/hotspot/share/interpreter/linkResolver.cpp, line 773]
Event: 32.283 Thread 0x000002158323e800 Exception <a 'java/lang/NoSuchMethodError'{0x000000008a382520}: 'java.lang.Object java.lang.invoke.DirectMethodHandle$Holder.invokeStatic(java.lang.Object, java.lang.Object, long)'> (0x000000008a382520) thrown at [./src/hotspot/share/interpreter/linkResolver.cpp, line 773]
Event: 32.289 Thread 0x000002158323e800 Exception <a 'java/lang/NoSuchMethodError'{0x000000008a388a98}: 'java.lang.Object java.lang.invoke.Invokers$Holder.linkToTargetMethod(java.lang.Object, long, java.lang.Object)'> (0x000000008a388a98) thrown at [./src/hotspot/share/interpreter/linkResolver.cpp, line 773]
Event: 32.480 Thread 0x000002158526e000 Exception <a 'java/lang/IncompatibleClassChangeError'{0x000000008b900568}: Found class java.lang.Object, but interface was expected> (0x000000008b900568) thrown at [./src/hotspot/share/interpreter/linkResolver.cpp, line 839]
Event: 32.678 Thread 0x000002158323d800 Exception <a 'java/lang/NoSuchMethodError'{0x000000008a5071a8}: 'java.lang.Object java.lang.invoke.DirectMethodHandle$Holder.invokeVirtual(java.lang.Object, java.lang.Object, int)'> (0x000000008a5071a8) thrown at [./src/hotspot/share/interpreter/linkResolver.cpp, line 773]
Event: 33.285 Thread 0x000002158526e000 Exception <a 'java/lang/NoSuchMethodError'{0x000000008bf6afb0}: 'java.lang.Object java.lang.invoke.DirectMethodHandle$Holder.invokeStatic(java.lang.Object, int, java.lang.Object, java.lang.Object)'> (0x000000008bf6afb0) thrown at [./src/hotspot/share/interpreter/linkResolver.cpp, line 773]
Event: 34.237 Thread 0x000002158526e000 Exception <a 'java/lang/IncompatibleClassChangeError'{0x000000008e19c398}: Found class java.lang.Object, but interface was expected> (0x000000008e19c398) thrown at [./src/hotspot/share/interpreter/linkResolver.cpp, line 839]
Event: 34.239 Thread 0x000002158526e000 Exception <a 'java/lang/IncompatibleClassChangeError'{0x000000008e1dfdc0}: Found class java.lang.Object, but interface was expected> (0x000000008e1dfdc0) thrown at [./src/hotspot/share/interpreter/linkResolver.cpp, line 839]
Event: 34.469 Thread 0x000002158526e000 Exception <a 'java/lang/NoSuchMethodError'{0x000000008cec28d0}: 'void java.lang.invoke.DirectMethodHandle$Holder.invokeSpecial(java.lang.Object, java.lang.Object, int, java.lang.Object)'> (0x000000008cec28d0) thrown at [./src/hotspot/share/interpreter/linkResolver.cpp, line 773]
Event: 35.185 Thread 0x0000021584be8000 Exception <a 'java/lang/NoSuchMethodError'{0x000000008d253a28}: 'java.lang.Object java.lang.invoke.DirectMethodHandle$Holder.newInvokeSpecial(java.lang.Object, int)'> (0x000000008d253a28) thrown at [./src/hotspot/share/interpreter/linkResolver.cpp, line 773]
Event: 35.185 Thread 0x000002158492e000 Exception <a 'java/lang/NoSuchMethodError'{0x000000008d29aa48}: 'java.lang.Object java.lang.invoke.DirectMethodHandle$Holder.newInvokeSpecial(java.lang.Object, int)'> (0x000000008d29aa48) thrown at [./src/hotspot/share/interpreter/linkResolver.cpp, line 773]

Events (20 events):
Event: 35.577 loading class com/android/tools/r8/internal/dn done
Event: 35.583 loading class com/android/tools/r8/graph/U$a
Event: 35.583 loading class com/android/tools/r8/graph/U$a done
Event: 35.591 loading class com/android/tools/r8/code/B1
Event: 35.591 loading class com/android/tools/r8/code/B1 done
Event: 35.593 loading class com/android/tools/r8/internal/an
Event: 35.593 loading class com/android/tools/r8/internal/an done
Event: 35.595 loading class com/android/tools/r8/internal/aQ
Event: 35.595 loading class com/android/tools/r8/internal/aQ done
Event: 35.597 loading class com/android/tools/r8/internal/cn
Event: 35.597 loading class com/android/tools/r8/internal/cn done
Event: 35.599 loading class com/android/tools/r8/internal/hn
Event: 35.599 loading class com/android/tools/r8/internal/hn done
Event: 35.601 loading class com/android/tools/r8/code/C1
Event: 35.601 loading class com/android/tools/r8/code/C1 done
Event: 35.602 loading class com/android/tools/r8/code/D1
Event: 35.602 loading class com/android/tools/r8/code/D1 done
Event: 35.603 loading class com/android/tools/r8/internal/XD
Event: 35.603 loading class com/android/tools/r8/internal/XD done
Event: 35.604 Executing VM operation: G1CollectForAllocation


Dynamic libraries:
0x00007ff7cfbd0000 - 0x00007ff7cfbda000 	E:\Other App\Android Studio\jre\bin\java.exe
0x00007ffba6380000 - 0x00007ffba6589000 	C:\WINDOWS\SYSTEM32\ntdll.dll
0x00007ffba58d0000 - 0x00007ffba598d000 	C:\WINDOWS\System32\KERNEL32.DLL
0x00007ffba3e90000 - 0x00007ffba420d000 	C:\WINDOWS\System32\KERNELBASE.dll
0x00007ffba3c30000 - 0x00007ffba3d41000 	C:\WINDOWS\System32\ucrtbase.dll
0x00007ffb85c10000 - 0x00007ffb85c29000 	E:\Other App\Android Studio\jre\bin\jli.dll
0x00007ffb85bf0000 - 0x00007ffb85c07000 	E:\Other App\Android Studio\jre\bin\VCRUNTIME140.dll
0x00007ffba49d0000 - 0x00007ffba4b7d000 	C:\WINDOWS\System32\USER32.dll
0x00007ffba3980000 - 0x00007ffba39a6000 	C:\WINDOWS\System32\win32u.dll
0x00007ffba5bf0000 - 0x00007ffba5c19000 	C:\WINDOWS\System32\GDI32.dll
0x00007ffba3860000 - 0x00007ffba3978000 	C:\WINDOWS\System32\gdi32full.dll
0x00007ffba39b0000 - 0x00007ffba3a4d000 	C:\WINDOWS\System32\msvcp_win.dll
0x00007ffb8c0d0000 - 0x00007ffb8c375000 	C:\WINDOWS\WinSxS\amd64_microsoft.windows.common-controls_6595b64144ccf1df_6.0.22000.120_none_9d947278b86cc467\COMCTL32.dll
0x00007ffba5e40000 - 0x00007ffba5ee3000 	C:\WINDOWS\System32\msvcrt.dll
0x00007ffba50f0000 - 0x00007ffba5121000 	C:\WINDOWS\System32\IMM32.DLL
0x00007ffb7c750000 - 0x00007ffb7c7ed000 	E:\Other App\Android Studio\jre\bin\msvcp140.dll
0x00007ffb51d80000 - 0x00007ffb52865000 	E:\Other App\Android Studio\jre\bin\server\jvm.dll
0x00007ffba5d10000 - 0x00007ffba5dbe000 	C:\WINDOWS\System32\ADVAPI32.dll
0x00007ffba5830000 - 0x00007ffba58ce000 	C:\WINDOWS\System32\sechost.dll
0x00007ffba6220000 - 0x00007ffba6340000 	C:\WINDOWS\System32\RPCRT4.dll
0x00007ffba5430000 - 0x00007ffba5438000 	C:\WINDOWS\System32\PSAPI.DLL
0x00007ffb8bca0000 - 0x00007ffb8bca9000 	C:\WINDOWS\SYSTEM32\WSOCK32.dll
0x00007ffb9f930000 - 0x00007ffb9f963000 	C:\WINDOWS\SYSTEM32\WINMM.dll
0x00007ffba5440000 - 0x00007ffba54af000 	C:\WINDOWS\System32\WS2_32.dll
0x00007ffb9bd80000 - 0x00007ffb9bd8a000 	C:\WINDOWS\SYSTEM32\VERSION.dll
0x00007ffba29d0000 - 0x00007ffba29e8000 	C:\WINDOWS\SYSTEM32\kernel.appcore.dll
0x00007ffba08a0000 - 0x00007ffba08b1000 	E:\Other App\Android Studio\jre\bin\verify.dll
0x00007ffba1290000 - 0x00007ffba14b1000 	C:\WINDOWS\SYSTEM32\DBGHELP.DLL
0x00007ffb93310000 - 0x00007ffb93341000 	C:\WINDOWS\SYSTEM32\dbgcore.DLL
0x00007ffba3e10000 - 0x00007ffba3e8f000 	C:\WINDOWS\System32\bcryptPrimitives.dll
0x00007ffb90640000 - 0x00007ffb90669000 	E:\Other App\Android Studio\jre\bin\java.dll
0x00007ffba0890000 - 0x00007ffba089b000 	E:\Other App\Android Studio\jre\bin\jimage.dll
0x00007ffb91160000 - 0x00007ffb91178000 	E:\Other App\Android Studio\jre\bin\zip.dll
0x00007ffba4210000 - 0x00007ffba49c8000 	C:\WINDOWS\System32\SHELL32.dll
0x00007ffba19d0000 - 0x00007ffba2238000 	C:\WINDOWS\SYSTEM32\windows.storage.dll
0x00007ffba54b0000 - 0x00007ffba5829000 	C:\WINDOWS\System32\combase.dll
0x00007ffba1860000 - 0x00007ffba19c6000 	C:\WINDOWS\SYSTEM32\wintypes.dll
0x00007ffba60d0000 - 0x00007ffba61ba000 	C:\WINDOWS\System32\SHCORE.dll
0x00007ffba5210000 - 0x00007ffba526d000 	C:\WINDOWS\System32\shlwapi.dll
0x00007ffba3790000 - 0x00007ffba37b1000 	C:\WINDOWS\SYSTEM32\profapi.dll
0x00007ffb90f30000 - 0x00007ffb90f4a000 	E:\Other App\Android Studio\jre\bin\net.dll
0x00007ffb9d4a0000 - 0x00007ffb9d5ac000 	C:\WINDOWS\SYSTEM32\WINHTTP.dll
0x00007ffba2e80000 - 0x00007ffba2ee7000 	C:\WINDOWS\system32\mswsock.dll
0x00007ffb8ee00000 - 0x00007ffb8ee14000 	E:\Other App\Android Studio\jre\bin\nio.dll
0x00007ffb75f30000 - 0x00007ffb75f57000 	C:\Users\putra\.gradle\native\e1d6ef7f7dcc3fd88c89a11ec53ec762bb8ba0a96d01ffa2cd45eb1d1d8dd5c5\windows-amd64\native-platform.dll
0x00007ffb6ff50000 - 0x00007ffb70094000 	C:\Users\putra\.gradle\native\5664cfc778a61ccfe75a443a1ab52a65af34e5dc3c78e0209fed803814484fcb\windows-amd64\native-platform-file-events.dll
0x00007ffba0870000 - 0x00007ffba087a000 	E:\Other App\Android Studio\jre\bin\management.dll
0x00007ffb9fab0000 - 0x00007ffb9fabd000 	E:\Other App\Android Studio\jre\bin\management_ext.dll
0x00007ffba30d0000 - 0x00007ffba30e8000 	C:\WINDOWS\SYSTEM32\CRYPTSP.dll
0x00007ffba2930000 - 0x00007ffba2965000 	C:\WINDOWS\system32\rsaenh.dll
0x00007ffba2f70000 - 0x00007ffba2f99000 	C:\WINDOWS\SYSTEM32\USERENV.dll
0x00007ffba3240000 - 0x00007ffba3267000 	C:\WINDOWS\SYSTEM32\bcrypt.dll
0x00007ffba30c0000 - 0x00007ffba30cc000 	C:\WINDOWS\SYSTEM32\CRYPTBASE.dll
0x00007ffba2490000 - 0x00007ffba24bd000 	C:\WINDOWS\SYSTEM32\IPHLPAPI.DLL
0x00007ffba5990000 - 0x00007ffba5999000 	C:\WINDOWS\System32\NSI.dll
0x00007ffb9d740000 - 0x00007ffb9d759000 	C:\WINDOWS\SYSTEM32\dhcpcsvc6.DLL
0x00007ffb9d7d0000 - 0x00007ffb9d7ee000 	C:\WINDOWS\SYSTEM32\dhcpcsvc.DLL
0x00007ffba2500000 - 0x00007ffba25e8000 	C:\WINDOWS\SYSTEM32\DNSAPI.dll

dbghelp: loaded successfully - version: 4.0.5 - missing functions: none
symbol engine: initialized successfully - sym options: 0x614 - pdb path: .;E:\Other App\Android Studio\jre\bin;C:\WINDOWS\SYSTEM32;C:\WINDOWS\WinSxS\amd64_microsoft.windows.common-controls_6595b64144ccf1df_6.0.22000.120_none_9d947278b86cc467;E:\Other App\Android Studio\jre\bin\server;C:\Users\putra\.gradle\native\e1d6ef7f7dcc3fd88c89a11ec53ec762bb8ba0a96d01ffa2cd45eb1d1d8dd5c5\windows-amd64;C:\Users\putra\.gradle\native\5664cfc778a61ccfe75a443a1ab52a65af34e5dc3c78e0209fed803814484fcb\windows-amd64

VM Arguments:
jvm_args: --add-opens=java.base/java.util=ALL-UNNAMED --add-opens=java.base/java.lang=ALL-UNNAMED --add-opens=java.base/java.lang.invoke=ALL-UNNAMED --add-opens=java.base/java.util=ALL-UNNAMED --add-opens=java.prefs/java.util.prefs=ALL-UNNAMED --add-opens=java.prefs/java.util.prefs=ALL-UNNAMED --add-opens=java.base/java.nio.charset=ALL-UNNAMED --add-opens=java.base/java.net=ALL-UNNAMED --add-opens=java.base/java.util.concurrent.atomic=ALL-UNNAMED -Xmx2048m -Dfile.encoding=UTF-8 -Duser.country=GB -Duser.language=en -Duser.variant 
java_command: org.gradle.launcher.daemon.bootstrap.GradleDaemon 7.3.3
java_class_path (initial): C:\Users\putra\.gradle\wrapper\dists\gradle-7.3.3-bin\6a41zxkdtcxs8rphpq6y0069z\gradle-7.3.3\lib\gradle-launcher-7.3.3.jar
Launcher Type: SUN_STANDARD

[Global flags]
     intx CICompilerCount                          = 4                                         {product} {ergonomic}
     uint ConcGCThreads                            = 2                                         {product} {ergonomic}
     uint G1ConcRefinementThreads                  = 8                                         {product} {ergonomic}
   size_t G1HeapRegionSize                         = 1048576                                   {product} {ergonomic}
    uintx GCDrainStackTargetSize                   = 64                                        {product} {ergonomic}
   size_t InitialHeapSize                          = 65011712                                  {product} {ergonomic}
   size_t MarkStackSize                            = 4194304                                   {product} {ergonomic}
   size_t MaxHeapSize                              = 2147483648                                {product} {command line}
   size_t MaxNewSize                               = 1287651328                                {product} {ergonomic}
   size_t MinHeapDeltaBytes                        = 1048576                                   {product} {ergonomic}
    uintx NonNMethodCodeHeapSize                   = 5836300                                {pd product} {ergonomic}
    uintx NonProfiledCodeHeapSize                  = 122910970                              {pd product} {ergonomic}
    uintx ProfiledCodeHeapSize                     = 122910970                              {pd product} {ergonomic}
    uintx ReservedCodeCacheSize                    = 251658240                              {pd product} {ergonomic}
     bool SegmentedCodeCache                       = true                                      {product} {ergonomic}
     bool UseCompressedClassPointers               = true                                 {lp64_product} {ergonomic}
     bool UseCompressedOops                        = true                                 {lp64_product} {ergonomic}
     bool UseG1GC                                  = true                                      {product} {ergonomic}
     bool UseLargePagesIndividualAllocation        = false                                  {pd product} {ergonomic}

Logging:
Log output configuration:
 #0: stdout all=warning uptime,level,tags
 #1: stderr all=off uptime,level,tags

Environment Variables:
PATH=C:\Program Files\Common Files\Oracle\Java\javapath;C:\Windows\system32;C:\Windows;C:\Windows\System32\Wbem;C:\Windows\System32\WindowsPowerShell\v1.0\;C:\Windows\System32\OpenSSH\;C:\Program Files (x86)\NVIDIA Corporation\PhysX\Common;C:\Program Files\Intel\WiFi\bin\;C:\Program Files\Common Files\Intel\WirelessCommon\;C:\WINDOWS\system32;C:\WINDOWS;C:\WINDOWS\System32\Wbem;C:\WINDOWS\System32\WindowsPowerShell\v1.0\;C:\WINDOWS\System32\OpenSSH\;E:\Other App\Git\cmd;C:\Users\putra\AppData\Local\Microsoft\WindowsApps;C:\adb;C:\Users\putra\AppData\Local\Programs\Python\Python310\Scripts\;C:\Users\putra\AppData\Local\Programs\Python\Python310\;C:\Users\putra\AppData\Local\Microsoft\WindowsApps;
USERNAME=Irvan Poetra
OS=Windows_NT
PROCESSOR_IDENTIFIER=Intel64 Family 6 Model 142 Stepping 12, GenuineIntel



---------------  S Y S T E M  ---------------

OS: Windows 10 , 64 bit Build 22000 (10.0.22000.708)
OS uptime: 2 days 1:09 hours

CPU:total 8 (initial active 8) (4 cores per cpu, 2 threads per core) family 6 model 142 stepping 12 microcode 0xde, cmov, cx8, fxsr, mmx, sse, sse2, sse3, ssse3, sse4.1, sse4.2, popcnt, avx, avx2, aes, clmul, erms, 3dnowpref, lzcnt, ht, tsc, tscinvbit, bmi1, bmi2, adx, fma

Memory: 4k page, system-wide physical 3946M (31M free)
TotalPageFile size 16234M (AvailPageFile size 71M)
current process WorkingSet (physical memory assigned to process): 467M, peak: 483M
current process commit charge ("private bytes"): 612M, peak: 683M

vm_info: OpenJDK 64-Bit Server VM (11.0.12+7-b1504.28-7817840) for windows-amd64 JRE (11.0.12+7-b1504.28-7817840), built on Oct 13 2021 22:12:33 by "builder" with MS VC++ 14.0 (VS2015)

END.
