#
# There is insufficient memory for the Java Runtime Environment to continue.
# Native memory allocation (mmap) failed to map 188743680 bytes for Failed to commit area from 0x0000000090100000 to 0x000000009b500000 of length 188743680.
# Possible reasons:
#   The system is out of physical RAM or swap space
#   The process is running with CompressedOops enabled, and the Java Heap may be blocking the growth of the native heap
# Possible solutions:
#   Reduce memory load on the system
#   Increase physical memory or swap space
#   Check if swap backing store is full
#   Decrease Java heap size (-Xmx/-Xms)
#   Decrease number of Java threads
#   Decrease Java thread stack sizes (-Xss)
#   Set larger code cache with -XX:ReservedCodeCacheSize=
#   JVM is running with Unscaled Compressed Oops mode in which the Java heap is
#     placed in the first 4GB address space. The Java Heap base address is the
#     maximum limit for the native heap growth. Please use -XX:HeapBaseMinAddress
#     to set the Java Heap base and to place the Java Heap above 4GB virtual address.
# This output file may be truncated or incomplete.
#
#  Out of Memory Error (./src/hotspot/os/windows/os_windows.cpp:3521), pid=8680, tid=6836
#
# JRE version: OpenJDK Runtime Environment (11.0.12+7) (build 11.0.12+7-b1504.28-7817840)
# Java VM: OpenJDK 64-Bit Server VM (11.0.12+7-b1504.28-7817840, mixed mode, tiered, compressed oops, g1 gc, windows-amd64)
# No core dump will be written. Minidumps are not enabled by default on client versions of Windows
#

---------------  S U M M A R Y ------------

Command Line: --add-opens=java.base/java.util=ALL-UNNAMED --add-opens=java.base/java.lang=ALL-UNNAMED --add-opens=java.base/java.lang.invoke=ALL-UNNAMED --add-opens=java.base/java.util=ALL-UNNAMED --add-opens=java.prefs/java.util.prefs=ALL-UNNAMED --add-opens=java.prefs/java.util.prefs=ALL-UNNAMED --add-opens=java.base/java.nio.charset=ALL-UNNAMED --add-opens=java.base/java.net=ALL-UNNAMED --add-opens=java.base/java.util.concurrent.atomic=ALL-UNNAMED -Xmx2048m -Dfile.encoding=UTF-8 -Duser.country=GB -Duser.language=en -Duser.variant org.gradle.launcher.daemon.bootstrap.GradleDaemon 7.3.3

Host: Intel(R) Core(TM) i5-8265U CPU @ 1.60GHz, 8 cores, 3G,  Windows 10 , 64 bit Build 22000 (10.0.22000.708)
Time: Sat Sep  3 21:07:06 2022 SE Asia Standard Time elapsed time: 18.344492 seconds (0d 0h 0m 18s)

---------------  T H R E A D  ---------------

Current thread (0x0000021143fe2000):  VMThread "VM Thread" [stack: 0x0000003f1d200000,0x0000003f1d300000] [id=6836]

Stack: [0x0000003f1d200000,0x0000003f1d300000]
[error occurred during error reporting (printing stack bounds), id 0xc0000005, EXCEPTION_ACCESS_VIOLATION (0xc0000005) at pc=0x000002112d67112d]

Native frames: (J=compiled Java code, j=interpreted, Vv=VM code, C=native code)
V  [jvm.dll+0x5fbcea]
V  [jvm.dll+0x731905]
V  [jvm.dll+0x732f1d]
V  [jvm.dll+0x733535]
V  [jvm.dll+0x7334eb]
V  [jvm.dll+0x5fb080]
V  [jvm.dll+0x5fb818]
C  [ntdll.dll+0xa8fcf]
C  [ntdll.dll+0x35e9a]
C  [ntdll.dll+0xa7fde]
C  0x000002112d67112d

VM_Operation (0x0000003f236f8fe0): G1CollectForAllocation, mode: safepoint, requested by thread 0x00000211494e1800


---------------  P R O C E S S  ---------------

Threads class SMR info:
_java_thread_list=0x000002115204e510, length=136, elements={
0x0000021129b63800, 0x0000021143fe5000, 0x0000021143fee000, 0x0000021144964800,
0x0000021144967800, 0x0000021144968800, 0x000002114496e000, 0x000002114496f000,
0x0000021144003000, 0x0000021144ac6800, 0x0000021145dc9800, 0x00000211469a8800,
0x000002114608d800, 0x0000021145b3b800, 0x0000021145b3c800, 0x00000211469fc800,
0x0000021145930000, 0x00000211452e5800, 0x0000021146a9f800, 0x0000021146ce4000,
0x0000021146ce1800, 0x0000021146ce4800, 0x0000021146cdf000, 0x0000021146ce3000,
0x0000021146cdf800, 0x0000021146ce5800, 0x0000021146ce0800, 0x0000021146ce2000,
0x0000021147309800, 0x0000021147308000, 0x000002114730b000, 0x000002114730c000,
0x000002114730d800, 0x000002114730e800, 0x0000021147309000, 0x0000021147310000,
0x000002114730f800, 0x0000021147312800, 0x0000021147312000, 0x0000021147316800,
0x0000021147314000, 0x0000021147315000, 0x0000021147316000, 0x0000021147311000,
0x0000021147313800, 0x0000021148848000, 0x0000021148846800, 0x0000021148849800,
0x0000021148845800, 0x0000021148848800, 0x0000021148844000, 0x000002114884a800,
0x0000021148844800, 0x000002114884b000, 0x000002114884c000, 0x000002114884d000,
0x0000021148847000, 0x0000021148850000, 0x0000021148852800, 0x0000021148851800,
0x000002114884d800, 0x000002114884e800, 0x000002114884f000, 0x0000021148851000,
0x0000021149039800, 0x000002114903e000, 0x000002114903b800, 0x0000021149039000,
0x0000021149040000, 0x000002114903a800, 0x0000021149041000, 0x0000021149042000,
0x000002114903c000, 0x000002114903e800, 0x0000021149042800, 0x000002114903d000,
0x0000021149043800, 0x0000021149044800, 0x0000021149045000, 0x000002114903f800,
0x0000021149046000, 0x0000021149047000, 0x0000021149047800, 0x00000211494d9800,
0x00000211494da000, 0x00000211494db000, 0x00000211494dd800, 0x00000211494db800,
0x00000211494de000, 0x00000211494dc800, 0x00000211494d8800, 0x00000211494e1800,
0x00000211494e0000, 0x00000211494e3000, 0x00000211494df000, 0x00000211494e2000,
0x00000211494e0800, 0x00000211494e5800, 0x00000211494e6800, 0x00000211494e4000,
0x00000211494e7000, 0x00000211494e4800, 0x00000211494a4000, 0x00000211494a2000,
0x00000211494a3000, 0x000002114949f800, 0x00000211494a1800, 0x00000211494a0800,
0x000002114949f000, 0x000002114949e000, 0x00000211494a8800, 0x00000211494a7000,
0x00000211494a8000, 0x00000211494a5800, 0x00000211494a9800, 0x00000211494aa800,
0x00000211494a4800, 0x00000211494ac000, 0x00000211494ab000, 0x00000211494a6000,
0x00000211494ac800, 0x0000021149025800, 0x0000021149028000, 0x0000021149026800,
0x0000021149029000, 0x0000021149027800, 0x0000021149029800, 0x0000021149025000,
0x000002114902a800, 0x000002114902b800, 0x00000211469ae000, 0x00000211469b0800,
0x00000211469b1800, 0x00000211469ab800, 0x00000211469af000, 0x00000211469af800
}

Java Threads: ( => current thread )
  0x0000021129b63800 JavaThread "main" [_thread_blocked, id=16364, stack(0x0000003f1cc00000,0x0000003f1cd00000)]
  0x0000021143fe5000 JavaThread "Reference Handler" daemon [_thread_blocked, id=5872, stack(0x0000003f1d300000,0x0000003f1d400000)]
  0x0000021143fee000 JavaThread "Finalizer" daemon [_thread_blocked, id=11728, stack(0x0000003f1d400000,0x0000003f1d500000)]
  0x0000021144964800 JavaThread "Signal Dispatcher" daemon [_thread_blocked, id=6176, stack(0x0000003f1d500000,0x0000003f1d600000)]
  0x0000021144967800 JavaThread "Attach Listener" daemon [_thread_blocked, id=18972, stack(0x0000003f1d600000,0x0000003f1d700000)]
  0x0000021144968800 JavaThread "Service Thread" daemon [_thread_blocked, id=10828, stack(0x0000003f1d700000,0x0000003f1d800000)]
  0x000002114496e000 JavaThread "C2 CompilerThread0" daemon [_thread_blocked, id=19648, stack(0x0000003f1d800000,0x0000003f1d900000)]
  0x000002114496f000 JavaThread "C1 CompilerThread0" daemon [_thread_blocked, id=16572, stack(0x0000003f1d900000,0x0000003f1da00000)]
  0x0000021144003000 JavaThread "Sweeper thread" daemon [_thread_blocked, id=21484, stack(0x0000003f1da00000,0x0000003f1db00000)]
  0x0000021144ac6800 JavaThread "Common-Cleaner" daemon [_thread_blocked, id=16324, stack(0x0000003f1db00000,0x0000003f1dc00000)]
  0x0000021145dc9800 JavaThread "Daemon health stats" [_thread_blocked, id=18444, stack(0x0000003f1de00000,0x0000003f1df00000)]
  0x00000211469a8800 JavaThread "Incoming local TCP Connector on port 57594" [_thread_in_native, id=12928, stack(0x0000003f1df00000,0x0000003f1e000000)]
  0x000002114608d800 JavaThread "Daemon periodic checks" [_thread_blocked, id=21416, stack(0x0000003f1e000000,0x0000003f1e100000)]
  0x0000021145b3b800 JavaThread "Daemon" [_thread_blocked, id=16484, stack(0x0000003f1e100000,0x0000003f1e200000)]
  0x0000021145b3c800 JavaThread "Handler for socket connection from /127.0.0.1:57594 to /127.0.0.1:57595" [_thread_in_native, id=17548, stack(0x0000003f1e200000,0x0000003f1e300000)]
  0x00000211469fc800 JavaThread "Cancel handler" [_thread_blocked, id=15068, stack(0x0000003f1e300000,0x0000003f1e400000)]
  0x0000021145930000 JavaThread "Daemon worker" [_thread_blocked, id=9124, stack(0x0000003f1e400000,0x0000003f1e500000)]
  0x00000211452e5800 JavaThread "Asynchronous log dispatcher for DefaultDaemonConnection: socket connection from /127.0.0.1:57594 to /127.0.0.1:57595" [_thread_blocked, id=14124, stack(0x0000003f1e500000,0x0000003f1e600000)]
  0x0000021146a9f800 JavaThread "Stdin handler" [_thread_blocked, id=16804, stack(0x0000003f1e600000,0x0000003f1e700000)]
  0x0000021146ce4000 JavaThread "Daemon client event forwarder" [_thread_blocked, id=7308, stack(0x0000003f1e700000,0x0000003f1e800000)]
  0x0000021146ce1800 JavaThread "Cache worker for journal cache (C:\Users\putra\.gradle\caches\journal-1)" [_thread_blocked, id=2852, stack(0x0000003f1ee00000,0x0000003f1ef00000)]
  0x0000021146ce4800 JavaThread "File lock request listener" [_thread_in_native, id=10412, stack(0x0000003f1ef00000,0x0000003f1f000000)]
  0x0000021146cdf000 JavaThread "Cache worker for file hash cache (C:\Users\putra\.gradle\caches\7.3.3\fileHashes)" [_thread_blocked, id=12256, stack(0x0000003f1f000000,0x0000003f1f100000)]
  0x0000021146ce3000 JavaThread "Cache worker for file hash cache (E:\Hacktiv8\Assignment1\.gradle\7.3.3\fileHashes)" [_thread_blocked, id=16892, stack(0x0000003f1f200000,0x0000003f1f300000)]
  0x0000021146cdf800 JavaThread "File watcher server" daemon [_thread_blocked, id=21772, stack(0x0000003f1f300000,0x0000003f1f400000)]
  0x0000021146ce5800 JavaThread "File watcher consumer" daemon [_thread_blocked, id=15008, stack(0x0000003f1f400000,0x0000003f1f500000)]
  0x0000021146ce0800 JavaThread "Cache worker for checksums cache (E:\Hacktiv8\Assignment1\.gradle\7.3.3\checksums)" [_thread_blocked, id=16840, stack(0x0000003f1f500000,0x0000003f1f600000)]
  0x0000021146ce2000 JavaThread "Cache worker for cache directory md-supplier (C:\Users\putra\.gradle\caches\7.3.3\md-supplier)" [_thread_blocked, id=17740, stack(0x0000003f1f600000,0x0000003f1f700000)]
  0x0000021147309800 JavaThread "Cache worker for cache directory md-rule (C:\Users\putra\.gradle\caches\7.3.3\md-rule)" [_thread_blocked, id=12024, stack(0x0000003f1f700000,0x0000003f1f800000)]
  0x0000021147308000 JavaThread "Cache worker for execution history cache (C:\Users\putra\.gradle\caches\7.3.3\executionHistory)" [_thread_blocked, id=13548, stack(0x0000003f1f800000,0x0000003f1f900000)]
  0x000002114730b000 JavaThread "jar transforms" [_thread_blocked, id=20760, stack(0x0000003f1f900000,0x0000003f1fa00000)]
  0x000002114730c000 JavaThread "Cache worker for file content cache (C:\Users\putra\.gradle\caches\7.3.3\fileContent)" [_thread_blocked, id=15912, stack(0x0000003f1fa00000,0x0000003f1fb00000)]
  0x000002114730d800 JavaThread "jar transforms Thread 2" [_thread_blocked, id=4268, stack(0x0000003f1fb00000,0x0000003f1fc00000)]
  0x000002114730e800 JavaThread "Cache worker for dependencies-accessors (E:\Hacktiv8\Assignment1\.gradle\7.3.3\dependencies-accessors)" [_thread_blocked, id=21864, stack(0x0000003f1fc00000,0x0000003f1fd00000)]
  0x0000021147309000 JavaThread "jar transforms Thread 3" [_thread_blocked, id=2652, stack(0x0000003f1fd00000,0x0000003f1fe00000)]
  0x0000021147310000 JavaThread "Cache worker for Build Output Cleanup Cache (E:\Hacktiv8\Assignment1\.gradle\buildOutputCleanup)" [_thread_blocked, id=3300, stack(0x0000003f1fe00000,0x0000003f1ff00000)]
  0x000002114730f800 JavaThread "Unconstrained build operations" [_thread_blocked, id=20852, stack(0x0000003f1ff00000,0x0000003f20000000)]
  0x0000021147312800 JavaThread "Unconstrained build operations Thread 2" [_thread_blocked, id=176, stack(0x0000003f20000000,0x0000003f20100000)]
  0x0000021147312000 JavaThread "Unconstrained build operations Thread 3" [_thread_blocked, id=4452, stack(0x0000003f20100000,0x0000003f20200000)]
  0x0000021147316800 JavaThread "Unconstrained build operations Thread 4" [_thread_blocked, id=7856, stack(0x0000003f20200000,0x0000003f20300000)]
  0x0000021147314000 JavaThread "Unconstrained build operations Thread 5" [_thread_blocked, id=2112, stack(0x0000003f20300000,0x0000003f20400000)]
  0x0000021147315000 JavaThread "Unconstrained build operations Thread 6" [_thread_blocked, id=16444, stack(0x0000003f20400000,0x0000003f20500000)]
  0x0000021147316000 JavaThread "Unconstrained build operations Thread 7" [_thread_blocked, id=14344, stack(0x0000003f20500000,0x0000003f20600000)]
  0x0000021147311000 JavaThread "Unconstrained build operations Thread 8" [_thread_blocked, id=5156, stack(0x0000003f20600000,0x0000003f20700000)]
  0x0000021147313800 JavaThread "Unconstrained build operations Thread 9" [_thread_blocked, id=12552, stack(0x0000003f20700000,0x0000003f20800000)]
  0x0000021148848000 JavaThread "Unconstrained build operations Thread 10" [_thread_blocked, id=10584, stack(0x0000003f20800000,0x0000003f20900000)]
  0x0000021148846800 JavaThread "Unconstrained build operations Thread 11" [_thread_blocked, id=8336, stack(0x0000003f20900000,0x0000003f20a00000)]
  0x0000021148849800 JavaThread "Unconstrained build operations Thread 12" [_thread_blocked, id=14332, stack(0x0000003f20a00000,0x0000003f20b00000)]
  0x0000021148845800 JavaThread "Unconstrained build operations Thread 13" [_thread_blocked, id=19692, stack(0x0000003f20b00000,0x0000003f20c00000)]
  0x0000021148848800 JavaThread "Unconstrained build operations Thread 14" [_thread_blocked, id=6088, stack(0x0000003f20c00000,0x0000003f20d00000)]
  0x0000021148844000 JavaThread "Unconstrained build operations Thread 15" [_thread_blocked, id=940, stack(0x0000003f20d00000,0x0000003f20e00000)]
  0x000002114884a800 JavaThread "Unconstrained build operations Thread 16" [_thread_blocked, id=7820, stack(0x0000003f20e00000,0x0000003f20f00000)]
  0x0000021148844800 JavaThread "Unconstrained build operations Thread 17" [_thread_blocked, id=20824, stack(0x0000003f20f00000,0x0000003f21000000)]
  0x000002114884b000 JavaThread "Unconstrained build operations Thread 18" [_thread_blocked, id=8252, stack(0x0000003f21000000,0x0000003f21100000)]
  0x000002114884c000 JavaThread "Unconstrained build operations Thread 19" [_thread_blocked, id=8700, stack(0x0000003f21100000,0x0000003f21200000)]
  0x000002114884d000 JavaThread "Unconstrained build operations Thread 20" [_thread_blocked, id=14740, stack(0x0000003f21200000,0x0000003f21300000)]
  0x0000021148847000 JavaThread "Unconstrained build operations Thread 21" [_thread_blocked, id=22144, stack(0x0000003f21300000,0x0000003f21400000)]
  0x0000021148850000 JavaThread "Unconstrained build operations Thread 22" [_thread_blocked, id=22228, stack(0x0000003f21400000,0x0000003f21500000)]
  0x0000021148852800 JavaThread "Unconstrained build operations Thread 23" [_thread_blocked, id=15672, stack(0x0000003f21500000,0x0000003f21600000)]
  0x0000021148851800 JavaThread "Unconstrained build operations Thread 24" [_thread_blocked, id=20832, stack(0x0000003f21600000,0x0000003f21700000)]
  0x000002114884d800 JavaThread "Unconstrained build operations Thread 25" [_thread_blocked, id=20608, stack(0x0000003f21700000,0x0000003f21800000)]
  0x000002114884e800 JavaThread "Unconstrained build operations Thread 26" [_thread_blocked, id=6140, stack(0x0000003f21800000,0x0000003f21900000)]
  0x000002114884f000 JavaThread "Unconstrained build operations Thread 27" [_thread_blocked, id=8752, stack(0x0000003f21900000,0x0000003f21a00000)]
  0x0000021148851000 JavaThread "Unconstrained build operations Thread 28" [_thread_blocked, id=16940, stack(0x0000003f21a00000,0x0000003f21b00000)]
  0x0000021149039800 JavaThread "Unconstrained build operations Thread 29" [_thread_blocked, id=16684, stack(0x0000003f21b00000,0x0000003f21c00000)]
  0x000002114903e000 JavaThread "Unconstrained build operations Thread 30" [_thread_blocked, id=9744, stack(0x0000003f21c00000,0x0000003f21d00000)]
  0x000002114903b800 JavaThread "Unconstrained build operations Thread 31" [_thread_blocked, id=18288, stack(0x0000003f21d00000,0x0000003f21e00000)]
  0x0000021149039000 JavaThread "Unconstrained build operations Thread 32" [_thread_blocked, id=21628, stack(0x0000003f21e00000,0x0000003f21f00000)]
  0x0000021149040000 JavaThread "Unconstrained build operations Thread 33" [_thread_blocked, id=1048, stack(0x0000003f21f00000,0x0000003f22000000)]
  0x000002114903a800 JavaThread "Unconstrained build operations Thread 34" [_thread_blocked, id=20376, stack(0x0000003f22000000,0x0000003f22100000)]
  0x0000021149041000 JavaThread "Unconstrained build operations Thread 35" [_thread_blocked, id=13052, stack(0x0000003f22100000,0x0000003f22200000)]
  0x0000021149042000 JavaThread "Unconstrained build operations Thread 36" [_thread_blocked, id=6932, stack(0x0000003f22200000,0x0000003f22300000)]
  0x000002114903c000 JavaThread "Unconstrained build operations Thread 37" [_thread_blocked, id=16712, stack(0x0000003f22300000,0x0000003f22400000)]
  0x000002114903e800 JavaThread "Unconstrained build operations Thread 38" [_thread_blocked, id=8552, stack(0x0000003f22400000,0x0000003f22500000)]
  0x0000021149042800 JavaThread "Unconstrained build operations Thread 39" [_thread_blocked, id=6576, stack(0x0000003f22500000,0x0000003f22600000)]
  0x000002114903d000 JavaThread "Unconstrained build operations Thread 40" [_thread_blocked, id=16628, stack(0x0000003f22600000,0x0000003f22700000)]
  0x0000021149043800 JavaThread "Unconstrained build operations Thread 41" [_thread_blocked, id=20044, stack(0x0000003f22700000,0x0000003f22800000)]
  0x0000021149044800 JavaThread "Unconstrained build operations Thread 42" [_thread_blocked, id=16832, stack(0x0000003f22800000,0x0000003f22900000)]
  0x0000021149045000 JavaThread "Unconstrained build operations Thread 43" [_thread_blocked, id=17748, stack(0x0000003f22900000,0x0000003f22a00000)]
  0x000002114903f800 JavaThread "Unconstrained build operations Thread 44" [_thread_blocked, id=12492, stack(0x0000003f22a00000,0x0000003f22b00000)]
  0x0000021149046000 JavaThread "Unconstrained build operations Thread 45" [_thread_blocked, id=16148, stack(0x0000003f22b00000,0x0000003f22c00000)]
  0x0000021149047000 JavaThread "Unconstrained build operations Thread 46" [_thread_blocked, id=11360, stack(0x0000003f22c00000,0x0000003f22d00000)]
  0x0000021149047800 JavaThread "Unconstrained build operations Thread 47" [_thread_blocked, id=20296, stack(0x0000003f22d00000,0x0000003f22e00000)]
  0x00000211494d9800 JavaThread "Unconstrained build operations Thread 48" [_thread_blocked, id=9528, stack(0x0000003f22e00000,0x0000003f22f00000)]
  0x00000211494da000 JavaThread "Unconstrained build operations Thread 49" [_thread_blocked, id=18604, stack(0x0000003f22f00000,0x0000003f23000000)]
  0x00000211494db000 JavaThread "Unconstrained build operations Thread 50" [_thread_blocked, id=4928, stack(0x0000003f23000000,0x0000003f23100000)]
  0x00000211494dd800 JavaThread "Unconstrained build operations Thread 51" [_thread_blocked, id=5260, stack(0x0000003f23100000,0x0000003f23200000)]
  0x00000211494db800 JavaThread "Unconstrained build operations Thread 52" [_thread_blocked, id=11032, stack(0x0000003f23200000,0x0000003f23300000)]
  0x00000211494de000 JavaThread "Unconstrained build operations Thread 53" [_thread_blocked, id=8072, stack(0x0000003f23300000,0x0000003f23400000)]
  0x00000211494dc800 JavaThread "Unconstrained build operations Thread 54" [_thread_blocked, id=21164, stack(0x0000003f23400000,0x0000003f23500000)]
  0x00000211494d8800 JavaThread "Unconstrained build operations Thread 55" [_thread_blocked, id=15848, stack(0x0000003f23500000,0x0000003f23600000)]
  0x00000211494e1800 JavaThread "Unconstrained build operations Thread 56" [_thread_blocked, id=9964, stack(0x0000003f23600000,0x0000003f23700000)]
  0x00000211494e0000 JavaThread "Unconstrained build operations Thread 57" [_thread_blocked, id=9184, stack(0x0000003f23700000,0x0000003f23800000)]
  0x00000211494e3000 JavaThread "Unconstrained build operations Thread 58" [_thread_blocked, id=6736, stack(0x0000003f23800000,0x0000003f23900000)]
  0x00000211494df000 JavaThread "Unconstrained build operations Thread 59" [_thread_blocked, id=332, stack(0x0000003f23900000,0x0000003f23a00000)]
  0x00000211494e2000 JavaThread "Unconstrained build operations Thread 60" [_thread_blocked, id=13868, stack(0x0000003f23a00000,0x0000003f23b00000)]
  0x00000211494e0800 JavaThread "Unconstrained build operations Thread 61" [_thread_blocked, id=6180, stack(0x0000003f23b00000,0x0000003f23c00000)]
  0x00000211494e5800 JavaThread "Unconstrained build operations Thread 62" [_thread_blocked, id=15328, stack(0x0000003f23c00000,0x0000003f23d00000)]
  0x00000211494e6800 JavaThread "Unconstrained build operations Thread 63" [_thread_blocked, id=20064, stack(0x0000003f23d00000,0x0000003f23e00000)]
  0x00000211494e4000 JavaThread "Unconstrained build operations Thread 64" [_thread_blocked, id=5304, stack(0x0000003f23e00000,0x0000003f23f00000)]
  0x00000211494e7000 JavaThread "Unconstrained build operations Thread 65" [_thread_blocked, id=6920, stack(0x0000003f23f00000,0x0000003f24000000)]
  0x00000211494e4800 JavaThread "Unconstrained build operations Thread 66" [_thread_blocked, id=3792, stack(0x0000003f24000000,0x0000003f24100000)]
  0x00000211494a4000 JavaThread "Unconstrained build operations Thread 67" [_thread_blocked, id=18712, stack(0x0000003f24100000,0x0000003f24200000)]
  0x00000211494a2000 JavaThread "Unconstrained build operations Thread 68" [_thread_blocked, id=1140, stack(0x0000003f24200000,0x0000003f24300000)]
  0x00000211494a3000 JavaThread "Unconstrained build operations Thread 69" [_thread_blocked, id=21560, stack(0x0000003f24300000,0x0000003f24400000)]
  0x000002114949f800 JavaThread "Unconstrained build operations Thread 70" [_thread_blocked, id=9128, stack(0x0000003f24400000,0x0000003f24500000)]
  0x00000211494a1800 JavaThread "Unconstrained build operations Thread 71" [_thread_blocked, id=17808, stack(0x0000003f24500000,0x0000003f24600000)]
  0x00000211494a0800 JavaThread "Unconstrained build operations Thread 72" [_thread_blocked, id=22408, stack(0x0000003f24600000,0x0000003f24700000)]
  0x000002114949f000 JavaThread "Unconstrained build operations Thread 73" [_thread_blocked, id=21324, stack(0x0000003f24700000,0x0000003f24800000)]
  0x000002114949e000 JavaThread "Unconstrained build operations Thread 74" [_thread_blocked, id=18068, stack(0x0000003f24800000,0x0000003f24900000)]
  0x00000211494a8800 JavaThread "Unconstrained build operations Thread 75" [_thread_blocked, id=6752, stack(0x0000003f24900000,0x0000003f24a00000)]
  0x00000211494a7000 JavaThread "Unconstrained build operations Thread 76" [_thread_blocked, id=3956, stack(0x0000003f24a00000,0x0000003f24b00000)]
  0x00000211494a8000 JavaThread "Unconstrained build operations Thread 77" [_thread_blocked, id=10184, stack(0x0000003f24b00000,0x0000003f24c00000)]
  0x00000211494a5800 JavaThread "Unconstrained build operations Thread 78" [_thread_blocked, id=6968, stack(0x0000003f24c00000,0x0000003f24d00000)]
  0x00000211494a9800 JavaThread "Unconstrained build operations Thread 79" [_thread_blocked, id=14396, stack(0x0000003f24d00000,0x0000003f24e00000)]
  0x00000211494aa800 JavaThread "Unconstrained build operations Thread 80" [_thread_blocked, id=15172, stack(0x0000003f24e00000,0x0000003f24f00000)]
  0x00000211494a4800 JavaThread "jar transforms Thread 4" [_thread_blocked, id=2200, stack(0x0000003f24f00000,0x0000003f25000000)]
  0x00000211494ac000 JavaThread "jar transforms Thread 5" [_thread_blocked, id=1724, stack(0x0000003f25000000,0x0000003f25100000)]
  0x00000211494ab000 JavaThread "jar transforms Thread 6" [_thread_blocked, id=11928, stack(0x0000003f25100000,0x0000003f25200000)]
  0x00000211494a6000 JavaThread "jar transforms Thread 7" [_thread_blocked, id=3596, stack(0x0000003f25200000,0x0000003f25300000)]
  0x00000211494ac800 JavaThread "jar transforms Thread 8" [_thread_blocked, id=16460, stack(0x0000003f25300000,0x0000003f25400000)]
  0x0000021149025800 JavaThread "Memory manager" [_thread_blocked, id=14976, stack(0x0000003f25400000,0x0000003f25500000)]
  0x0000021149028000 JavaThread "build event listener" [_thread_blocked, id=10076, stack(0x0000003f25500000,0x0000003f25600000)]
  0x0000021149026800 JavaThread "Execution worker for ':'" [_thread_blocked, id=4220, stack(0x0000003f25600000,0x0000003f25700000)]
  0x0000021149029000 JavaThread "Execution worker for ':' Thread 2" [_thread_blocked, id=3744, stack(0x0000003f25700000,0x0000003f25800000)]
  0x0000021149027800 JavaThread "Execution worker for ':' Thread 3" [_thread_blocked, id=12364, stack(0x0000003f25800000,0x0000003f25900000)]
  0x0000021149029800 JavaThread "Execution worker for ':' Thread 4" [_thread_blocked, id=17732, stack(0x0000003f25900000,0x0000003f25a00000)]
  0x0000021149025000 JavaThread "Execution worker for ':' Thread 5" [_thread_blocked, id=19072, stack(0x0000003f25a00000,0x0000003f25b00000)]
  0x000002114902a800 JavaThread "Execution worker for ':' Thread 6" [_thread_blocked, id=10492, stack(0x0000003f25b00000,0x0000003f25c00000)]
  0x000002114902b800 JavaThread "Execution worker for ':' Thread 7" [_thread_blocked, id=18808, stack(0x0000003f25c00000,0x0000003f25d00000)]
  0x00000211469ae000 JavaThread "Cache worker for execution history cache (E:\Hacktiv8\Assignment1\.gradle\7.3.3\executionHistory)" [_thread_blocked, id=22356, stack(0x0000003f25d00000,0x0000003f25e00000)]
  0x00000211469b0800 JavaThread "WorkerExecutor Queue" [_thread_blocked, id=17536, stack(0x0000003f25e00000,0x0000003f25f00000)]
  0x00000211469b1800 JavaThread "WorkerExecutor Queue Thread 2" [_thread_in_native, id=18376, stack(0x0000003f25f00000,0x0000003f26000000)]
  0x00000211469ab800 JavaThread "pool-3-thread-1" [_thread_blocked, id=16728, stack(0x0000003f26000000,0x0000003f26100000)]
  0x00000211469af000 JavaThread "stderr" [_thread_in_native, id=19304, stack(0x0000003f26100000,0x0000003f26200000)]
  0x00000211469af800 JavaThread "stdout" [_thread_in_native, id=21496, stack(0x0000003f26200000,0x0000003f26300000)]

Other Threads:
=>0x0000021143fe2000 VMThread "VM Thread" [stack: 0x0000003f1d200000,0x0000003f1d300000] [id=6836]
  0x0000021144acb800 WatcherThread [stack: 0x0000003f1dc00000,0x0000003f1dd00000] [id=7296]
  0x0000021129b79000 GCTaskThread "GC Thread#0" [stack: 0x0000003f1cd00000,0x0000003f1ce00000] [id=11128]
  0x00000211455fd000 GCTaskThread "GC Thread#1" [stack: 0x0000003f1dd00000,0x0000003f1de00000] [id=11136]
  0x0000021146cf3000 GCTaskThread "GC Thread#2" [stack: 0x0000003f1e800000,0x0000003f1e900000] [id=14144]
  0x0000021146aa1000 GCTaskThread "GC Thread#3" [stack: 0x0000003f1e900000,0x0000003f1ea00000] [id=5648]
  0x0000021146cfe800 GCTaskThread "GC Thread#4" [stack: 0x0000003f1ea00000,0x0000003f1eb00000] [id=20656]
  0x00000211469f8000 GCTaskThread "GC Thread#5" [stack: 0x0000003f1eb00000,0x0000003f1ec00000] [id=6196]
  0x00000211469f8800 GCTaskThread "GC Thread#6" [stack: 0x0000003f1ec00000,0x0000003f1ed00000] [id=4896]
  0x0000021146a9d800 GCTaskThread "GC Thread#7" [stack: 0x0000003f1ed00000,0x0000003f1ee00000] [id=15592]
  0x0000021129ba9800 ConcurrentGCThread "G1 Main Marker" [stack: 0x0000003f1ce00000,0x0000003f1cf00000] [id=20964]
  0x0000021129bac800 ConcurrentGCThread "G1 Conc#0" [stack: 0x0000003f1cf00000,0x0000003f1d000000] [id=10144]
  0x000002114701e800 ConcurrentGCThread "G1 Conc#1" [stack: 0x0000003f1f100000,0x0000003f1f200000] [id=2228]
  0x0000021143e30800 ConcurrentGCThread "G1 Refine#0" [stack: 0x0000003f1d000000,0x0000003f1d100000] [id=19484]
  0x000002114c7f5800 ConcurrentGCThread "G1 Refine#1" [stack: 0x0000003f26300000,0x0000003f26400000] [id=16284]
  0x0000021143e31800 ConcurrentGCThread "G1 Young RemSet Sampling" [stack: 0x0000003f1d100000,0x0000003f1d200000] [id=11864]

Threads with active compile tasks:
C2 CompilerThread0  18388 11200       4       com.android.tools.r8.internal.Bt::c (177 bytes)
C1 CompilerThread0  18388 12655       2       com.android.tools.r8.internal.sJ::a (406 bytes)

VM state:at safepoint (normal execution)

VM Mutex/Monitor currently owned by a thread:  ([mutex/lock_event])
[0x0000021129b5f8d0] Threads_lock - owner thread: 0x0000021143fe2000
[0x0000021129b5f570] Heap_lock - owner thread: 0x00000211494e1800

Heap address: 0x0000000080000000, size: 2048 MB, Compressed Oops mode: 32-bit
Narrow klass base: 0x0000000000000000, Narrow klass shift: 3
Compressed class space size: 1073741824 Address: 0x0000000100000000

Heap:
 garbage-first heap   total 447488K, used 144087K [0x0000000080000000, 0x0000000100000000)
  region size 1024K, 1 young (1024K), 1 survivors (1024K)
 Metaspace       used 99916K, capacity 102498K, committed 102784K, reserved 1138688K
  class space    used 13121K, capacity 14102K, committed 14208K, reserved 1048576K
Heap Regions: E=young(eden), S=young(survivor), O=old, HS=humongous(starts), HC=humongous(continues), CS=collection set, F=free, A=archive, TAMS=top-at-mark-start (previous, next)
|   0|0x0000000080000000, 0x0000000080100000, 0x0000000080100000|100%| O|  |TAMS 0x0000000080100000, 0x0000000080000000| Untracked 
|   1|0x0000000080100000, 0x0000000080200000, 0x0000000080200000|100%| O|  |TAMS 0x0000000080200000, 0x0000000080100000| Untracked 
|   2|0x0000000080200000, 0x0000000080300000, 0x0000000080300000|100%| O|  |TAMS 0x0000000080300000, 0x0000000080200000| Untracked 
|   3|0x0000000080300000, 0x0000000080400000, 0x0000000080400000|100%|HS|  |TAMS 0x0000000080400000, 0x0000000080300000| Complete 
|   4|0x0000000080400000, 0x0000000080500000, 0x0000000080500000|100%|HC|  |TAMS 0x0000000080500000, 0x0000000080400000| Complete 
|   5|0x0000000080500000, 0x0000000080600000, 0x0000000080600000|100%|HC|  |TAMS 0x0000000080600000, 0x0000000080500000| Complete 
|   6|0x0000000080600000, 0x0000000080700000, 0x0000000080700000|100%| O|  |TAMS 0x0000000080700000, 0x0000000080600000| Untracked 
|   7|0x0000000080700000, 0x0000000080800000, 0x0000000080800000|100%| O|  |TAMS 0x0000000080800000, 0x0000000080700000| Complete 
|   8|0x0000000080800000, 0x0000000080900000, 0x0000000080900000|100%| O|  |TAMS 0x0000000080900000, 0x0000000080800000| Untracked 
|   9|0x0000000080900000, 0x0000000080a00000, 0x0000000080a00000|100%| O|  |TAMS 0x0000000080a00000, 0x0000000080900000| Untracked 
|  10|0x0000000080a00000, 0x0000000080b00000, 0x0000000080b00000|100%| O|  |TAMS 0x0000000080b00000, 0x0000000080a00000| Untracked 
|  11|0x0000000080b00000, 0x0000000080c00000, 0x0000000080c00000|100%| O|  |TAMS 0x0000000080c00000, 0x0000000080b00000| Untracked 
|  12|0x0000000080c00000, 0x0000000080d00000, 0x0000000080d00000|100%| O|  |TAMS 0x0000000080d00000, 0x0000000080c00000| Complete 
|  13|0x0000000080d00000, 0x0000000080e00000, 0x0000000080e00000|100%| O|  |TAMS 0x0000000080e00000, 0x0000000080d00000| Untracked 
|  14|0x0000000080e00000, 0x0000000080f00000, 0x0000000080f00000|100%| O|  |TAMS 0x0000000080f00000, 0x0000000080e00000| Untracked 
|  15|0x0000000080f00000, 0x0000000081000000, 0x0000000081000000|100%| O|  |TAMS 0x0000000081000000, 0x0000000080f00000| Untracked 
|  16|0x0000000081000000, 0x0000000081100000, 0x0000000081100000|100%| O|  |TAMS 0x0000000081100000, 0x0000000081000000| Untracked 
|  17|0x0000000081100000, 0x0000000081200000, 0x0000000081200000|100%| O|  |TAMS 0x0000000081200000, 0x0000000081100000| Untracked 
|  18|0x0000000081200000, 0x0000000081300000, 0x0000000081300000|100%| O|  |TAMS 0x0000000081300000, 0x0000000081200000| Complete 
|  19|0x0000000081300000, 0x0000000081400000, 0x0000000081400000|100%| O|  |TAMS 0x0000000081400000, 0x0000000081300000| Untracked 
|  20|0x0000000081400000, 0x0000000081500000, 0x0000000081500000|100%| O|  |TAMS 0x0000000081500000, 0x0000000081400000| Complete 
|  21|0x0000000081500000, 0x0000000081600000, 0x0000000081600000|100%| O|  |TAMS 0x0000000081600000, 0x0000000081500000| Untracked 
|  22|0x0000000081600000, 0x0000000081700000, 0x0000000081700000|100%| O|  |TAMS 0x0000000081700000, 0x0000000081600000| Complete 
|  23|0x0000000081700000, 0x0000000081800000, 0x0000000081800000|100%| O|  |TAMS 0x0000000081800000, 0x0000000081700000| Untracked 
|  24|0x0000000081800000, 0x0000000081900000, 0x0000000081900000|100%| O|  |TAMS 0x0000000081900000, 0x0000000081800000| Untracked 
|  25|0x0000000081900000, 0x0000000081a00000, 0x0000000081a00000|100%| O|  |TAMS 0x0000000081a00000, 0x0000000081900000| Untracked 
|  26|0x0000000081a00000, 0x0000000081b00000, 0x0000000081b00000|100%| O|  |TAMS 0x0000000081b00000, 0x0000000081a00000| Complete 
|  27|0x0000000081b00000, 0x0000000081c00000, 0x0000000081c00000|100%| O|  |TAMS 0x0000000081c00000, 0x0000000081b00000| Complete 
|  28|0x0000000081c00000, 0x0000000081d00000, 0x0000000081d00000|100%| O|  |TAMS 0x0000000081d00000, 0x0000000081c00000| Untracked 
|  29|0x0000000081d00000, 0x0000000081e00000, 0x0000000081e00000|100%| O|  |TAMS 0x0000000081e00000, 0x0000000081d00000| Complete 
|  30|0x0000000081e00000, 0x0000000081f00000, 0x0000000081f00000|100%|HS|  |TAMS 0x0000000081f00000, 0x0000000081e00000| Complete 
|  31|0x0000000081f00000, 0x0000000082000000, 0x0000000082000000|100%|HS|  |TAMS 0x0000000082000000, 0x0000000081f00000| Complete 
|  32|0x0000000082000000, 0x0000000082100000, 0x0000000082100000|100%|HS|  |TAMS 0x0000000082100000, 0x0000000082000000| Complete 
|  33|0x0000000082100000, 0x0000000082200000, 0x0000000082200000|100%|HC|  |TAMS 0x0000000082200000, 0x0000000082100000| Complete 
|  34|0x0000000082200000, 0x0000000082300000, 0x0000000082300000|100%| O|  |TAMS 0x0000000082300000, 0x0000000082200000| Untracked 
|  35|0x0000000082300000, 0x0000000082400000, 0x0000000082400000|100%| O|  |TAMS 0x0000000082400000, 0x0000000082300000| Untracked 
|  36|0x0000000082400000, 0x0000000082500000, 0x0000000082500000|100%| O|  |TAMS 0x0000000082500000, 0x0000000082400000| Untracked 
|  37|0x0000000082500000, 0x0000000082600000, 0x0000000082600000|100%| O|  |TAMS 0x0000000082600000, 0x0000000082500000| Untracked 
|  38|0x0000000082600000, 0x0000000082700000, 0x0000000082700000|100%| O|  |TAMS 0x0000000082700000, 0x0000000082600000| Untracked 
|  39|0x0000000082700000, 0x0000000082800000, 0x0000000082800000|100%| O|  |TAMS 0x0000000082800000, 0x0000000082700000| Untracked 
|  40|0x0000000082800000, 0x0000000082900000, 0x0000000082900000|100%| O|  |TAMS 0x0000000082900000, 0x0000000082800000| Untracked 
|  41|0x0000000082900000, 0x0000000082a00000, 0x0000000082a00000|100%| O|  |TAMS 0x0000000082a00000, 0x0000000082900000| Untracked 
|  42|0x0000000082a00000, 0x0000000082b00000, 0x0000000082b00000|100%| O|  |TAMS 0x0000000082b00000, 0x0000000082a00000| Untracked 
|  43|0x0000000082b00000, 0x0000000082c00000, 0x0000000082c00000|100%| O|  |TAMS 0x0000000082c00000, 0x0000000082b00000| Complete 
|  44|0x0000000082c00000, 0x0000000082d00000, 0x0000000082d00000|100%| O|  |TAMS 0x0000000082d00000, 0x0000000082c00000| Untracked 
|  45|0x0000000082d00000, 0x0000000082e00000, 0x0000000082e00000|100%| O|  |TAMS 0x0000000082e00000, 0x0000000082d00000| Untracked 
|  46|0x0000000082e00000, 0x0000000082f00000, 0x0000000082f00000|100%| O|  |TAMS 0x0000000082f00000, 0x0000000082e00000| Untracked 
|  47|0x0000000082f00000, 0x0000000083000000, 0x0000000083000000|100%| O|  |TAMS 0x0000000083000000, 0x0000000082f00000| Untracked 
|  48|0x0000000083000000, 0x0000000083100000, 0x0000000083100000|100%| O|  |TAMS 0x0000000083100000, 0x0000000083000000| Untracked 
|  49|0x0000000083100000, 0x0000000083200000, 0x0000000083200000|100%| O|  |TAMS 0x0000000083200000, 0x0000000083100000| Untracked 
|  50|0x0000000083200000, 0x0000000083300000, 0x0000000083300000|100%| O|  |TAMS 0x0000000083300000, 0x0000000083200000| Untracked 
|  51|0x0000000083300000, 0x0000000083400000, 0x0000000083400000|100%| O|  |TAMS 0x0000000083400000, 0x0000000083300000| Untracked 
|  52|0x0000000083400000, 0x0000000083500000, 0x0000000083500000|100%| O|  |TAMS 0x0000000083500000, 0x0000000083400000| Untracked 
|  53|0x0000000083500000, 0x0000000083600000, 0x0000000083600000|100%| O|  |TAMS 0x0000000083600000, 0x0000000083500000| Untracked 
|  54|0x0000000083600000, 0x0000000083700000, 0x0000000083700000|100%| O|  |TAMS 0x0000000083700000, 0x0000000083600000| Untracked 
|  55|0x0000000083700000, 0x0000000083800000, 0x0000000083800000|100%| O|  |TAMS 0x0000000083800000, 0x0000000083700000| Untracked 
|  56|0x0000000083800000, 0x0000000083900000, 0x0000000083900000|100%| O|  |TAMS 0x0000000083900000, 0x0000000083800000| Untracked 
|  57|0x0000000083900000, 0x0000000083a00000, 0x0000000083a00000|100%| O|  |TAMS 0x0000000083a00000, 0x0000000083900000| Untracked 
|  58|0x0000000083a00000, 0x0000000083b00000, 0x0000000083b00000|100%| O|  |TAMS 0x0000000083b00000, 0x0000000083a00000| Complete 
|  59|0x0000000083b00000, 0x0000000083c00000, 0x0000000083c00000|100%| O|  |TAMS 0x0000000083c00000, 0x0000000083b00000| Untracked 
|  60|0x0000000083c00000, 0x0000000083d00000, 0x0000000083d00000|100%| O|  |TAMS 0x0000000083d00000, 0x0000000083c00000| Untracked 
|  61|0x0000000083d00000, 0x0000000083e00000, 0x0000000083e00000|100%| O|  |TAMS 0x0000000083e00000, 0x0000000083d00000| Untracked 
|  62|0x0000000083e00000, 0x0000000083f00000, 0x0000000083f00000|100%| O|  |TAMS 0x0000000083f00000, 0x0000000083e00000| Untracked 
|  63|0x0000000083f00000, 0x0000000084000000, 0x0000000084000000|100%| O|  |TAMS 0x0000000084000000, 0x0000000083f00000| Complete 
|  64|0x0000000084000000, 0x0000000084100000, 0x0000000084100000|100%| O|  |TAMS 0x0000000084100000, 0x0000000084000000| Untracked 
|  65|0x0000000084100000, 0x0000000084200000, 0x0000000084200000|100%| O|  |TAMS 0x0000000084200000, 0x0000000084100000| Untracked 
|  66|0x0000000084200000, 0x0000000084300000, 0x0000000084300000|100%| O|  |TAMS 0x0000000084300000, 0x0000000084200000| Untracked 
|  67|0x0000000084300000, 0x0000000084400000, 0x0000000084400000|100%| O|  |TAMS 0x0000000084400000, 0x0000000084300000| Untracked 
|  68|0x0000000084400000, 0x0000000084500000, 0x0000000084500000|100%| O|  |TAMS 0x0000000084500000, 0x0000000084400000| Untracked 
|  69|0x0000000084500000, 0x0000000084600000, 0x0000000084600000|100%| O|  |TAMS 0x0000000084600000, 0x0000000084500000| Complete 
|  70|0x0000000084600000, 0x0000000084700000, 0x0000000084700000|100%| O|  |TAMS 0x0000000084700000, 0x0000000084600000| Untracked 
|  71|0x0000000084700000, 0x0000000084800000, 0x0000000084800000|100%| O|  |TAMS 0x0000000084800000, 0x0000000084700000| Complete 
|  72|0x0000000084800000, 0x0000000084900000, 0x0000000084900000|100%| O|  |TAMS 0x0000000084900000, 0x0000000084800000| Untracked 
|  73|0x0000000084900000, 0x0000000084a00000, 0x0000000084a00000|100%| O|  |TAMS 0x0000000084a00000, 0x0000000084900000| Complete 
|  74|0x0000000084a00000, 0x0000000084b00000, 0x0000000084b00000|100%| O|  |TAMS 0x0000000084b00000, 0x0000000084a00000| Complete 
|  75|0x0000000084b00000, 0x0000000084c00000, 0x0000000084c00000|100%| O|  |TAMS 0x0000000084c00000, 0x0000000084b00000| Untracked 
|  76|0x0000000084c00000, 0x0000000084d00000, 0x0000000084d00000|100%| O|  |TAMS 0x0000000084d00000, 0x0000000084c00000| Untracked 
|  77|0x0000000084d00000, 0x0000000084e00000, 0x0000000084e00000|100%| O|  |TAMS 0x0000000084e00000, 0x0000000084d00000| Complete 
|  78|0x0000000084e00000, 0x0000000084f00000, 0x0000000084f00000|100%| O|  |TAMS 0x0000000084f00000, 0x0000000084e00000| Untracked 
|  79|0x0000000084f00000, 0x0000000085000000, 0x0000000085000000|100%| O|  |TAMS 0x0000000085000000, 0x0000000084f00000| Complete 
|  80|0x0000000085000000, 0x0000000085100000, 0x0000000085100000|100%| O|  |TAMS 0x0000000085100000, 0x0000000085000000| Complete 
|  81|0x0000000085100000, 0x0000000085200000, 0x0000000085200000|100%| O|  |TAMS 0x0000000085200000, 0x0000000085100000| Complete 
|  82|0x0000000085200000, 0x0000000085300000, 0x0000000085300000|100%| O|  |TAMS 0x0000000085300000, 0x0000000085200000| Complete 
|  83|0x0000000085300000, 0x0000000085400000, 0x0000000085400000|100%| O|  |TAMS 0x0000000085400000, 0x0000000085300000| Untracked 
|  84|0x0000000085400000, 0x0000000085500000, 0x0000000085500000|100%| O|  |TAMS 0x0000000085500000, 0x0000000085400000| Complete 
|  85|0x0000000085500000, 0x0000000085600000, 0x0000000085600000|100%| O|  |TAMS 0x0000000085600000, 0x0000000085500000| Complete 
|  86|0x0000000085600000, 0x0000000085700000, 0x0000000085700000|100%| O|  |TAMS 0x0000000085700000, 0x0000000085600000| Untracked 
|  87|0x0000000085700000, 0x0000000085800000, 0x0000000085800000|100%| O|  |TAMS 0x0000000085800000, 0x0000000085700000| Untracked 
|  88|0x0000000085800000, 0x0000000085900000, 0x0000000085900000|100%| O|  |TAMS 0x0000000085900000, 0x0000000085800000| Complete 
|  89|0x0000000085900000, 0x0000000085a00000, 0x0000000085a00000|100%| O|  |TAMS 0x0000000085a00000, 0x0000000085900000| Complete 
|  90|0x0000000085a00000, 0x0000000085b00000, 0x0000000085b00000|100%| O|  |TAMS 0x0000000085b00000, 0x0000000085a00000| Complete 
|  91|0x0000000085b00000, 0x0000000085c00000, 0x0000000085c00000|100%| O|  |TAMS 0x0000000085c00000, 0x0000000085b00000| Untracked 
|  92|0x0000000085c00000, 0x0000000085d00000, 0x0000000085d00000|100%| O|  |TAMS 0x0000000085d00000, 0x0000000085c00000| Complete 
|  93|0x0000000085d00000, 0x0000000085d00000, 0x0000000085e00000|  0%| F|  |TAMS 0x0000000085d00000, 0x0000000085d00000| Untracked 
|  94|0x0000000085e00000, 0x0000000085e00000, 0x0000000085f00000|  0%| F|  |TAMS 0x0000000085e00000, 0x0000000085e00000| Untracked 
|  95|0x0000000085f00000, 0x0000000086000000, 0x0000000086000000|100%| O|  |TAMS 0x0000000086000000, 0x0000000085f00000| Complete 
|  96|0x0000000086000000, 0x0000000086100000, 0x0000000086100000|100%| O|  |TAMS 0x0000000086100000, 0x0000000086000000| Complete 
|  97|0x0000000086100000, 0x0000000086200000, 0x0000000086200000|100%| O|  |TAMS 0x0000000086200000, 0x0000000086100000| Untracked 
|  98|0x0000000086200000, 0x0000000086300000, 0x0000000086300000|100%| O|  |TAMS 0x0000000086300000, 0x0000000086200000| Untracked 
|  99|0x0000000086300000, 0x0000000086400000, 0x0000000086400000|100%| O|  |TAMS 0x0000000086400000, 0x0000000086300000| Untracked 
| 100|0x0000000086400000, 0x0000000086500000, 0x0000000086500000|100%| O|  |TAMS 0x0000000086500000, 0x0000000086400000| Untracked 
| 101|0x0000000086500000, 0x0000000086600000, 0x0000000086600000|100%| O|  |TAMS 0x0000000086600000, 0x0000000086500000| Untracked 
| 102|0x0000000086600000, 0x0000000086700000, 0x0000000086700000|100%| O|  |TAMS 0x0000000086700000, 0x0000000086600000| Complete 
| 103|0x0000000086700000, 0x0000000086800000, 0x0000000086800000|100%| O|  |TAMS 0x0000000086800000, 0x0000000086700000| Complete 
| 104|0x0000000086800000, 0x0000000086900000, 0x0000000086900000|100%| O|  |TAMS 0x0000000086900000, 0x0000000086800000| Complete 
| 105|0x0000000086900000, 0x0000000086a00000, 0x0000000086a00000|100%| O|  |TAMS 0x0000000086a00000, 0x0000000086900000| Untracked 
| 106|0x0000000086a00000, 0x0000000086b00000, 0x0000000086b00000|100%| O|  |TAMS 0x0000000086b00000, 0x0000000086a00000| Untracked 
| 107|0x0000000086b00000, 0x0000000086c00000, 0x0000000086c00000|100%| O|  |TAMS 0x0000000086c00000, 0x0000000086b00000| Complete 
| 108|0x0000000086c00000, 0x0000000086d00000, 0x0000000086d00000|100%| O|  |TAMS 0x0000000086d00000, 0x0000000086c00000| Untracked 
| 109|0x0000000086d00000, 0x0000000086e00000, 0x0000000086e00000|100%| O|  |TAMS 0x0000000086e00000, 0x0000000086d00000| Complete 
| 110|0x0000000086e00000, 0x0000000086f00000, 0x0000000086f00000|100%| O|  |TAMS 0x0000000086f00000, 0x0000000086e00000| Complete 
| 111|0x0000000086f00000, 0x0000000087000000, 0x0000000087000000|100%| O|  |TAMS 0x0000000087000000, 0x0000000086f00000| Untracked 
| 112|0x0000000087000000, 0x0000000087100000, 0x0000000087100000|100%| O|  |TAMS 0x0000000087100000, 0x0000000087000000| Complete 
| 113|0x0000000087100000, 0x0000000087200000, 0x0000000087200000|100%| O|  |TAMS 0x0000000087200000, 0x0000000087100000| Untracked 
| 114|0x0000000087200000, 0x0000000087300000, 0x0000000087300000|100%| O|  |TAMS 0x0000000087300000, 0x0000000087200000| Untracked 
| 115|0x0000000087300000, 0x0000000087400000, 0x0000000087400000|100%| O|  |TAMS 0x0000000087400000, 0x0000000087300000| Untracked 
| 116|0x0000000087400000, 0x0000000087500000, 0x0000000087500000|100%| O|  |TAMS 0x0000000087500000, 0x0000000087400000| Untracked 
| 117|0x0000000087500000, 0x0000000087600000, 0x0000000087600000|100%| O|  |TAMS 0x0000000087600000, 0x0000000087500000| Untracked 
| 118|0x0000000087600000, 0x0000000087700000, 0x0000000087700000|100%| O|  |TAMS 0x0000000087700000, 0x0000000087600000| Complete 
| 119|0x0000000087700000, 0x0000000087800000, 0x0000000087800000|100%| O|  |TAMS 0x0000000087800000, 0x0000000087700000| Untracked 
| 120|0x0000000087800000, 0x0000000087900000, 0x0000000087900000|100%| O|  |TAMS 0x0000000087900000, 0x0000000087800000| Untracked 
| 121|0x0000000087900000, 0x0000000087a00000, 0x0000000087a00000|100%| O|  |TAMS 0x0000000087a00000, 0x0000000087900000| Untracked 
| 122|0x0000000087a00000, 0x0000000087b00000, 0x0000000087b00000|100%| O|  |TAMS 0x0000000087b00000, 0x0000000087a00000| Untracked 
| 123|0x0000000087b00000, 0x0000000087c00000, 0x0000000087c00000|100%| O|  |TAMS 0x0000000087c00000, 0x0000000087b00000| Untracked 
| 124|0x0000000087c00000, 0x0000000087d00000, 0x0000000087d00000|100%| O|  |TAMS 0x0000000087d00000, 0x0000000087c00000| Untracked 
| 125|0x0000000087d00000, 0x0000000087e00000, 0x0000000087e00000|100%| O|  |TAMS 0x0000000087e00000, 0x0000000087d00000| Untracked 
| 126|0x0000000087e00000, 0x0000000087f00000, 0x0000000087f00000|100%| O|  |TAMS 0x0000000087f00000, 0x0000000087e00000| Untracked 
| 127|0x0000000087f00000, 0x0000000088000000, 0x0000000088000000|100%| O|  |TAMS 0x0000000088000000, 0x0000000087f00000| Complete 
| 128|0x0000000088000000, 0x0000000088100000, 0x0000000088100000|100%| O|  |TAMS 0x000000008807fe00, 0x0000000088000000| Untracked 
| 129|0x0000000088100000, 0x0000000088200000, 0x0000000088200000|100%| O|  |TAMS 0x0000000088100000, 0x0000000088100000| Untracked 
| 130|0x0000000088200000, 0x0000000088300000, 0x0000000088300000|100%| O|  |TAMS 0x0000000088200000, 0x0000000088200000| Untracked 
| 131|0x0000000088300000, 0x0000000088400000, 0x0000000088400000|100%| O|  |TAMS 0x0000000088300000, 0x0000000088300000| Untracked 
| 132|0x0000000088400000, 0x0000000088500000, 0x0000000088500000|100%| O|  |TAMS 0x0000000088400000, 0x0000000088400000| Untracked 
| 133|0x0000000088500000, 0x0000000088600000, 0x0000000088600000|100%| O|  |TAMS 0x0000000088500000, 0x0000000088500000| Untracked 
| 134|0x0000000088600000, 0x0000000088700000, 0x0000000088700000|100%| O|  |TAMS 0x0000000088600000, 0x0000000088600000| Untracked 
| 135|0x0000000088700000, 0x0000000088800000, 0x0000000088800000|100%| O|  |TAMS 0x0000000088700000, 0x0000000088700000| Untracked 
| 136|0x0000000088800000, 0x0000000088900000, 0x0000000088900000|100%| O|  |TAMS 0x0000000088800000, 0x0000000088800000| Untracked 
| 137|0x0000000088900000, 0x0000000088a00000, 0x0000000088a00000|100%| O|  |TAMS 0x0000000088900000, 0x0000000088900000| Untracked 
| 138|0x0000000088a00000, 0x0000000088b00000, 0x0000000088b00000|100%| O|  |TAMS 0x0000000088a00000, 0x0000000088a00000| Untracked 
| 139|0x0000000088b00000, 0x0000000088c00000, 0x0000000088c00000|100%| O|  |TAMS 0x0000000088b00000, 0x0000000088b00000| Untracked 
| 140|0x0000000088c00000, 0x0000000088d00000, 0x0000000088d00000|100%| O|  |TAMS 0x0000000088c00000, 0x0000000088c00000| Untracked 
| 141|0x0000000088d00000, 0x0000000088dee200, 0x0000000088e00000| 93%| O|  |TAMS 0x0000000088d00000, 0x0000000088d00000| Untracked 
| 142|0x0000000088e00000, 0x0000000088e00000, 0x0000000088f00000|  0%| F|  |TAMS 0x0000000088e00000, 0x0000000088e00000| Untracked 
| 143|0x0000000088f00000, 0x0000000088f00000, 0x0000000089000000|  0%| F|  |TAMS 0x0000000088f00000, 0x0000000088f00000| Untracked 
| 144|0x0000000089000000, 0x0000000089000000, 0x0000000089100000|  0%| F|  |TAMS 0x0000000089000000, 0x0000000089000000| Untracked 
| 145|0x0000000089100000, 0x0000000089100000, 0x0000000089200000|  0%| F|  |TAMS 0x0000000089100000, 0x0000000089100000| Untracked 
| 146|0x0000000089200000, 0x0000000089200000, 0x0000000089300000|  0%| F|  |TAMS 0x0000000089200000, 0x0000000089200000| Untracked 
| 147|0x0000000089300000, 0x0000000089300000, 0x0000000089400000|  0%| F|  |TAMS 0x0000000089300000, 0x0000000089300000| Untracked 
| 148|0x0000000089400000, 0x0000000089400000, 0x0000000089500000|  0%| F|  |TAMS 0x0000000089400000, 0x0000000089400000| Untracked 
| 149|0x0000000089500000, 0x0000000089500000, 0x0000000089600000|  0%| F|  |TAMS 0x0000000089500000, 0x0000000089500000| Untracked 
| 150|0x0000000089600000, 0x0000000089600000, 0x0000000089700000|  0%| F|  |TAMS 0x0000000089600000, 0x0000000089600000| Untracked 
| 151|0x0000000089700000, 0x0000000089700000, 0x0000000089800000|  0%| F|  |TAMS 0x0000000089700000, 0x0000000089700000| Untracked 
| 152|0x0000000089800000, 0x0000000089800000, 0x0000000089900000|  0%| F|  |TAMS 0x0000000089800000, 0x0000000089800000| Untracked 
| 153|0x0000000089900000, 0x0000000089900000, 0x0000000089a00000|  0%| F|  |TAMS 0x0000000089900000, 0x0000000089900000| Untracked 
| 154|0x0000000089a00000, 0x0000000089a00000, 0x0000000089b00000|  0%| F|  |TAMS 0x0000000089a00000, 0x0000000089a00000| Untracked 
| 155|0x0000000089b00000, 0x0000000089b00000, 0x0000000089c00000|  0%| F|  |TAMS 0x0000000089b00000, 0x0000000089b00000| Untracked 
| 156|0x0000000089c00000, 0x0000000089c00000, 0x0000000089d00000|  0%| F|  |TAMS 0x0000000089c00000, 0x0000000089c00000| Untracked 
| 157|0x0000000089d00000, 0x0000000089d00000, 0x0000000089e00000|  0%| F|  |TAMS 0x0000000089d00000, 0x0000000089d00000| Untracked 
| 158|0x0000000089e00000, 0x0000000089e00000, 0x0000000089f00000|  0%| F|  |TAMS 0x0000000089e00000, 0x0000000089e00000| Untracked 
| 159|0x0000000089f00000, 0x0000000089f00000, 0x000000008a000000|  0%| F|  |TAMS 0x0000000089f00000, 0x0000000089f00000| Untracked 
| 160|0x000000008a000000, 0x000000008a000000, 0x000000008a100000|  0%| F|  |TAMS 0x000000008a000000, 0x000000008a000000| Untracked 
| 161|0x000000008a100000, 0x000000008a100000, 0x000000008a200000|  0%| F|  |TAMS 0x000000008a100000, 0x000000008a100000| Untracked 
| 162|0x000000008a200000, 0x000000008a200000, 0x000000008a300000|  0%| F|  |TAMS 0x000000008a200000, 0x000000008a200000| Untracked 
| 163|0x000000008a300000, 0x000000008a300000, 0x000000008a400000|  0%| F|  |TAMS 0x000000008a300000, 0x000000008a300000| Untracked 
| 164|0x000000008a400000, 0x000000008a400000, 0x000000008a500000|  0%| F|  |TAMS 0x000000008a400000, 0x000000008a400000| Untracked 
| 165|0x000000008a500000, 0x000000008a500000, 0x000000008a600000|  0%| F|  |TAMS 0x000000008a500000, 0x000000008a500000| Untracked 
| 166|0x000000008a600000, 0x000000008a600000, 0x000000008a700000|  0%| F|  |TAMS 0x000000008a600000, 0x000000008a600000| Untracked 
| 167|0x000000008a700000, 0x000000008a700000, 0x000000008a800000|  0%| F|  |TAMS 0x000000008a700000, 0x000000008a700000| Untracked 
| 168|0x000000008a800000, 0x000000008a800000, 0x000000008a900000|  0%| F|  |TAMS 0x000000008a800000, 0x000000008a800000| Untracked 
| 169|0x000000008a900000, 0x000000008a900000, 0x000000008aa00000|  0%| F|  |TAMS 0x000000008a900000, 0x000000008a900000| Untracked 
| 170|0x000000008aa00000, 0x000000008aa00000, 0x000000008ab00000|  0%| F|  |TAMS 0x000000008aa00000, 0x000000008aa00000| Untracked 
| 171|0x000000008ab00000, 0x000000008ab00000, 0x000000008ac00000|  0%| F|  |TAMS 0x000000008ab00000, 0x000000008ab00000| Untracked 
| 172|0x000000008ac00000, 0x000000008ac00000, 0x000000008ad00000|  0%| F|  |TAMS 0x000000008ac00000, 0x000000008ac00000| Untracked 
| 173|0x000000008ad00000, 0x000000008ad00000, 0x000000008ae00000|  0%| F|  |TAMS 0x000000008ad00000, 0x000000008ad00000| Untracked 
| 174|0x000000008ae00000, 0x000000008ae00000, 0x000000008af00000|  0%| F|  |TAMS 0x000000008ae00000, 0x000000008ae00000| Untracked 
| 175|0x000000008af00000, 0x000000008af00000, 0x000000008b000000|  0%| F|  |TAMS 0x000000008af00000, 0x000000008af00000| Untracked 
| 176|0x000000008b000000, 0x000000008b000000, 0x000000008b100000|  0%| F|  |TAMS 0x000000008b000000, 0x000000008b000000| Untracked 
| 177|0x000000008b100000, 0x000000008b100000, 0x000000008b200000|  0%| F|  |TAMS 0x000000008b100000, 0x000000008b100000| Untracked 
| 178|0x000000008b200000, 0x000000008b200000, 0x000000008b300000|  0%| F|  |TAMS 0x000000008b200000, 0x000000008b200000| Untracked 
| 179|0x000000008b300000, 0x000000008b300000, 0x000000008b400000|  0%| F|  |TAMS 0x000000008b300000, 0x000000008b300000| Untracked 
| 180|0x000000008b400000, 0x000000008b400000, 0x000000008b500000|  0%| F|  |TAMS 0x000000008b400000, 0x000000008b400000| Untracked 
| 181|0x000000008b500000, 0x000000008b500000, 0x000000008b600000|  0%| F|  |TAMS 0x000000008b500000, 0x000000008b500000| Untracked 
| 182|0x000000008b600000, 0x000000008b600000, 0x000000008b700000|  0%| F|  |TAMS 0x000000008b600000, 0x000000008b600000| Untracked 
| 183|0x000000008b700000, 0x000000008b700000, 0x000000008b800000|  0%| F|  |TAMS 0x000000008b700000, 0x000000008b700000| Untracked 
| 184|0x000000008b800000, 0x000000008b800000, 0x000000008b900000|  0%| F|  |TAMS 0x000000008b800000, 0x000000008b800000| Untracked 
| 185|0x000000008b900000, 0x000000008b900000, 0x000000008ba00000|  0%| F|  |TAMS 0x000000008b900000, 0x000000008b900000| Untracked 
| 186|0x000000008ba00000, 0x000000008ba00000, 0x000000008bb00000|  0%| F|  |TAMS 0x000000008ba00000, 0x000000008ba00000| Untracked 
| 187|0x000000008bb00000, 0x000000008bb00000, 0x000000008bc00000|  0%| F|  |TAMS 0x000000008bb00000, 0x000000008bb00000| Untracked 
| 188|0x000000008bc00000, 0x000000008bc00000, 0x000000008bd00000|  0%| F|  |TAMS 0x000000008bc00000, 0x000000008bc00000| Untracked 
| 189|0x000000008bd00000, 0x000000008bd00000, 0x000000008be00000|  0%| F|  |TAMS 0x000000008bd00000, 0x000000008bd00000| Untracked 
| 190|0x000000008be00000, 0x000000008be00000, 0x000000008bf00000|  0%| F|  |TAMS 0x000000008be00000, 0x000000008be00000| Untracked 
| 191|0x000000008bf00000, 0x000000008bf00000, 0x000000008c000000|  0%| F|  |TAMS 0x000000008bf00000, 0x000000008bf00000| Untracked 
| 192|0x000000008c000000, 0x000000008c000000, 0x000000008c100000|  0%| F|  |TAMS 0x000000008c000000, 0x000000008c000000| Untracked 
| 193|0x000000008c100000, 0x000000008c100000, 0x000000008c200000|  0%| F|  |TAMS 0x000000008c100000, 0x000000008c100000| Untracked 
| 194|0x000000008c200000, 0x000000008c200000, 0x000000008c300000|  0%| F|  |TAMS 0x000000008c200000, 0x000000008c200000| Untracked 
| 195|0x000000008c300000, 0x000000008c300000, 0x000000008c400000|  0%| F|  |TAMS 0x000000008c300000, 0x000000008c300000| Untracked 
| 196|0x000000008c400000, 0x000000008c400000, 0x000000008c500000|  0%| F|  |TAMS 0x000000008c400000, 0x000000008c400000| Untracked 
| 197|0x000000008c500000, 0x000000008c500000, 0x000000008c600000|  0%| F|  |TAMS 0x000000008c500000, 0x000000008c500000| Untracked 
| 198|0x000000008c600000, 0x000000008c600000, 0x000000008c700000|  0%| F|  |TAMS 0x000000008c600000, 0x000000008c600000| Untracked 
| 199|0x000000008c700000, 0x000000008c700000, 0x000000008c800000|  0%| F|  |TAMS 0x000000008c700000, 0x000000008c700000| Untracked 
| 200|0x000000008c800000, 0x000000008c800000, 0x000000008c900000|  0%| F|  |TAMS 0x000000008c800000, 0x000000008c800000| Untracked 
| 201|0x000000008c900000, 0x000000008c900000, 0x000000008ca00000|  0%| F|  |TAMS 0x000000008c900000, 0x000000008c900000| Untracked 
| 202|0x000000008ca00000, 0x000000008ca00000, 0x000000008cb00000|  0%| F|  |TAMS 0x000000008ca00000, 0x000000008ca00000| Untracked 
| 203|0x000000008cb00000, 0x000000008cb00000, 0x000000008cc00000|  0%| F|  |TAMS 0x000000008cb00000, 0x000000008cb00000| Untracked 
| 204|0x000000008cc00000, 0x000000008cc00000, 0x000000008cd00000|  0%| F|  |TAMS 0x000000008cc00000, 0x000000008cc00000| Untracked 
| 205|0x000000008cd00000, 0x000000008cd00000, 0x000000008ce00000|  0%| F|  |TAMS 0x000000008cd00000, 0x000000008cd00000| Untracked 
| 206|0x000000008ce00000, 0x000000008ce00000, 0x000000008cf00000|  0%| F|  |TAMS 0x000000008ce00000, 0x000000008ce00000| Untracked 
| 207|0x000000008cf00000, 0x000000008cf00000, 0x000000008d000000|  0%| F|  |TAMS 0x000000008cf00000, 0x000000008cf00000| Untracked 
| 208|0x000000008d000000, 0x000000008d000000, 0x000000008d100000|  0%| F|  |TAMS 0x000000008d000000, 0x000000008d000000| Untracked 
| 209|0x000000008d100000, 0x000000008d100000, 0x000000008d200000|  0%| F|  |TAMS 0x000000008d100000, 0x000000008d100000| Untracked 
| 210|0x000000008d200000, 0x000000008d200000, 0x000000008d300000|  0%| F|  |TAMS 0x000000008d200000, 0x000000008d200000| Untracked 
| 211|0x000000008d300000, 0x000000008d300000, 0x000000008d400000|  0%| F|  |TAMS 0x000000008d300000, 0x000000008d300000| Untracked 
| 212|0x000000008d400000, 0x000000008d400000, 0x000000008d500000|  0%| F|  |TAMS 0x000000008d400000, 0x000000008d400000| Untracked 
| 213|0x000000008d500000, 0x000000008d500000, 0x000000008d600000|  0%| F|  |TAMS 0x000000008d500000, 0x000000008d500000| Untracked 
| 214|0x000000008d600000, 0x000000008d600000, 0x000000008d700000|  0%| F|  |TAMS 0x000000008d600000, 0x000000008d600000| Untracked 
| 215|0x000000008d700000, 0x000000008d700000, 0x000000008d800000|  0%| F|  |TAMS 0x000000008d700000, 0x000000008d700000| Untracked 
| 216|0x000000008d800000, 0x000000008d800000, 0x000000008d900000|  0%| F|  |TAMS 0x000000008d800000, 0x000000008d800000| Untracked 
| 217|0x000000008d900000, 0x000000008d900000, 0x000000008da00000|  0%| F|  |TAMS 0x000000008d900000, 0x000000008d900000| Untracked 
| 218|0x000000008da00000, 0x000000008da00000, 0x000000008db00000|  0%| F|  |TAMS 0x000000008da00000, 0x000000008da00000| Untracked 
| 219|0x000000008db00000, 0x000000008db00000, 0x000000008dc00000|  0%| F|  |TAMS 0x000000008db00000, 0x000000008db00000| Untracked 
| 220|0x000000008dc00000, 0x000000008dc00000, 0x000000008dd00000|  0%| F|  |TAMS 0x000000008dc00000, 0x000000008dc00000| Untracked 
| 221|0x000000008dd00000, 0x000000008dd00000, 0x000000008de00000|  0%| F|  |TAMS 0x000000008dd00000, 0x000000008dd00000| Untracked 
| 222|0x000000008de00000, 0x000000008de00000, 0x000000008df00000|  0%| F|  |TAMS 0x000000008de00000, 0x000000008de00000| Untracked 
| 223|0x000000008df00000, 0x000000008df00000, 0x000000008e000000|  0%| F|  |TAMS 0x000000008df00000, 0x000000008df00000| Untracked 
| 224|0x000000008e000000, 0x000000008e000000, 0x000000008e100000|  0%| F|  |TAMS 0x000000008e000000, 0x000000008e000000| Untracked 
| 225|0x000000008e100000, 0x000000008e100000, 0x000000008e200000|  0%| F|  |TAMS 0x000000008e100000, 0x000000008e100000| Untracked 
| 226|0x000000008e200000, 0x000000008e200000, 0x000000008e300000|  0%| F|  |TAMS 0x000000008e200000, 0x000000008e200000| Untracked 
| 227|0x000000008e300000, 0x000000008e300000, 0x000000008e400000|  0%| F|  |TAMS 0x000000008e300000, 0x000000008e300000| Untracked 
| 228|0x000000008e400000, 0x000000008e400000, 0x000000008e500000|  0%| F|  |TAMS 0x000000008e400000, 0x000000008e400000| Untracked 
| 229|0x000000008e500000, 0x000000008e500000, 0x000000008e600000|  0%| F|  |TAMS 0x000000008e500000, 0x000000008e500000| Untracked 
| 230|0x000000008e600000, 0x000000008e600000, 0x000000008e700000|  0%| F|  |TAMS 0x000000008e600000, 0x000000008e600000| Untracked 
| 231|0x000000008e700000, 0x000000008e700000, 0x000000008e800000|  0%| F|  |TAMS 0x000000008e700000, 0x000000008e700000| Untracked 
| 232|0x000000008e800000, 0x000000008e800000, 0x000000008e900000|  0%| F|  |TAMS 0x000000008e800000, 0x000000008e800000| Untracked 
| 233|0x000000008e900000, 0x000000008e900000, 0x000000008ea00000|  0%| F|  |TAMS 0x000000008e900000, 0x000000008e900000| Untracked 
| 234|0x000000008ea00000, 0x000000008ea00000, 0x000000008eb00000|  0%| F|  |TAMS 0x000000008ea00000, 0x000000008ea00000| Untracked 
| 235|0x000000008eb00000, 0x000000008eb00000, 0x000000008ec00000|  0%| F|  |TAMS 0x000000008eb00000, 0x000000008eb00000| Untracked 
| 236|0x000000008ec00000, 0x000000008ec00000, 0x000000008ed00000|  0%| F|  |TAMS 0x000000008ec00000, 0x000000008ec00000| Untracked 
| 237|0x000000008ed00000, 0x000000008ed00000, 0x000000008ee00000|  0%| F|  |TAMS 0x000000008ed00000, 0x000000008ed00000| Untracked 
| 238|0x000000008ee00000, 0x000000008ee00000, 0x000000008ef00000|  0%| F|  |TAMS 0x000000008ee00000, 0x000000008ee00000| Untracked 
| 239|0x000000008ef00000, 0x000000008ef00000, 0x000000008f000000|  0%| F|  |TAMS 0x000000008ef00000, 0x000000008ef00000| Untracked 
| 240|0x000000008f000000, 0x000000008f000000, 0x000000008f100000|  0%| F|  |TAMS 0x000000008f000000, 0x000000008f000000| Untracked 
| 241|0x000000008f100000, 0x000000008f100000, 0x000000008f200000|  0%| F|  |TAMS 0x000000008f100000, 0x000000008f100000| Untracked 
| 242|0x000000008f200000, 0x000000008f200000, 0x000000008f300000|  0%| F|  |TAMS 0x000000008f200000, 0x000000008f200000| Untracked 
| 243|0x000000008f300000, 0x000000008f300000, 0x000000008f400000|  0%| F|  |TAMS 0x000000008f300000, 0x000000008f300000| Untracked 
| 244|0x000000008f400000, 0x000000008f400000, 0x000000008f500000|  0%| F|  |TAMS 0x000000008f400000, 0x000000008f400000| Untracked 
| 245|0x000000008f500000, 0x000000008f500000, 0x000000008f600000|  0%| F|  |TAMS 0x000000008f500000, 0x000000008f500000| Untracked 
| 246|0x000000008f600000, 0x000000008f600000, 0x000000008f700000|  0%| F|  |TAMS 0x000000008f600000, 0x000000008f600000| Untracked 
| 247|0x000000008f700000, 0x000000008f7c7a40, 0x000000008f800000| 77%| S|CS|TAMS 0x000000008f700000, 0x000000008f700000| Complete 
| 248|0x000000008f800000, 0x000000008f800000, 0x000000008f900000|  0%| F|  |TAMS 0x000000008f800000, 0x000000008f800000| Untracked 
| 249|0x000000008f900000, 0x000000008f900000, 0x000000008fa00000|  0%| F|  |TAMS 0x000000008f900000, 0x000000008f900000| Untracked 
| 250|0x000000008fa00000, 0x000000008fa00000, 0x000000008fb00000|  0%| F|  |TAMS 0x000000008fa00000, 0x000000008fa00000| Untracked 
| 251|0x000000008fb00000, 0x000000008fb00000, 0x000000008fc00000|  0%| F|  |TAMS 0x000000008fb00000, 0x000000008fb00000| Untracked 
| 252|0x000000008fc00000, 0x000000008fc00000, 0x000000008fd00000|  0%| F|  |TAMS 0x000000008fc00000, 0x000000008fc00000| Untracked 
| 253|0x000000008fd00000, 0x000000008fd00000, 0x000000008fe00000|  0%| F|  |TAMS 0x000000008fd00000, 0x000000008fd00000| Untracked 
| 254|0x000000008fe00000, 0x000000008fe00000, 0x000000008ff00000|  0%| F|  |TAMS 0x000000008fe00000, 0x000000008fe00000| Untracked 
| 255|0x000000008ff00000, 0x000000008ff00000, 0x0000000090000000|  0%| F|  |TAMS 0x000000008ff00000, 0x000000008ff00000| Untracked 
| 256|0x0000000090000000, 0x0000000090000000, 0x0000000090100000|  0%| F|  |TAMS 0x0000000090000000, 0x0000000090000000| Untracked 

Card table byte_map: [0x000002113cda0000,0x000002113d1a0000] _byte_map_base: 0x000002113c9a0000

Marking Bits (Prev, Next): (CMBitMap*) 0x0000021129ba08e8, (CMBitMap*) 0x0000021129ba0920
 Prev Bits: [0x000002113d5a0000, 0x000002113f5a0000)
 Next Bits: [0x000002113f5a0000, 0x00000211415a0000)

Polling page: 0x0000021129340000

Metaspace:

Usage:
  Non-class:     86.32 MB capacity,    84.76 MB ( 98%) used,     1.26 MB (  1%) free+waste,   310.19 KB ( <1%) overhead. 
      Class:     13.77 MB capacity,    12.81 MB ( 93%) used,   839.60 KB (  6%) free+waste,   141.38 KB (  1%) overhead. 
       Both:    100.10 MB capacity,    97.57 MB ( 97%) used,     2.08 MB (  2%) free+waste,   451.56 KB ( <1%) overhead. 

Virtual space:
  Non-class space:       88.00 MB reserved,      86.50 MB ( 98%) committed 
      Class space:        1.00 GB reserved,      13.88 MB (  1%) committed 
             Both:        1.09 GB reserved,     100.38 MB (  9%) committed 

Chunk freelists:
   Non-Class:  116.00 KB
       Class:  74.00 KB
        Both:  190.00 KB

MaxMetaspaceSize: 17179869184.00 GB
CompressedClassSpaceSize: 1.00 GB
Initial GC threshold: 20.80 MB
Current GC threshold: 166.46 MB
CDS: off

CodeHeap 'non-profiled nmethods': size=120000Kb used=4906Kb max_used=4906Kb free=115093Kb
 bounds [0x0000021135140000, 0x0000021135610000, 0x000002113c670000]
CodeHeap 'profiled nmethods': size=120000Kb used=25179Kb max_used=25179Kb free=94820Kb
 bounds [0x000002112dc10000, 0x000002112f4b0000, 0x0000021135140000]
CodeHeap 'non-nmethods': size=5760Kb used=2409Kb max_used=2466Kb free=3350Kb
 bounds [0x000002112d670000, 0x000002112d8f0000, 0x000002112dc10000]
 total_blobs=13133 nmethods=12204 adapters=840
 compilation: enabled
              stopped_count=0, restarted_count=0
 full_count=0

Compilation events (20 events):
Event: 18.305 Thread 0x000002114496f000 nmethod 12615 0x000002112f49ae90 code [0x000002112f49b0e0, 0x000002112f49b758]
Event: 18.305 Thread 0x000002114496f000 12635       2       com.android.tools.r8.internal.l7::a (380 bytes)
Event: 18.308 Thread 0x000002114496f000 nmethod 12635 0x000002112f49ba90 code [0x000002112f49bda0, 0x000002112f49ccb8]
Event: 18.308 Thread 0x000002114496f000 12639       2       com.android.tools.r8.ir.regalloc.b::b (40 bytes)
Event: 18.309 Thread 0x000002114496f000 nmethod 12639 0x000002112f49d790 code [0x000002112f49d960, 0x000002112f49dbe8]
Event: 18.309 Thread 0x000002114496f000 12645 %     3       com.android.tools.r8.internal.Ed::a @ 13 (362 bytes)
Event: 18.314 Thread 0x000002114496f000 nmethod 12645% 0x000002112f49dd90 code [0x000002112f49e360, 0x000002112f4a1ed8]
Event: 18.314 Thread 0x000002114496f000 12644       2       com.android.tools.r8.code.F0::<init> (39 bytes)
Event: 18.315 Thread 0x000002114496f000 nmethod 12644 0x000002112f4a2f90 code [0x000002112f4a3140, 0x000002112f4a3238]
Event: 18.315 Thread 0x000002114496f000 12637       2       com.android.tools.r8.internal.Hi::a (200 bytes)
Event: 18.318 Thread 0x000002114496f000 nmethod 12637 0x000002112f4a3310 code [0x000002112f4a3660, 0x000002112f4a4268]
Event: 18.318 Thread 0x000002114496f000 12653       3       com.android.tools.r8.internal.B::putAll (124 bytes)
Event: 18.319 Thread 0x000002114496f000 nmethod 12653 0x000002112f4a4a90 code [0x000002112f4a4d60, 0x000002112f4a5d58]
Event: 18.319 Thread 0x000002114496f000 12619       2       java.util.Comparator$$Lambda$1099/0x0000000100b5c840::get$Lambda (9 bytes)
Event: 18.319 Thread 0x000002114496f000 nmethod 12619 0x000002112f4a6110 code [0x000002112f4a62c0, 0x000002112f4a6438]
Event: 18.319 Thread 0x000002114496f000 12620       2       java.util.Comparator$$Lambda$1099/0x0000000100b5c840::<init> (10 bytes)
Event: 18.319 Thread 0x000002114496f000 nmethod 12620 0x000002112f4a6510 code [0x000002112f4a66c0, 0x000002112f4a67f8]
Event: 18.319 Thread 0x000002114496f000 12626       2       java.util.Comparator::comparingInt (18 bytes)
Event: 18.320 Thread 0x000002114496f000 nmethod 12626 0x000002112f4a6890 code [0x000002112f4a6a60, 0x000002112f4a6ca8]
Event: 18.320 Thread 0x000002114496f000 12655       2       com.android.tools.r8.internal.sJ::a (406 bytes)

GC Heap History (20 events):
Event: 14.948 GC heap after
{Heap after GC invocations=37 (full 0):
 garbage-first heap   total 159744K, used 75196K [0x0000000080000000, 0x0000000100000000)
  region size 1024K, 7 young (7168K), 7 survivors (7168K)
 Metaspace       used 84837K, capacity 87038K, committed 87296K, reserved 1124352K
  class space    used 11104K, capacity 11976K, committed 12032K, reserved 1048576K
}
Event: 15.192 GC heap before
{Heap before GC invocations=37 (full 0):
 garbage-first heap   total 159744K, used 127420K [0x0000000080000000, 0x0000000100000000)
  region size 1024K, 59 young (60416K), 7 survivors (7168K)
 Metaspace       used 87240K, capacity 89555K, committed 89728K, reserved 1126400K
  class space    used 11444K, capacity 12301K, committed 12416K, reserved 1048576K
}
Event: 15.206 GC heap after
{Heap after GC invocations=38 (full 0):
 garbage-first heap   total 159744K, used 83183K [0x0000000080000000, 0x0000000100000000)
  region size 1024K, 8 young (8192K), 8 survivors (8192K)
 Metaspace       used 87240K, capacity 89555K, committed 89728K, reserved 1126400K
  class space    used 11444K, capacity 12301K, committed 12416K, reserved 1048576K
}
Event: 15.368 GC heap before
{Heap before GC invocations=38 (full 0):
 garbage-first heap   total 159744K, used 127215K [0x0000000080000000, 0x0000000100000000)
  region size 1024K, 52 young (53248K), 8 survivors (8192K)
 Metaspace       used 88848K, capacity 91222K, committed 91392K, reserved 1128448K
  class space    used 11644K, capacity 12494K, committed 12544K, reserved 1048576K
}
Event: 15.383 GC heap after
{Heap after GC invocations=39 (full 0):
 garbage-first heap   total 192512K, used 90246K [0x0000000080000000, 0x0000000100000000)
  region size 1024K, 7 young (7168K), 7 survivors (7168K)
 Metaspace       used 88848K, capacity 91222K, committed 91392K, reserved 1128448K
  class space    used 11644K, capacity 12494K, committed 12544K, reserved 1048576K
}
Event: 15.866 GC heap before
{Heap before GC invocations=40 (full 0):
 garbage-first heap   total 192512K, used 146566K [0x0000000080000000, 0x0000000100000000)
  region size 1024K, 63 young (64512K), 7 survivors (7168K)
 Metaspace       used 92308K, capacity 94683K, committed 94976K, reserved 1130496K
  class space    used 12043K, capacity 12907K, committed 13056K, reserved 1048576K
}
Event: 15.877 GC heap after
{Heap after GC invocations=41 (full 0):
 garbage-first heap   total 192512K, used 96030K [0x0000000080000000, 0x0000000100000000)
  region size 1024K, 8 young (8192K), 8 survivors (8192K)
 Metaspace       used 92308K, capacity 94683K, committed 94976K, reserved 1130496K
  class space    used 12043K, capacity 12907K, committed 13056K, reserved 1048576K
}
Event: 16.163 GC heap before
{Heap before GC invocations=41 (full 0):
 garbage-first heap   total 192512K, used 151326K [0x0000000080000000, 0x0000000100000000)
  region size 1024K, 62 young (63488K), 8 survivors (8192K)
 Metaspace       used 93873K, capacity 96262K, committed 96384K, reserved 1132544K
  class space    used 12274K, capacity 13153K, committed 13184K, reserved 1048576K
}
Event: 16.210 GC heap after
{Heap after GC invocations=42 (full 0):
 garbage-first heap   total 192512K, used 105921K [0x0000000080000000, 0x0000000100000000)
  region size 1024K, 8 young (8192K), 8 survivors (8192K)
 Metaspace       used 93873K, capacity 96262K, committed 96384K, reserved 1132544K
  class space    used 12274K, capacity 13153K, committed 13184K, reserved 1048576K
}
Event: 16.522 GC heap before
{Heap before GC invocations=43 (full 0):
 garbage-first heap   total 192512K, used 152001K [0x0000000080000000, 0x0000000100000000)
  region size 1024K, 54 young (55296K), 8 survivors (8192K)
 Metaspace       used 95139K, capacity 97548K, committed 97920K, reserved 1134592K
  class space    used 12428K, capacity 13316K, committed 13440K, reserved 1048576K
}
Event: 16.541 GC heap after
{Heap after GC invocations=44 (full 0):
 garbage-first heap   total 192512K, used 112844K [0x0000000080000000, 0x0000000100000000)
  region size 1024K, 7 young (7168K), 7 survivors (7168K)
 Metaspace       used 95139K, capacity 97548K, committed 97920K, reserved 1134592K
  class space    used 12428K, capacity 13316K, committed 13440K, reserved 1048576K
}
Event: 16.687 GC heap before
{Heap before GC invocations=44 (full 0):
 garbage-first heap   total 192512K, used 154828K [0x0000000080000000, 0x0000000100000000)
  region size 1024K, 49 young (50176K), 7 survivors (7168K)
 Metaspace       used 95681K, capacity 98231K, committed 98560K, reserved 1134592K
  class space    used 12531K, capacity 13485K, committed 13568K, reserved 1048576K
}
Event: 16.714 GC heap after
{Heap after GC invocations=45 (full 0):
 garbage-first heap   total 263168K, used 119291K [0x0000000080000000, 0x0000000100000000)
  region size 1024K, 7 young (7168K), 7 survivors (7168K)
 Metaspace       used 95681K, capacity 98231K, committed 98560K, reserved 1134592K
  class space    used 12531K, capacity 13485K, committed 13568K, reserved 1048576K
}
Event: 17.222 GC heap before
{Heap before GC invocations=46 (full 0):
 garbage-first heap   total 263168K, used 188923K [0x0000000080000000, 0x0000000100000000)
  region size 1024K, 73 young (74752K), 7 survivors (7168K)
 Metaspace       used 96462K, capacity 98987K, committed 99200K, reserved 1134592K
  class space    used 12643K, capacity 13626K, committed 13696K, reserved 1048576K
}
Event: 17.264 GC heap after
{Heap after GC invocations=47 (full 0):
 garbage-first heap   total 263168K, used 130660K [0x0000000080000000, 0x0000000100000000)
  region size 1024K, 10 young (10240K), 10 survivors (10240K)
 Metaspace       used 96462K, capacity 98987K, committed 99200K, reserved 1134592K
  class space    used 12643K, capacity 13626K, committed 13696K, reserved 1048576K
}
Event: 17.667 GC heap before
{Heap before GC invocations=47 (full 0):
 garbage-first heap   total 263168K, used 200292K [0x0000000080000000, 0x0000000100000000)
  region size 1024K, 78 young (79872K), 10 survivors (10240K)
 Metaspace       used 98590K, capacity 101179K, committed 101376K, reserved 1136640K
  class space    used 12975K, capacity 13995K, committed 14080K, reserved 1048576K
}
Event: 17.701 GC heap after
{Heap after GC invocations=48 (full 0):
 garbage-first heap   total 263168K, used 141823K [0x0000000080000000, 0x0000000100000000)
  region size 1024K, 10 young (10240K), 10 survivors (10240K)
 Metaspace       used 98590K, capacity 101179K, committed 101376K, reserved 1136640K
  class space    used 12975K, capacity 13995K, committed 14080K, reserved 1048576K
}
Event: 18.265 GC heap before
{Heap before GC invocations=49 (full 0):
 garbage-first heap   total 263168K, used 205311K [0x0000000080000000, 0x0000000100000000)
  region size 1024K, 72 young (73728K), 10 survivors (10240K)
 Metaspace       used 99855K, capacity 102473K, committed 102784K, reserved 1138688K
  class space    used 13116K, capacity 14094K, committed 14208K, reserved 1048576K
}
Event: 18.284 GC heap after
{Heap after GC invocations=50 (full 0):
 garbage-first heap   total 263168K, used 145034K [0x0000000080000000, 0x0000000100000000)
  region size 1024K, 3 young (3072K), 3 survivors (3072K)
 Metaspace       used 99855K, capacity 102473K, committed 102784K, reserved 1138688K
  class space    used 13116K, capacity 14094K, committed 14208K, reserved 1048576K
}
Event: 18.322 GC heap before
{Heap before GC invocations=50 (full 0):
 garbage-first heap   total 263168K, used 154250K [0x0000000080000000, 0x0000000100000000)
  region size 1024K, 12 young (12288K), 3 survivors (3072K)
 Metaspace       used 99916K, capacity 102498K, committed 102784K, reserved 1138688K
  class space    used 13121K, capacity 14102K, committed 14208K, reserved 1048576K
}

Deoptimization events (20 events):
Event: 17.849 Thread 0x0000021147313800 Uncommon trap: trap_request=0xffffff4d fr.pc=0x00000211354b274c relative=0x000000000000282c
Event: 17.849 Thread 0x0000021147313800 Uncommon trap: reason=unstable_if action=reinterpret pc=0x00000211354b274c method=java.util.TreeMap.put(Ljava/lang/Object;Ljava/lang/Object;)Ljava/lang/Object; @ 163 c2
Event: 17.849 Thread 0x0000021147313800 DEOPT PACKING pc=0x00000211354b274c sp=0x0000003f207f94d0
Event: 17.849 Thread 0x0000021147313800 DEOPT UNPACKING pc=0x000002112d6ba1af sp=0x0000003f207f9490 mode 2
Event: 17.894 Thread 0x000002114903e000 DEOPT PACKING pc=0x000002112f35d063 sp=0x0000003f21cf9630
Event: 17.894 Thread 0x000002114903e000 DEOPT UNPACKING pc=0x000002112d6ba95e sp=0x0000003f21cf8ac8 mode 0
Event: 17.926 Thread 0x00000211494a8800 DEOPT PACKING pc=0x000002112f2bfc53 sp=0x0000003f249f9b30
Event: 17.926 Thread 0x00000211494a8800 DEOPT UNPACKING pc=0x000002112d6ba95e sp=0x0000003f249f9010 mode 0
Event: 17.942 Thread 0x000002114903e000 Uncommon trap: trap_request=0xffffff4d fr.pc=0x0000021135535c6c relative=0x000000000000066c
Event: 17.942 Thread 0x000002114903e000 Uncommon trap: reason=unstable_if action=reinterpret pc=0x0000021135535c6c method=java.util.HashMap$HashIterator.<init>(Ljava/util/HashMap;)V @ 45 c2
Event: 17.942 Thread 0x000002114903e000 DEOPT PACKING pc=0x0000021135535c6c sp=0x0000003f21cf9ce0
Event: 17.942 Thread 0x000002114903e000 DEOPT UNPACKING pc=0x000002112d6ba1af sp=0x0000003f21cf9b68 mode 2
Event: 17.942 Thread 0x000002114903e000 Uncommon trap: trap_request=0xffffff4d fr.pc=0x00000211354c19f4 relative=0x0000000000000354
Event: 17.942 Thread 0x000002114903e000 Uncommon trap: reason=unstable_if action=reinterpret pc=0x00000211354c19f4 method=java.util.HashMap$HashIterator.<init>(Ljava/util/HashMap;)V @ 45 c2
Event: 17.942 Thread 0x000002114903e000 DEOPT PACKING pc=0x00000211354c19f4 sp=0x0000003f21cf9c10
Event: 17.942 Thread 0x000002114903e000 DEOPT UNPACKING pc=0x000002112d6ba1af sp=0x0000003f21cf9bc8 mode 2
Event: 18.215 Thread 0x0000021147313800 DEOPT PACKING pc=0x000002112f360d6b sp=0x0000003f207f9450
Event: 18.215 Thread 0x0000021147313800 DEOPT UNPACKING pc=0x000002112d6ba95e sp=0x0000003f207f88f8 mode 0
Event: 18.230 Thread 0x00000211494d9800 DEOPT PACKING pc=0x000002112f391275 sp=0x0000003f22ef9830
Event: 18.231 Thread 0x00000211494d9800 DEOPT UNPACKING pc=0x000002112d6ba95e sp=0x0000003f22ef8d30 mode 0

Classes redefined (0 events):
No events

Internal exceptions (20 events):
Event: 15.992 Thread 0x0000021147313800 Exception <a 'java/lang/IncompatibleClassChangeError'{0x000000008a04dc98}: Found class java.lang.Object, but interface was expected> (0x000000008a04dc98) thrown at [./src/hotspot/share/interpreter/linkResolver.cpp, line 839]
Event: 15.992 Thread 0x00000211494e1800 Exception <a 'java/lang/IncompatibleClassChangeError'{0x000000008a0b34a0}: Found class java.lang.Object, but interface was expected> (0x000000008a0b34a0) thrown at [./src/hotspot/share/interpreter/linkResolver.cpp, line 839]
Event: 15.992 Thread 0x000002114884d000 Exception <a 'java/lang/IncompatibleClassChangeError'{0x000000008a2db0d0}: Found class java.lang.Object, but interface was expected> (0x000000008a2db0d0) thrown at [./src/hotspot/share/interpreter/linkResolver.cpp, line 839]
Event: 15.992 Thread 0x00000211494d9800 Exception <a 'java/lang/IncompatibleClassChangeError'{0x000000008a009c40}: Found class java.lang.Object, but interface was expected> (0x000000008a009c40) thrown at [./src/hotspot/share/interpreter/linkResolver.cpp, line 839]
Event: 16.040 Thread 0x00000211469b0800 Exception <a 'java/lang/NoSuchMethodError'{0x00000000895628d8}: 'void java.lang.invoke.DirectMethodHandle$Holder.invokeStatic(java.lang.Object, long)'> (0x00000000895628d8) thrown at [./src/hotspot/share/interpreter/linkResolver.cpp, line 773]
Event: 16.045 Thread 0x00000211469b0800 Exception <a 'java/lang/NoSuchMethodError'{0x000000008956d4b8}: 'java.lang.Object java.lang.invoke.DirectMethodHandle$Holder.invokeStaticInit(java.lang.Object, java.lang.Object, long, java.lang.Object)'> (0x000000008956d4b8) thrown at [./src/hotspot/share/interpreter/linkResolver.cpp, line 773]
Event: 16.047 Thread 0x00000211469b0800 Exception <a 'java/lang/NoSuchMethodError'{0x00000000895736f8}: 'java.lang.Object java.lang.invoke.DirectMethodHandle$Holder.invokeStatic(java.lang.Object, java.lang.Object, long)'> (0x00000000895736f8) thrown at [./src/hotspot/share/interpreter/linkResolver.cpp, line 773]
Event: 16.048 Thread 0x00000211469b0800 Exception <a 'java/lang/NoSuchMethodError'{0x0000000089579c70}: 'java.lang.Object java.lang.invoke.Invokers$Holder.linkToTargetMethod(java.lang.Object, long, java.lang.Object)'> (0x0000000089579c70) thrown at [./src/hotspot/share/interpreter/linkResolver.cpp, line 773]
Event: 16.116 Thread 0x00000211469b1800 Exception <a 'java/lang/NoSuchMethodError'{0x0000000088cba0e0}: 'java.lang.Object java.lang.invoke.DirectMethodHandle$Holder.invokeVirtual(java.lang.Object, java.lang.Object, int)'> (0x0000000088cba0e0) thrown at [./src/hotspot/share/interpreter/linkResolver.cpp, line 773]
Event: 16.519 Thread 0x0000021147313800 Exception <a 'java/lang/NoSuchMethodError'{0x00000000890eba80}: 'java.lang.Object java.lang.invoke.DirectMethodHandle$Holder.invokeStatic(java.lang.Object, int, java.lang.Object, java.lang.Object)'> (0x00000000890eba80) thrown at [./src/hotspot/share/interpreter/linkResolver.cpp, line 773]
Event: 16.545 Thread 0x00000211494e1800 Exception <a 'java/lang/NoSuchMethodError'{0x0000000088df97d0}: 'java.lang.Object java.lang.invoke.DirectMethodHandle$Holder.invokeStatic(java.lang.Object, int, java.lang.Object, java.lang.Object)'> (0x0000000088df97d0) thrown at [./src/hotspot/share/interpreter/linkResolver.cpp, line 773]
Event: 16.961 Thread 0x000002114903e000 Implicit null exception at 0x00000211355bb9c8 to 0x00000211355bd5b4
Event: 17.114 Thread 0x0000021147313800 Exception <a 'java/lang/IncompatibleClassChangeError'{0x000000008d278a68}: Found class java.lang.Object, but interface was expected> (0x000000008d278a68) thrown at [./src/hotspot/share/interpreter/linkResolver.cpp, line 839]
Event: 17.115 Thread 0x00000211494d9800 Exception <a 'java/lang/IncompatibleClassChangeError'{0x000000008d2c78d8}: Found class java.lang.Object, but interface was expected> (0x000000008d2c78d8) thrown at [./src/hotspot/share/interpreter/linkResolver.cpp, line 839]
Event: 17.116 Thread 0x0000021147313800 Exception <a 'java/lang/IncompatibleClassChangeError'{0x000000008d12c828}: Found class java.lang.Object, but interface was expected> (0x000000008d12c828) thrown at [./src/hotspot/share/interpreter/linkResolver.cpp, line 839]
Event: 17.327 Thread 0x00000211494d9800 Exception <a 'java/lang/NoSuchMethodError'{0x000000008f4800a8}: 'void java.lang.invoke.DirectMethodHandle$Holder.invokeSpecial(java.lang.Object, java.lang.Object, int, java.lang.Object)'> (0x000000008f4800a8) thrown at [./src/hotspot/share/interpreter/linkResolver.cpp, line 773]
Event: 17.411 Thread 0x00000211469b0800 Exception <a 'java/lang/NoSuchMethodError'{0x000000008e02a818}: 'int java.lang.invoke.DirectMethodHandle$Holder.invokeSpecialIFC(java.lang.Object, java.lang.Object, java.lang.Object)'> (0x000000008e02a818) thrown at [./src/hotspot/share/interpreter/linkResolver.cpp, line 773]
Event: 17.535 Thread 0x00000211494e1800 Exception <a 'java/lang/NoSuchMethodError'{0x000000008cf97810}: 'java.lang.Object java.lang.invoke.DirectMethodHandle$Holder.newInvokeSpecial(java.lang.Object, int)'> (0x000000008cf97810) thrown at [./src/hotspot/share/interpreter/linkResolver.cpp, line 773]
Event: 17.535 Thread 0x00000211494d9800 Exception <a 'java/lang/NoSuchMethodError'{0x000000008cebca90}: 'java.lang.Object java.lang.invoke.DirectMethodHandle$Holder.newInvokeSpecial(java.lang.Object, int)'> (0x000000008cebca90) thrown at [./src/hotspot/share/interpreter/linkResolver.cpp, line 773]
Event: 17.535 Thread 0x000002114884d000 Exception <a 'java/lang/NoSuchMethodError'{0x000000008da3c308}: 'java.lang.Object java.lang.invoke.DirectMethodHandle$Holder.newInvokeSpecial(java.lang.Object, int)'> (0x000000008da3c308) thrown at [./src/hotspot/share/interpreter/linkResolver.cpp, line 773]

Events (20 events):
Event: 18.316 loading class com/android/tools/r8/internal/kV done
Event: 18.316 loading class com/android/tools/r8/code/W0
Event: 18.316 loading class com/android/tools/r8/code/W0 done
Event: 18.316 loading class com/android/tools/r8/code/W0
Event: 18.316 loading class com/android/tools/r8/code/W0 done
Event: 18.316 loading class com/android/tools/r8/code/W0
Event: 18.316 loading class com/android/tools/r8/code/W0 done
Event: 18.317 loading class com/android/tools/r8/code/W0
Event: 18.317 loading class com/android/tools/r8/code/W0 done
Event: 18.317 loading class com/android/tools/r8/code/W0
Event: 18.317 loading class com/android/tools/r8/code/W0 done
Event: 18.317 loading class com/android/tools/r8/code/W0
Event: 18.317 loading class com/android/tools/r8/code/W0 done
Event: 18.317 loading class com/android/tools/r8/code/W0
Event: 18.317 loading class com/android/tools/r8/code/W0 done
Event: 18.318 loading class com/android/tools/r8/code/W0
Event: 18.318 loading class com/android/tools/r8/code/W0 done
Event: 18.318 loading class com/android/tools/r8/code/W0
Event: 18.318 loading class com/android/tools/r8/code/W0 done
Event: 18.321 Executing VM operation: G1CollectForAllocation


Dynamic libraries:
0x00007ff6d46f0000 - 0x00007ff6d46fa000 	E:\Other App\Android Studio\jre\bin\java.exe
0x00007ffba6380000 - 0x00007ffba6589000 	C:\WINDOWS\SYSTEM32\ntdll.dll
0x00007ffba58d0000 - 0x00007ffba598d000 	C:\WINDOWS\System32\KERNEL32.DLL
0x00007ffba3e90000 - 0x00007ffba420d000 	C:\WINDOWS\System32\KERNELBASE.dll
0x00007ffba3c30000 - 0x00007ffba3d41000 	C:\WINDOWS\System32\ucrtbase.dll
0x00007ffb85c10000 - 0x00007ffb85c27000 	E:\Other App\Android Studio\jre\bin\VCRUNTIME140.dll
0x00007ffb85bf0000 - 0x00007ffb85c09000 	E:\Other App\Android Studio\jre\bin\jli.dll
0x00007ffba49d0000 - 0x00007ffba4b7d000 	C:\WINDOWS\System32\USER32.dll
0x00007ffba3980000 - 0x00007ffba39a6000 	C:\WINDOWS\System32\win32u.dll
0x00007ffba5bf0000 - 0x00007ffba5c19000 	C:\WINDOWS\System32\GDI32.dll
0x00007ffba3860000 - 0x00007ffba3978000 	C:\WINDOWS\System32\gdi32full.dll
0x00007ffb8c0d0000 - 0x00007ffb8c375000 	C:\WINDOWS\WinSxS\amd64_microsoft.windows.common-controls_6595b64144ccf1df_6.0.22000.120_none_9d947278b86cc467\COMCTL32.dll
0x00007ffba39b0000 - 0x00007ffba3a4d000 	C:\WINDOWS\System32\msvcp_win.dll
0x00007ffba5e40000 - 0x00007ffba5ee3000 	C:\WINDOWS\System32\msvcrt.dll
0x00007ffba50f0000 - 0x00007ffba5121000 	C:\WINDOWS\System32\IMM32.DLL
0x00007ffb6fe70000 - 0x00007ffb6ff0d000 	E:\Other App\Android Studio\jre\bin\msvcp140.dll
0x00007ffb51d80000 - 0x00007ffb52865000 	E:\Other App\Android Studio\jre\bin\server\jvm.dll
0x00007ffba5d10000 - 0x00007ffba5dbe000 	C:\WINDOWS\System32\ADVAPI32.dll
0x00007ffba5830000 - 0x00007ffba58ce000 	C:\WINDOWS\System32\sechost.dll
0x00007ffba6220000 - 0x00007ffba6340000 	C:\WINDOWS\System32\RPCRT4.dll
0x00007ffba5430000 - 0x00007ffba5438000 	C:\WINDOWS\System32\PSAPI.DLL
0x00007ffb8bca0000 - 0x00007ffb8bca9000 	C:\WINDOWS\SYSTEM32\WSOCK32.dll
0x00007ffb9f930000 - 0x00007ffb9f963000 	C:\WINDOWS\SYSTEM32\WINMM.dll
0x00007ffba5440000 - 0x00007ffba54af000 	C:\WINDOWS\System32\WS2_32.dll
0x00007ffb9bd80000 - 0x00007ffb9bd8a000 	C:\WINDOWS\SYSTEM32\VERSION.dll
0x00007ffba29d0000 - 0x00007ffba29e8000 	C:\WINDOWS\SYSTEM32\kernel.appcore.dll
0x00007ffba08a0000 - 0x00007ffba08b1000 	E:\Other App\Android Studio\jre\bin\verify.dll
0x00007ffba1290000 - 0x00007ffba14b1000 	C:\WINDOWS\SYSTEM32\DBGHELP.DLL
0x00007ffb93310000 - 0x00007ffb93341000 	C:\WINDOWS\SYSTEM32\dbgcore.DLL
0x00007ffba3e10000 - 0x00007ffba3e8f000 	C:\WINDOWS\System32\bcryptPrimitives.dll
0x00007ffb90640000 - 0x00007ffb90669000 	E:\Other App\Android Studio\jre\bin\java.dll
0x00007ffba0890000 - 0x00007ffba089b000 	E:\Other App\Android Studio\jre\bin\jimage.dll
0x00007ffb91160000 - 0x00007ffb91178000 	E:\Other App\Android Studio\jre\bin\zip.dll
0x00007ffba4210000 - 0x00007ffba49c8000 	C:\WINDOWS\System32\SHELL32.dll
0x00007ffba19d0000 - 0x00007ffba2238000 	C:\WINDOWS\SYSTEM32\windows.storage.dll
0x00007ffba54b0000 - 0x00007ffba5829000 	C:\WINDOWS\System32\combase.dll
0x00007ffba1860000 - 0x00007ffba19c6000 	C:\WINDOWS\SYSTEM32\wintypes.dll
0x00007ffba60d0000 - 0x00007ffba61ba000 	C:\WINDOWS\System32\SHCORE.dll
0x00007ffba5210000 - 0x00007ffba526d000 	C:\WINDOWS\System32\shlwapi.dll
0x00007ffba3790000 - 0x00007ffba37b1000 	C:\WINDOWS\SYSTEM32\profapi.dll
0x00007ffb90f30000 - 0x00007ffb90f4a000 	E:\Other App\Android Studio\jre\bin\net.dll
0x00007ffb9d4a0000 - 0x00007ffb9d5ac000 	C:\WINDOWS\SYSTEM32\WINHTTP.dll
0x00007ffba2e80000 - 0x00007ffba2ee7000 	C:\WINDOWS\system32\mswsock.dll
0x00007ffb8ee00000 - 0x00007ffb8ee14000 	E:\Other App\Android Studio\jre\bin\nio.dll
0x00007ffb75f30000 - 0x00007ffb75f57000 	C:\Users\putra\.gradle\native\e1d6ef7f7dcc3fd88c89a11ec53ec762bb8ba0a96d01ffa2cd45eb1d1d8dd5c5\windows-amd64\native-platform.dll
0x00007ffb6fd20000 - 0x00007ffb6fe64000 	C:\Users\putra\.gradle\native\5664cfc778a61ccfe75a443a1ab52a65af34e5dc3c78e0209fed803814484fcb\windows-amd64\native-platform-file-events.dll
0x00007ffba0870000 - 0x00007ffba087a000 	E:\Other App\Android Studio\jre\bin\management.dll
0x00007ffb9fab0000 - 0x00007ffb9fabd000 	E:\Other App\Android Studio\jre\bin\management_ext.dll
0x00007ffba30d0000 - 0x00007ffba30e8000 	C:\WINDOWS\SYSTEM32\CRYPTSP.dll
0x00007ffba2930000 - 0x00007ffba2965000 	C:\WINDOWS\system32\rsaenh.dll
0x00007ffba2f70000 - 0x00007ffba2f99000 	C:\WINDOWS\SYSTEM32\USERENV.dll
0x00007ffba3240000 - 0x00007ffba3267000 	C:\WINDOWS\SYSTEM32\bcrypt.dll
0x00007ffba30c0000 - 0x00007ffba30cc000 	C:\WINDOWS\SYSTEM32\CRYPTBASE.dll
0x00007ffba2490000 - 0x00007ffba24bd000 	C:\WINDOWS\SYSTEM32\IPHLPAPI.DLL
0x00007ffba5990000 - 0x00007ffba5999000 	C:\WINDOWS\System32\NSI.dll
0x00007ffb9d740000 - 0x00007ffb9d759000 	C:\WINDOWS\SYSTEM32\dhcpcsvc6.DLL
0x00007ffb9d7d0000 - 0x00007ffb9d7ee000 	C:\WINDOWS\SYSTEM32\dhcpcsvc.DLL
0x00007ffba2500000 - 0x00007ffba25e8000 	C:\WINDOWS\SYSTEM32\DNSAPI.dll

dbghelp: loaded successfully - version: 4.0.5 - missing functions: none
symbol engine: initialized successfully - sym options: 0x614 - pdb path: .;E:\Other App\Android Studio\jre\bin;C:\WINDOWS\SYSTEM32;C:\WINDOWS\WinSxS\amd64_microsoft.windows.common-controls_6595b64144ccf1df_6.0.22000.120_none_9d947278b86cc467;E:\Other App\Android Studio\jre\bin\server;C:\Users\putra\.gradle\native\e1d6ef7f7dcc3fd88c89a11ec53ec762bb8ba0a96d01ffa2cd45eb1d1d8dd5c5\windows-amd64;C:\Users\putra\.gradle\native\5664cfc778a61ccfe75a443a1ab52a65af34e5dc3c78e0209fed803814484fcb\windows-amd64

VM Arguments:
jvm_args: --add-opens=java.base/java.util=ALL-UNNAMED --add-opens=java.base/java.lang=ALL-UNNAMED --add-opens=java.base/java.lang.invoke=ALL-UNNAMED --add-opens=java.base/java.util=ALL-UNNAMED --add-opens=java.prefs/java.util.prefs=ALL-UNNAMED --add-opens=java.prefs/java.util.prefs=ALL-UNNAMED --add-opens=java.base/java.nio.charset=ALL-UNNAMED --add-opens=java.base/java.net=ALL-UNNAMED --add-opens=java.base/java.util.concurrent.atomic=ALL-UNNAMED -Xmx2048m -Dfile.encoding=UTF-8 -Duser.country=GB -Duser.language=en -Duser.variant 
java_command: org.gradle.launcher.daemon.bootstrap.GradleDaemon 7.3.3
java_class_path (initial): C:\Users\putra\.gradle\wrapper\dists\gradle-7.3.3-bin\6a41zxkdtcxs8rphpq6y0069z\gradle-7.3.3\lib\gradle-launcher-7.3.3.jar
Launcher Type: SUN_STANDARD

[Global flags]
     intx CICompilerCount                          = 4                                         {product} {ergonomic}
     uint ConcGCThreads                            = 2                                         {product} {ergonomic}
     uint G1ConcRefinementThreads                  = 8                                         {product} {ergonomic}
   size_t G1HeapRegionSize                         = 1048576                                   {product} {ergonomic}
    uintx GCDrainStackTargetSize                   = 64                                        {product} {ergonomic}
   size_t InitialHeapSize                          = 65011712                                  {product} {ergonomic}
   size_t MarkStackSize                            = 4194304                                   {product} {ergonomic}
   size_t MaxHeapSize                              = 2147483648                                {product} {command line}
   size_t MaxNewSize                               = 1287651328                                {product} {ergonomic}
   size_t MinHeapDeltaBytes                        = 1048576                                   {product} {ergonomic}
    uintx NonNMethodCodeHeapSize                   = 5836300                                {pd product} {ergonomic}
    uintx NonProfiledCodeHeapSize                  = 122910970                              {pd product} {ergonomic}
    uintx ProfiledCodeHeapSize                     = 122910970                              {pd product} {ergonomic}
    uintx ReservedCodeCacheSize                    = 251658240                              {pd product} {ergonomic}
     bool SegmentedCodeCache                       = true                                      {product} {ergonomic}
     bool UseCompressedClassPointers               = true                                 {lp64_product} {ergonomic}
     bool UseCompressedOops                        = true                                 {lp64_product} {ergonomic}
     bool UseG1GC                                  = true                                      {product} {ergonomic}
     bool UseLargePagesIndividualAllocation        = false                                  {pd product} {ergonomic}

Logging:
Log output configuration:
 #0: stdout all=warning uptime,level,tags
 #1: stderr all=off uptime,level,tags

Environment Variables:
PATH=C:\Program Files\Common Files\Oracle\Java\javapath;C:\Windows\system32;C:\Windows;C:\Windows\System32\Wbem;C:\Windows\System32\WindowsPowerShell\v1.0\;C:\Windows\System32\OpenSSH\;C:\Program Files (x86)\NVIDIA Corporation\PhysX\Common;C:\Program Files\Intel\WiFi\bin\;C:\Program Files\Common Files\Intel\WirelessCommon\;C:\WINDOWS\system32;C:\WINDOWS;C:\WINDOWS\System32\Wbem;C:\WINDOWS\System32\WindowsPowerShell\v1.0\;C:\WINDOWS\System32\OpenSSH\;E:\Other App\Git\cmd;C:\Users\putra\AppData\Local\Microsoft\WindowsApps;C:\adb;C:\Users\putra\AppData\Local\Programs\Python\Python310\Scripts\;C:\Users\putra\AppData\Local\Programs\Python\Python310\;C:\Users\putra\AppData\Local\Microsoft\WindowsApps;
USERNAME=Irvan Poetra
OS=Windows_NT
PROCESSOR_IDENTIFIER=Intel64 Family 6 Model 142 Stepping 12, GenuineIntel



---------------  S Y S T E M  ---------------

OS: Windows 10 , 64 bit Build 22000 (10.0.22000.708)
OS uptime: 2 days 1:12 hours

CPU:total 8 (initial active 8) (4 cores per cpu, 2 threads per core) family 6 model 142 stepping 12 microcode 0xde, cmov, cx8, fxsr, mmx, sse, sse2, sse3, ssse3, sse4.1, sse4.2, popcnt, avx, avx2, aes, clmul, erms, 3dnowpref, lzcnt, ht, tsc, tscinvbit, bmi1, bmi2, adx, fma

Memory: 4k page, system-wide physical 3946M (56M free)
TotalPageFile size 16234M (AvailPageFile size 113M)
current process WorkingSet (physical memory assigned to process): 501M, peak: 503M
current process commit charge ("private bytes"): 635M, peak: 815M

vm_info: OpenJDK 64-Bit Server VM (11.0.12+7-b1504.28-7817840) for windows-amd64 JRE (11.0.12+7-b1504.28-7817840), built on Oct 13 2021 22:12:33 by "builder" with MS VC++ 14.0 (VS2015)

END.
